18:33:59.270 INFO  cn.test.Test1[line:55] - Starting Test1 on DESKTOP-78VVBBB with PID 21336 (started by EXC in D:\Work\IDEA-workspace\street_light\electricity)
18:33:59.286 INFO  cn.test.Test1[line:655] - The following profiles are active: dev
18:34:01.783 INFO  o.s.d.r.c.RepositoryConfigurationDelegate[line:249] - Multiple Spring Data modules found, entering strict repository configuration mode!
18:34:01.787 INFO  o.s.d.r.c.RepositoryConfigurationDelegate[line:127] - Bootstrapping Spring Data Redis repositories in DEFAULT mode.
18:34:01.893 INFO  o.s.d.r.c.RepositoryConfigurationDelegate[line:187] - Finished Spring Data repository scanning in 74ms. Found 0 Redis repository interfaces.
18:34:04.827 INFO  o.s.b.w.e.tomcat.TomcatWebServer[line:92] - Tomcat initialized with port(s): 0 (http)
18:34:04.843 INFO  o.a.coyote.http11.Http11NioProtocol[line:173] - Initializing ProtocolHandler ["http-nio-auto-1"]
18:34:04.844 INFO  o.a.catalina.core.StandardService[line:173] - Starting service [Tomcat]
18:34:04.845 INFO  o.a.catalina.core.StandardEngine[line:173] - Starting Servlet engine: [Apache Tomcat/9.0.33]
18:34:05.006 INFO  o.a.c.c.C.[Tomcat].[localhost].[/][line:173] - Initializing Spring embedded WebApplicationContext
18:34:05.007 INFO  o.s.web.context.ContextLoader[line:284] - Root WebApplicationContext: initialization completed in 5650 ms
18:34:07.605 INFO  c.alibaba.druid.pool.DruidDataSource[line:1003] - {dataSource-1} inited
18:34:11.540 INFO  o.s.b.a.e.web.EndpointLinksResolver[line:58] - Exposing 2 endpoint(s) beneath base path '/actuator'
18:34:11.875 INFO  s.d.s.w.PropertySourcedRequestMappingHandlerMapping[line:69] - Mapped URL path [/v2/api-docs] onto method [springfox.documentation.swagger2.web.Swagger2Controller#getDocumentation(String, HttpServletRequest)]
18:34:12.608 INFO  o.s.s.c.ThreadPoolTaskExecutor[line:181] - Initializing ExecutorService 'applicationTaskExecutor'
18:34:13.937 INFO  org.quartz.impl.StdSchedulerFactory[line:1208] - Using default implementation for ThreadExecutor
18:34:13.964 INFO  o.quartz.core.SchedulerSignalerImpl[line:61] - Initialized Scheduler Signaller of type: class org.quartz.core.SchedulerSignalerImpl
18:34:13.965 INFO  org.quartz.core.QuartzScheduler[line:229] - Quartz Scheduler v.2.3.0 created.
18:34:13.967 INFO  org.quartz.simpl.RAMJobStore[line:155] - RAMJobStore initialized.
18:34:13.969 INFO  org.quartz.core.QuartzScheduler[line:294] - Scheduler meta-data: Quartz Scheduler (v2.3.0) 'quartzScheduler' with instanceId 'NON_CLUSTERED'
  Scheduler class: 'org.quartz.core.QuartzScheduler' - running locally.
  NOT STARTED.
  Currently in standby mode.
  Number of jobs executed: 0
  Using thread pool 'org.quartz.simpl.SimpleThreadPool' - with 10 threads.
  Using job-store 'org.quartz.simpl.RAMJobStore' - which does not support persistence. and is not clustered.

18:34:13.969 INFO  org.quartz.impl.StdSchedulerFactory[line:1362] - Quartz scheduler 'quartzScheduler' initialized from an externally provided properties instance.
18:34:13.970 INFO  org.quartz.impl.StdSchedulerFactory[line:1366] - Quartz scheduler version: 2.3.0
18:34:13.970 INFO  org.quartz.core.QuartzScheduler[line:2287] - JobFactory set to: org.springframework.scheduling.quartz.SpringBeanJobFactory@7e43b342
18:34:14.005 INFO  o.s.s.c.ThreadPoolTaskScheduler[line:181] - Initializing ExecutorService 'taskScheduler'
18:34:14.257 INFO  s.d.s.w.p.DocumentationPluginsBootstrapper[line:147] - Context refreshed
18:34:14.293 INFO  s.d.s.w.p.DocumentationPluginsBootstrapper[line:150] - Found 1 custom documentation plugin(s)
18:34:14.366 INFO  s.d.s.w.s.ApiListingReferenceScanner[line:41] - Scanning for api listing references
18:34:14.686 INFO  s.d.s.w.r.o.CachingOperationNameGenerator[line:40] - Generating unique operation named: listUsingGET_1
18:34:14.707 INFO  s.d.s.w.r.o.CachingOperationNameGenerator[line:40] - Generating unique operation named: listUsingGET_2
18:34:14.718 INFO  s.d.s.w.r.o.CachingOperationNameGenerator[line:40] - Generating unique operation named: updateUsingPUT_1
18:34:14.724 INFO  s.d.s.w.r.o.CachingOperationNameGenerator[line:40] - Generating unique operation named: listUsingGET_3
18:34:14.728 INFO  s.d.s.w.r.o.CachingOperationNameGenerator[line:40] - Generating unique operation named: listUsingGET_4
18:34:14.739 INFO  s.d.s.w.r.o.CachingOperationNameGenerator[line:40] - Generating unique operation named: addUsingPOST_1
18:34:14.757 INFO  s.d.s.w.r.o.CachingOperationNameGenerator[line:40] - Generating unique operation named: deleteUsingDELETE_1
18:34:14.764 INFO  s.d.s.w.r.o.CachingOperationNameGenerator[line:40] - Generating unique operation named: listUsingGET_5
18:34:14.769 INFO  s.d.s.w.r.o.CachingOperationNameGenerator[line:40] - Generating unique operation named: listUsingGET_6
18:34:14.778 INFO  s.d.s.w.r.o.CachingOperationNameGenerator[line:40] - Generating unique operation named: updateUsingPUT_2
18:34:14.779 INFO  s.d.s.w.r.o.CachingOperationNameGenerator[line:40] - Generating unique operation named: listUsingGET_7
18:34:14.791 INFO  s.d.s.w.r.o.CachingOperationNameGenerator[line:40] - Generating unique operation named: addUsingPOST_2
18:34:14.797 INFO  s.d.s.w.r.o.CachingOperationNameGenerator[line:40] - Generating unique operation named: addSiteUsingPOST_1
18:34:14.810 INFO  s.d.s.w.r.o.CachingOperationNameGenerator[line:40] - Generating unique operation named: deleteUsingDELETE_2
18:34:14.814 INFO  s.d.s.w.r.o.CachingOperationNameGenerator[line:40] - Generating unique operation named: listUsingGET_8
18:34:14.826 INFO  s.d.s.w.r.o.CachingOperationNameGenerator[line:40] - Generating unique operation named: addUsingPOST_3
18:34:14.827 INFO  s.d.s.w.r.o.CachingOperationNameGenerator[line:40] - Generating unique operation named: deleteUsingDELETE_3
18:34:14.835 INFO  s.d.s.w.r.o.CachingOperationNameGenerator[line:40] - Generating unique operation named: listUsingGET_9
18:34:14.839 INFO  s.d.s.w.r.o.CachingOperationNameGenerator[line:40] - Generating unique operation named: updateUsingPUT_3
18:34:14.846 INFO  s.d.s.w.r.o.CachingOperationNameGenerator[line:40] - Generating unique operation named: addUsingPOST_4
18:34:14.854 INFO  s.d.s.w.r.o.CachingOperationNameGenerator[line:40] - Generating unique operation named: batchImportUsingPOST_1
18:34:14.858 INFO  s.d.s.w.r.o.CachingOperationNameGenerator[line:40] - Generating unique operation named: deleteUsingDELETE_4
18:34:14.866 INFO  s.d.s.w.r.o.CachingOperationNameGenerator[line:40] - Generating unique operation named: detailUsingGET_1
18:34:14.885 INFO  s.d.s.w.r.o.CachingOperationNameGenerator[line:40] - Generating unique operation named: listUsingGET_10
18:34:14.900 INFO  s.d.s.w.r.o.CachingOperationNameGenerator[line:40] - Generating unique operation named: updateUsingPUT_4
18:34:14.921 INFO  o.s.s.quartz.SchedulerFactoryBean[line:727] - Starting Quartz Scheduler now
18:34:14.921 INFO  org.quartz.core.QuartzScheduler[line:547] - Scheduler quartzScheduler_$_NON_CLUSTERED started.
18:34:14.949 INFO  o.a.coyote.http11.Http11NioProtocol[line:173] - Starting ProtocolHandler ["http-nio-auto-1"]
18:34:14.996 INFO  o.s.b.w.e.tomcat.TomcatWebServer[line:204] - Tomcat started on port(s): 57729 (http) with context path ''
18:34:15.000 INFO  cn.test.Test1[line:61] - Started Test1 in 16.544 seconds (JVM running for 18.078)
18:34:15.767 INFO  org.quartz.core.QuartzScheduler[line:585] - Scheduler quartzScheduler_$_NON_CLUSTERED paused.
18:34:15.770 INFO  o.s.s.c.ThreadPoolTaskScheduler[line:218] - Shutting down ExecutorService 'taskScheduler'
18:34:15.771 INFO  o.s.s.quartz.SchedulerFactoryBean[line:845] - Shutting down Quartz Scheduler
18:34:15.773 INFO  org.quartz.core.QuartzScheduler[line:666] - Scheduler quartzScheduler_$_NON_CLUSTERED shutting down.
18:34:15.773 INFO  org.quartz.core.QuartzScheduler[line:585] - Scheduler quartzScheduler_$_NON_CLUSTERED paused.
18:34:15.774 INFO  org.quartz.core.QuartzScheduler[line:740] - Scheduler quartzScheduler_$_NON_CLUSTERED shutdown complete.
18:34:15.776 INFO  o.s.s.c.ThreadPoolTaskExecutor[line:218] - Shutting down ExecutorService 'applicationTaskExecutor'
18:34:15.826 INFO  c.alibaba.druid.pool.DruidDataSource[line:1948] - {dataSource-1} closing ...
18:34:15.841 INFO  c.alibaba.druid.pool.DruidDataSource[line:2020] - {dataSource-1} closed
18:34:16.020 INFO  c.e.s.l.e.netty.MessageRecvExecutor[line:105] - Netty EXC Server start success port:63330

18:43:26.107 INFO  cn.test.Test1[line:55] - Starting Test1 on DESKTOP-78VVBBB with PID 8720 (started by EXC in D:\Work\IDEA-workspace\street_light\electricity)
18:43:26.108 INFO  cn.test.Test1[line:655] - The following profiles are active: dev
18:43:29.603 INFO  o.s.d.r.c.RepositoryConfigurationDelegate[line:249] - Multiple Spring Data modules found, entering strict repository configuration mode!
18:43:29.608 INFO  o.s.d.r.c.RepositoryConfigurationDelegate[line:127] - Bootstrapping Spring Data Redis repositories in DEFAULT mode.
18:43:29.872 INFO  o.s.d.r.c.RepositoryConfigurationDelegate[line:187] - Finished Spring Data repository scanning in 204ms. Found 0 Redis repository interfaces.
18:43:33.246 INFO  o.s.b.w.e.tomcat.TomcatWebServer[line:92] - Tomcat initialized with port(s): 0 (http)
18:43:33.330 INFO  o.a.coyote.http11.Http11NioProtocol[line:173] - Initializing ProtocolHandler ["http-nio-auto-1"]
18:43:33.333 INFO  o.a.catalina.core.StandardService[line:173] - Starting service [Tomcat]
18:43:33.333 INFO  o.a.catalina.core.StandardEngine[line:173] - Starting Servlet engine: [Apache Tomcat/9.0.33]
18:43:33.837 INFO  o.a.c.c.C.[Tomcat].[localhost].[/][line:173] - Initializing Spring embedded WebApplicationContext
18:43:33.838 INFO  o.s.web.context.ContextLoader[line:284] - Root WebApplicationContext: initialization completed in 7653 ms
18:43:36.874 INFO  c.alibaba.druid.pool.DruidDataSource[line:1003] - {dataSource-1} inited
18:43:42.661 INFO  o.s.b.a.e.web.EndpointLinksResolver[line:58] - Exposing 2 endpoint(s) beneath base path '/actuator'
18:43:43.309 INFO  s.d.s.w.PropertySourcedRequestMappingHandlerMapping[line:69] - Mapped URL path [/v2/api-docs] onto method [springfox.documentation.swagger2.web.Swagger2Controller#getDocumentation(String, HttpServletRequest)]
18:43:44.027 INFO  o.s.s.c.ThreadPoolTaskExecutor[line:181] - Initializing ExecutorService 'applicationTaskExecutor'
18:43:46.756 INFO  org.quartz.impl.StdSchedulerFactory[line:1208] - Using default implementation for ThreadExecutor
18:43:46.787 INFO  o.quartz.core.SchedulerSignalerImpl[line:61] - Initialized Scheduler Signaller of type: class org.quartz.core.SchedulerSignalerImpl
18:43:46.788 INFO  org.quartz.core.QuartzScheduler[line:229] - Quartz Scheduler v.2.3.0 created.
18:43:46.792 INFO  org.quartz.simpl.RAMJobStore[line:155] - RAMJobStore initialized.
18:43:46.795 INFO  org.quartz.core.QuartzScheduler[line:294] - Scheduler meta-data: Quartz Scheduler (v2.3.0) 'quartzScheduler' with instanceId 'NON_CLUSTERED'
  Scheduler class: 'org.quartz.core.QuartzScheduler' - running locally.
  NOT STARTED.
  Currently in standby mode.
  Number of jobs executed: 0
  Using thread pool 'org.quartz.simpl.SimpleThreadPool' - with 10 threads.
  Using job-store 'org.quartz.simpl.RAMJobStore' - which does not support persistence. and is not clustered.

18:43:46.796 INFO  org.quartz.impl.StdSchedulerFactory[line:1362] - Quartz scheduler 'quartzScheduler' initialized from an externally provided properties instance.
18:43:46.797 INFO  org.quartz.impl.StdSchedulerFactory[line:1366] - Quartz scheduler version: 2.3.0
18:43:46.798 INFO  org.quartz.core.QuartzScheduler[line:2287] - JobFactory set to: org.springframework.scheduling.quartz.SpringBeanJobFactory@35b58254
18:43:46.833 INFO  o.s.s.c.ThreadPoolTaskScheduler[line:181] - Initializing ExecutorService 'taskScheduler'
18:43:47.019 INFO  s.d.s.w.p.DocumentationPluginsBootstrapper[line:147] - Context refreshed
18:43:47.075 INFO  s.d.s.w.p.DocumentationPluginsBootstrapper[line:150] - Found 1 custom documentation plugin(s)
18:43:47.212 INFO  s.d.s.w.s.ApiListingReferenceScanner[line:41] - Scanning for api listing references
18:43:47.673 INFO  s.d.s.w.r.o.CachingOperationNameGenerator[line:40] - Generating unique operation named: listUsingGET_1
18:43:47.697 INFO  s.d.s.w.r.o.CachingOperationNameGenerator[line:40] - Generating unique operation named: listUsingGET_2
18:43:47.713 INFO  s.d.s.w.r.o.CachingOperationNameGenerator[line:40] - Generating unique operation named: updateUsingPUT_1
18:43:47.716 INFO  s.d.s.w.r.o.CachingOperationNameGenerator[line:40] - Generating unique operation named: listUsingGET_3
18:43:47.718 INFO  s.d.s.w.r.o.CachingOperationNameGenerator[line:40] - Generating unique operation named: listUsingGET_4
18:43:47.772 INFO  s.d.s.w.r.o.CachingOperationNameGenerator[line:40] - Generating unique operation named: addUsingPOST_1
18:43:47.795 INFO  s.d.s.w.r.o.CachingOperationNameGenerator[line:40] - Generating unique operation named: deleteUsingDELETE_1
18:43:47.804 INFO  s.d.s.w.r.o.CachingOperationNameGenerator[line:40] - Generating unique operation named: listUsingGET_5
18:43:47.816 INFO  s.d.s.w.r.o.CachingOperationNameGenerator[line:40] - Generating unique operation named: listUsingGET_6
18:43:47.844 INFO  s.d.s.w.r.o.CachingOperationNameGenerator[line:40] - Generating unique operation named: updateUsingPUT_2
18:43:47.846 INFO  s.d.s.w.r.o.CachingOperationNameGenerator[line:40] - Generating unique operation named: listUsingGET_7
18:43:47.860 INFO  s.d.s.w.r.o.CachingOperationNameGenerator[line:40] - Generating unique operation named: addUsingPOST_2
18:43:47.873 INFO  s.d.s.w.r.o.CachingOperationNameGenerator[line:40] - Generating unique operation named: addSiteUsingPOST_1
18:43:47.936 INFO  s.d.s.w.r.o.CachingOperationNameGenerator[line:40] - Generating unique operation named: deleteUsingDELETE_2
18:43:47.940 INFO  s.d.s.w.r.o.CachingOperationNameGenerator[line:40] - Generating unique operation named: listUsingGET_8
18:43:47.973 INFO  s.d.s.w.r.o.CachingOperationNameGenerator[line:40] - Generating unique operation named: addUsingPOST_3
18:43:47.986 INFO  s.d.s.w.r.o.CachingOperationNameGenerator[line:40] - Generating unique operation named: deleteUsingDELETE_3
18:43:48.002 INFO  s.d.s.w.r.o.CachingOperationNameGenerator[line:40] - Generating unique operation named: listUsingGET_9
18:43:48.007 INFO  s.d.s.w.r.o.CachingOperationNameGenerator[line:40] - Generating unique operation named: updateUsingPUT_3
18:43:48.052 INFO  s.d.s.w.r.o.CachingOperationNameGenerator[line:40] - Generating unique operation named: addUsingPOST_4
18:43:48.060 INFO  s.d.s.w.r.o.CachingOperationNameGenerator[line:40] - Generating unique operation named: batchImportUsingPOST_1
18:43:48.095 INFO  s.d.s.w.r.o.CachingOperationNameGenerator[line:40] - Generating unique operation named: deleteUsingDELETE_4
18:43:48.102 INFO  s.d.s.w.r.o.CachingOperationNameGenerator[line:40] - Generating unique operation named: detailUsingGET_1
18:43:48.146 INFO  s.d.s.w.r.o.CachingOperationNameGenerator[line:40] - Generating unique operation named: listUsingGET_10
18:43:48.183 INFO  s.d.s.w.r.o.CachingOperationNameGenerator[line:40] - Generating unique operation named: updateUsingPUT_4
18:43:48.202 INFO  o.s.s.quartz.SchedulerFactoryBean[line:727] - Starting Quartz Scheduler now
18:43:48.202 INFO  org.quartz.core.QuartzScheduler[line:547] - Scheduler quartzScheduler_$_NON_CLUSTERED started.
18:43:48.249 INFO  o.a.coyote.http11.Http11NioProtocol[line:173] - Starting ProtocolHandler ["http-nio-auto-1"]
18:43:48.297 INFO  o.s.b.w.e.tomcat.TomcatWebServer[line:204] - Tomcat started on port(s): 58888 (http) with context path ''
18:43:48.301 INFO  cn.test.Test1[line:61] - Started Test1 in 22.93 seconds (JVM running for 24.96)
18:43:48.719 INFO  org.quartz.core.QuartzScheduler[line:585] - Scheduler quartzScheduler_$_NON_CLUSTERED paused.
18:43:48.722 INFO  o.s.s.c.ThreadPoolTaskScheduler[line:218] - Shutting down ExecutorService 'taskScheduler'
18:43:48.724 INFO  o.s.s.quartz.SchedulerFactoryBean[line:845] - Shutting down Quartz Scheduler
18:43:48.724 INFO  org.quartz.core.QuartzScheduler[line:666] - Scheduler quartzScheduler_$_NON_CLUSTERED shutting down.
18:43:48.724 INFO  org.quartz.core.QuartzScheduler[line:585] - Scheduler quartzScheduler_$_NON_CLUSTERED paused.
18:43:48.726 INFO  org.quartz.core.QuartzScheduler[line:740] - Scheduler quartzScheduler_$_NON_CLUSTERED shutdown complete.
18:43:48.729 INFO  o.s.s.c.ThreadPoolTaskExecutor[line:218] - Shutting down ExecutorService 'applicationTaskExecutor'
18:43:48.766 INFO  c.alibaba.druid.pool.DruidDataSource[line:1948] - {dataSource-1} closing ...
18:43:48.777 INFO  c.alibaba.druid.pool.DruidDataSource[line:2020] - {dataSource-1} closed
