12:28:07.525 INFO  cn.test.Test1[line:55] - Starting Test1 on DESKTOP-78VVBBB with PID 3496 (started by EXC in D:\Work\IDEA-workspace\street_light\electricity)
12:28:07.534 INFO  cn.test.Test1[line:655] - The following profiles are active: dev
12:28:09.114 INFO  o.s.d.r.c.RepositoryConfigurationDelegate[line:249] - Multiple Spring Data modules found, entering strict repository configuration mode!
12:28:09.118 INFO  o.s.d.r.c.RepositoryConfigurationDelegate[line:127] - Bootstrapping Spring Data Redis repositories in DEFAULT mode.
12:28:09.204 INFO  o.s.d.r.c.RepositoryConfigurationDelegate[line:187] - Finished Spring Data repository scanning in 67ms. Found 0 Redis repository interfaces.
12:28:11.837 INFO  o.s.b.w.e.tomcat.TomcatWebServer[line:92] - Tomcat initialized with port(s): 0 (http)
12:28:11.855 INFO  o.a.coyote.http11.Http11NioProtocol[line:173] - Initializing ProtocolHandler ["http-nio-auto-1"]
12:28:11.856 INFO  o.a.catalina.core.StandardService[line:173] - Starting service [Tomcat]
12:28:11.857 INFO  o.a.catalina.core.StandardEngine[line:173] - Starting Servlet engine: [Apache Tomcat/9.0.33]
12:28:12.005 INFO  o.a.c.c.C.[Tomcat].[localhost].[/][line:173] - Initializing Spring embedded WebApplicationContext
12:28:12.006 INFO  o.s.web.context.ContextLoader[line:284] - Root WebApplicationContext: initialization completed in 4426 ms
12:28:13.756 INFO  c.alibaba.druid.pool.DruidDataSource[line:1003] - {dataSource-1} inited
12:28:16.976 INFO  o.s.b.a.e.web.EndpointLinksResolver[line:58] - Exposing 2 endpoint(s) beneath base path '/actuator'
12:28:17.225 INFO  s.d.s.w.PropertySourcedRequestMappingHandlerMapping[line:69] - Mapped URL path [/v2/api-docs] onto method [springfox.documentation.swagger2.web.Swagger2Controller#getDocumentation(String, HttpServletRequest)]
12:28:17.740 INFO  o.s.s.c.ThreadPoolTaskExecutor[line:181] - Initializing ExecutorService 'applicationTaskExecutor'
12:28:18.790 INFO  org.quartz.impl.StdSchedulerFactory[line:1208] - Using default implementation for ThreadExecutor
12:28:18.820 INFO  o.quartz.core.SchedulerSignalerImpl[line:61] - Initialized Scheduler Signaller of type: class org.quartz.core.SchedulerSignalerImpl
12:28:18.822 INFO  org.quartz.core.QuartzScheduler[line:229] - Quartz Scheduler v.2.3.0 created.
12:28:18.824 INFO  org.quartz.simpl.RAMJobStore[line:155] - RAMJobStore initialized.
12:28:18.830 INFO  org.quartz.core.QuartzScheduler[line:294] - Scheduler meta-data: Quartz Scheduler (v2.3.0) 'quartzScheduler' with instanceId 'NON_CLUSTERED'
  Scheduler class: 'org.quartz.core.QuartzScheduler' - running locally.
  NOT STARTED.
  Currently in standby mode.
  Number of jobs executed: 0
  Using thread pool 'org.quartz.simpl.SimpleThreadPool' - with 10 threads.
  Using job-store 'org.quartz.simpl.RAMJobStore' - which does not support persistence. and is not clustered.

12:28:18.834 INFO  org.quartz.impl.StdSchedulerFactory[line:1362] - Quartz scheduler 'quartzScheduler' initialized from an externally provided properties instance.
12:28:18.835 INFO  org.quartz.impl.StdSchedulerFactory[line:1366] - Quartz scheduler version: 2.3.0
12:28:18.841 INFO  org.quartz.core.QuartzScheduler[line:2287] - JobFactory set to: org.springframework.scheduling.quartz.SpringBeanJobFactory@35b58254
12:28:18.881 INFO  o.s.s.c.ThreadPoolTaskScheduler[line:181] - Initializing ExecutorService 'taskScheduler'
12:28:19.059 INFO  s.d.s.w.p.DocumentationPluginsBootstrapper[line:147] - Context refreshed
12:28:19.095 INFO  s.d.s.w.p.DocumentationPluginsBootstrapper[line:150] - Found 1 custom documentation plugin(s)
12:28:19.192 INFO  s.d.s.w.s.ApiListingReferenceScanner[line:41] - Scanning for api listing references
12:28:19.439 INFO  s.d.s.w.r.o.CachingOperationNameGenerator[line:40] - Generating unique operation named: listUsingGET_1
12:28:19.455 INFO  s.d.s.w.r.o.CachingOperationNameGenerator[line:40] - Generating unique operation named: listUsingGET_2
12:28:19.466 INFO  s.d.s.w.r.o.CachingOperationNameGenerator[line:40] - Generating unique operation named: updateUsingPUT_1
12:28:19.468 INFO  s.d.s.w.r.o.CachingOperationNameGenerator[line:40] - Generating unique operation named: listUsingGET_3
12:28:19.470 INFO  s.d.s.w.r.o.CachingOperationNameGenerator[line:40] - Generating unique operation named: listUsingGET_4
12:28:19.492 INFO  s.d.s.w.r.o.CachingOperationNameGenerator[line:40] - Generating unique operation named: addUsingPOST_1
12:28:19.508 INFO  s.d.s.w.r.o.CachingOperationNameGenerator[line:40] - Generating unique operation named: deleteUsingDELETE_1
12:28:19.516 INFO  s.d.s.w.r.o.CachingOperationNameGenerator[line:40] - Generating unique operation named: listUsingGET_5
12:28:19.522 INFO  s.d.s.w.r.o.CachingOperationNameGenerator[line:40] - Generating unique operation named: listUsingGET_6
12:28:19.530 INFO  s.d.s.w.r.o.CachingOperationNameGenerator[line:40] - Generating unique operation named: updateUsingPUT_2
12:28:19.531 INFO  s.d.s.w.r.o.CachingOperationNameGenerator[line:40] - Generating unique operation named: listUsingGET_7
12:28:19.542 INFO  s.d.s.w.r.o.CachingOperationNameGenerator[line:40] - Generating unique operation named: addUsingPOST_2
12:28:19.547 INFO  s.d.s.w.r.o.CachingOperationNameGenerator[line:40] - Generating unique operation named: addSiteUsingPOST_1
12:28:19.561 INFO  s.d.s.w.r.o.CachingOperationNameGenerator[line:40] - Generating unique operation named: deleteUsingDELETE_2
12:28:19.564 INFO  s.d.s.w.r.o.CachingOperationNameGenerator[line:40] - Generating unique operation named: listUsingGET_8
12:28:19.577 INFO  s.d.s.w.r.o.CachingOperationNameGenerator[line:40] - Generating unique operation named: addUsingPOST_3
12:28:19.579 INFO  s.d.s.w.r.o.CachingOperationNameGenerator[line:40] - Generating unique operation named: deleteUsingDELETE_3
12:28:19.584 INFO  s.d.s.w.r.o.CachingOperationNameGenerator[line:40] - Generating unique operation named: listUsingGET_9
12:28:19.588 INFO  s.d.s.w.r.o.CachingOperationNameGenerator[line:40] - Generating unique operation named: updateUsingPUT_3
12:28:19.594 INFO  s.d.s.w.r.o.CachingOperationNameGenerator[line:40] - Generating unique operation named: addUsingPOST_4
12:28:19.601 INFO  s.d.s.w.r.o.CachingOperationNameGenerator[line:40] - Generating unique operation named: batchImportUsingPOST_1
12:28:19.606 INFO  s.d.s.w.r.o.CachingOperationNameGenerator[line:40] - Generating unique operation named: deleteUsingDELETE_4
12:28:19.610 INFO  s.d.s.w.r.o.CachingOperationNameGenerator[line:40] - Generating unique operation named: detailUsingGET_1
12:28:19.628 INFO  s.d.s.w.r.o.CachingOperationNameGenerator[line:40] - Generating unique operation named: listUsingGET_10
12:28:19.645 INFO  s.d.s.w.r.o.CachingOperationNameGenerator[line:40] - Generating unique operation named: updateUsingPUT_4
12:28:19.671 INFO  o.s.s.quartz.SchedulerFactoryBean[line:727] - Starting Quartz Scheduler now
12:28:19.672 INFO  org.quartz.core.QuartzScheduler[line:547] - Scheduler quartzScheduler_$_NON_CLUSTERED started.
12:28:19.693 INFO  o.a.coyote.http11.Http11NioProtocol[line:173] - Starting ProtocolHandler ["http-nio-auto-1"]
12:28:19.739 INFO  o.s.b.w.e.tomcat.TomcatWebServer[line:204] - Tomcat started on port(s): 50953 (http) with context path ''
12:28:19.748 INFO  cn.test.Test1[line:61] - Started Test1 in 12.879 seconds (JVM running for 14.306)
12:28:20.289 INFO  org.quartz.core.QuartzScheduler[line:585] - Scheduler quartzScheduler_$_NON_CLUSTERED paused.
12:28:20.293 INFO  o.s.s.c.ThreadPoolTaskScheduler[line:218] - Shutting down ExecutorService 'taskScheduler'
12:28:20.295 INFO  o.s.s.quartz.SchedulerFactoryBean[line:845] - Shutting down Quartz Scheduler
12:28:20.295 INFO  org.quartz.core.QuartzScheduler[line:666] - Scheduler quartzScheduler_$_NON_CLUSTERED shutting down.
12:28:20.296 INFO  org.quartz.core.QuartzScheduler[line:585] - Scheduler quartzScheduler_$_NON_CLUSTERED paused.
12:28:20.297 INFO  org.quartz.core.QuartzScheduler[line:740] - Scheduler quartzScheduler_$_NON_CLUSTERED shutdown complete.
12:28:20.300 INFO  o.s.s.c.ThreadPoolTaskExecutor[line:218] - Shutting down ExecutorService 'applicationTaskExecutor'
12:28:20.330 INFO  c.alibaba.druid.pool.DruidDataSource[line:1948] - {dataSource-1} closing ...
12:28:20.402 INFO  c.alibaba.druid.pool.DruidDataSource[line:2020] - {dataSource-1} closed
