17:01:24.250 INFO  cn.test.Test1[line:55] - Starting Test1 on DESKTOP-78VVBBB with PID 5480 (started by EXC in D:\Work\IDEA-workspace\street_light\electricity)
17:01:24.393 INFO  cn.test.Test1[line:655] - The following profiles are active: dev
17:01:27.680 INFO  o.s.d.r.c.RepositoryConfigurationDelegate[line:249] - Multiple Spring Data modules found, entering strict repository configuration mode!
17:01:27.688 INFO  o.s.d.r.c.RepositoryConfigurationDelegate[line:127] - Bootstrapping Spring Data Redis repositories in DEFAULT mode.
17:01:27.826 INFO  o.s.d.r.c.RepositoryConfigurationDelegate[line:187] - Finished Spring Data repository scanning in 101ms. Found 0 Redis repository interfaces.
17:01:32.060 INFO  o.s.b.w.e.tomcat.TomcatWebServer[line:92] - Tomcat initialized with port(s): 0 (http)
17:01:32.085 INFO  o.a.coyote.http11.Http11NioProtocol[line:173] - Initializing ProtocolHandler ["http-nio-auto-1"]
17:01:32.088 INFO  o.a.catalina.core.StandardService[line:173] - Starting service [Tomcat]
17:01:32.089 INFO  o.a.catalina.core.StandardEngine[line:173] - Starting Servlet engine: [Apache Tomcat/9.0.33]
17:01:32.282 INFO  o.a.c.c.C.[Tomcat].[localhost].[/][line:173] - Initializing Spring embedded WebApplicationContext
17:01:32.284 INFO  o.s.web.context.ContextLoader[line:284] - Root WebApplicationContext: initialization completed in 7835 ms
17:01:34.179 INFO  c.alibaba.druid.pool.DruidDataSource[line:1003] - {dataSource-1} inited
17:01:42.870 INFO  o.s.b.a.e.web.EndpointLinksResolver[line:58] - Exposing 2 endpoint(s) beneath base path '/actuator'
17:01:43.384 INFO  s.d.s.w.PropertySourcedRequestMappingHandlerMapping[line:69] - Mapped URL path [/v2/api-docs] onto method [springfox.documentation.swagger2.web.Swagger2Controller#getDocumentation(String, HttpServletRequest)]
17:01:44.637 INFO  o.s.s.c.ThreadPoolTaskExecutor[line:181] - Initializing ExecutorService 'applicationTaskExecutor'
17:01:48.335 INFO  org.quartz.impl.StdSchedulerFactory[line:1208] - Using default implementation for ThreadExecutor
17:01:48.432 INFO  o.quartz.core.SchedulerSignalerImpl[line:61] - Initialized Scheduler Signaller of type: class org.quartz.core.SchedulerSignalerImpl
17:01:48.448 INFO  org.quartz.core.QuartzScheduler[line:229] - Quartz Scheduler v.2.3.0 created.
17:01:48.450 INFO  org.quartz.simpl.RAMJobStore[line:155] - RAMJobStore initialized.
17:01:48.520 INFO  org.quartz.core.QuartzScheduler[line:294] - Scheduler meta-data: Quartz Scheduler (v2.3.0) 'quartzScheduler' with instanceId 'NON_CLUSTERED'
  Scheduler class: 'org.quartz.core.QuartzScheduler' - running locally.
  NOT STARTED.
  Currently in standby mode.
  Number of jobs executed: 0
  Using thread pool 'org.quartz.simpl.SimpleThreadPool' - with 10 threads.
  Using job-store 'org.quartz.simpl.RAMJobStore' - which does not support persistence. and is not clustered.

17:01:48.523 INFO  org.quartz.impl.StdSchedulerFactory[line:1362] - Quartz scheduler 'quartzScheduler' initialized from an externally provided properties instance.
17:01:48.530 INFO  org.quartz.impl.StdSchedulerFactory[line:1366] - Quartz scheduler version: 2.3.0
17:01:48.531 INFO  org.quartz.core.QuartzScheduler[line:2287] - JobFactory set to: org.springframework.scheduling.quartz.SpringBeanJobFactory@f575d2b
17:01:48.632 INFO  o.s.s.c.ThreadPoolTaskScheduler[line:181] - Initializing ExecutorService 'taskScheduler'
17:01:48.915 INFO  s.d.s.w.p.DocumentationPluginsBootstrapper[line:147] - Context refreshed
17:01:48.964 INFO  s.d.s.w.p.DocumentationPluginsBootstrapper[line:150] - Found 1 custom documentation plugin(s)
17:01:49.074 INFO  s.d.s.w.s.ApiListingReferenceScanner[line:41] - Scanning for api listing references
17:01:49.492 INFO  s.d.s.w.r.o.CachingOperationNameGenerator[line:40] - Generating unique operation named: listUsingGET_1
17:01:49.515 INFO  s.d.s.w.r.o.CachingOperationNameGenerator[line:40] - Generating unique operation named: listUsingGET_2
17:01:49.528 INFO  s.d.s.w.r.o.CachingOperationNameGenerator[line:40] - Generating unique operation named: updateUsingPUT_1
17:01:49.531 INFO  s.d.s.w.r.o.CachingOperationNameGenerator[line:40] - Generating unique operation named: listUsingGET_3
17:01:49.534 INFO  s.d.s.w.r.o.CachingOperationNameGenerator[line:40] - Generating unique operation named: listUsingGET_4
17:01:49.552 INFO  s.d.s.w.r.o.CachingOperationNameGenerator[line:40] - Generating unique operation named: addUsingPOST_1
17:01:49.576 INFO  s.d.s.w.r.o.CachingOperationNameGenerator[line:40] - Generating unique operation named: deleteUsingDELETE_1
17:01:49.583 INFO  s.d.s.w.r.o.CachingOperationNameGenerator[line:40] - Generating unique operation named: listUsingGET_5
17:01:49.588 INFO  s.d.s.w.r.o.CachingOperationNameGenerator[line:40] - Generating unique operation named: listUsingGET_6
17:01:49.600 INFO  s.d.s.w.r.o.CachingOperationNameGenerator[line:40] - Generating unique operation named: updateUsingPUT_2
17:01:49.603 INFO  s.d.s.w.r.o.CachingOperationNameGenerator[line:40] - Generating unique operation named: listUsingGET_7
17:01:49.619 INFO  s.d.s.w.r.o.CachingOperationNameGenerator[line:40] - Generating unique operation named: addUsingPOST_2
17:01:49.628 INFO  s.d.s.w.r.o.CachingOperationNameGenerator[line:40] - Generating unique operation named: addSiteUsingPOST_1
17:01:49.645 INFO  s.d.s.w.r.o.CachingOperationNameGenerator[line:40] - Generating unique operation named: deleteUsingDELETE_2
17:01:49.650 INFO  s.d.s.w.r.o.CachingOperationNameGenerator[line:40] - Generating unique operation named: listUsingGET_8
17:01:49.662 INFO  s.d.s.w.r.o.CachingOperationNameGenerator[line:40] - Generating unique operation named: addUsingPOST_3
17:01:49.664 INFO  s.d.s.w.r.o.CachingOperationNameGenerator[line:40] - Generating unique operation named: deleteUsingDELETE_3
17:01:49.671 INFO  s.d.s.w.r.o.CachingOperationNameGenerator[line:40] - Generating unique operation named: listUsingGET_9
17:01:49.677 INFO  s.d.s.w.r.o.CachingOperationNameGenerator[line:40] - Generating unique operation named: updateUsingPUT_3
17:01:49.683 INFO  s.d.s.w.r.o.CachingOperationNameGenerator[line:40] - Generating unique operation named: addUsingPOST_4
17:01:49.697 INFO  s.d.s.w.r.o.CachingOperationNameGenerator[line:40] - Generating unique operation named: batchImportUsingPOST_1
17:01:49.702 INFO  s.d.s.w.r.o.CachingOperationNameGenerator[line:40] - Generating unique operation named: deleteUsingDELETE_4
17:01:49.712 INFO  s.d.s.w.r.o.CachingOperationNameGenerator[line:40] - Generating unique operation named: detailUsingGET_1
17:01:49.735 INFO  s.d.s.w.r.o.CachingOperationNameGenerator[line:40] - Generating unique operation named: listUsingGET_10
17:01:49.760 INFO  s.d.s.w.r.o.CachingOperationNameGenerator[line:40] - Generating unique operation named: updateUsingPUT_4
17:01:49.778 INFO  o.s.s.quartz.SchedulerFactoryBean[line:727] - Starting Quartz Scheduler now
17:01:49.779 INFO  org.quartz.core.QuartzScheduler[line:547] - Scheduler quartzScheduler_$_NON_CLUSTERED started.
17:01:49.810 INFO  o.a.coyote.http11.Http11NioProtocol[line:173] - Starting ProtocolHandler ["http-nio-auto-1"]
17:01:49.865 INFO  o.s.b.w.e.tomcat.TomcatWebServer[line:204] - Tomcat started on port(s): 53115 (http) with context path ''
17:01:49.870 INFO  cn.test.Test1[line:61] - Started Test1 in 28.234 seconds (JVM running for 33.752)
17:01:50.317 INFO  org.quartz.core.QuartzScheduler[line:585] - Scheduler quartzScheduler_$_NON_CLUSTERED paused.
17:01:50.322 INFO  o.s.s.c.ThreadPoolTaskScheduler[line:218] - Shutting down ExecutorService 'taskScheduler'
17:01:50.322 INFO  o.s.s.quartz.SchedulerFactoryBean[line:845] - Shutting down Quartz Scheduler
17:01:50.322 INFO  org.quartz.core.QuartzScheduler[line:666] - Scheduler quartzScheduler_$_NON_CLUSTERED shutting down.
17:01:50.322 INFO  org.quartz.core.QuartzScheduler[line:585] - Scheduler quartzScheduler_$_NON_CLUSTERED paused.
17:01:50.325 INFO  org.quartz.core.QuartzScheduler[line:740] - Scheduler quartzScheduler_$_NON_CLUSTERED shutdown complete.
17:01:50.328 INFO  o.s.s.c.ThreadPoolTaskExecutor[line:218] - Shutting down ExecutorService 'applicationTaskExecutor'
17:01:50.351 INFO  c.alibaba.druid.pool.DruidDataSource[line:1948] - {dataSource-1} closing ...
17:01:50.364 INFO  c.alibaba.druid.pool.DruidDataSource[line:2020] - {dataSource-1} closed
