15:43:06.824 INFO  c.e.s.l.s.m.CamerasPreviewUrlsManagerTest[line:55] - Starting CamerasPreviewUrlsManagerTest on DESKTOP-78VVBBB with PID 22312 (started by EXC in D:\Work\IDEA-workspace\street_light\ss)
15:43:06.850 INFO  c.e.s.l.s.m.CamerasPreviewUrlsManagerTest[line:655] - The following profiles are active: dev
15:43:11.865 INFO  c.alibaba.druid.pool.DruidDataSource[line:1003] - {dataSource-1} inited
15:43:17.820 INFO  o.s.b.a.e.web.EndpointLinksResolver[line:58] - Exposing 2 endpoint(s) beneath base path '/actuator'
15:43:18.131 INFO  s.d.s.w.PropertySourcedRequestMappingHandlerMapping[line:69] - Mapped URL path [/v2/api-docs] onto method [springfox.documentation.swagger2.web.Swagger2Controller#getDocumentation(String, HttpServletRequest)]
15:43:19.132 INFO  o.s.s.c.ThreadPoolTaskExecutor[line:181] - Initializing ExecutorService 'applicationTaskExecutor'
15:43:20.352 INFO  org.quartz.impl.StdSchedulerFactory[line:1208] - Using default implementation for ThreadExecutor
15:43:20.374 INFO  o.quartz.core.SchedulerSignalerImpl[line:61] - Initialized Scheduler Signaller of type: class org.quartz.core.SchedulerSignalerImpl
15:43:20.375 INFO  org.quartz.core.QuartzScheduler[line:229] - Quartz Scheduler v.2.3.0 created.
15:43:20.379 INFO  org.quartz.simpl.RAMJobStore[line:155] - RAMJobStore initialized.
15:43:20.380 INFO  org.quartz.core.QuartzScheduler[line:294] - Scheduler meta-data: Quartz Scheduler (v2.3.0) 'quartzScheduler' with instanceId 'NON_CLUSTERED'
  Scheduler class: 'org.quartz.core.QuartzScheduler' - running locally.
  NOT STARTED.
  Currently in standby mode.
  Number of jobs executed: 0
  Using thread pool 'org.quartz.simpl.SimpleThreadPool' - with 10 threads.
  Using job-store 'org.quartz.simpl.RAMJobStore' - which does not support persistence. and is not clustered.

15:43:20.381 INFO  org.quartz.impl.StdSchedulerFactory[line:1362] - Quartz scheduler 'quartzScheduler' initialized from an externally provided properties instance.
15:43:20.382 INFO  org.quartz.impl.StdSchedulerFactory[line:1366] - Quartz scheduler version: 2.3.0
15:43:20.383 INFO  org.quartz.core.QuartzScheduler[line:2287] - JobFactory set to: org.springframework.scheduling.quartz.SpringBeanJobFactory@6e7e0259
15:43:20.420 INFO  o.s.s.c.ThreadPoolTaskScheduler[line:181] - Initializing ExecutorService 'taskScheduler'
15:43:20.544 INFO  s.d.s.w.p.DocumentationPluginsBootstrapper[line:147] - Context refreshed
15:43:21.031 INFO  s.d.s.w.p.DocumentationPluginsBootstrapper[line:150] - Found 1 custom documentation plugin(s)
15:43:21.214 INFO  s.d.s.w.s.ApiListingReferenceScanner[line:41] - Scanning for api listing references
15:43:21.626 INFO  s.d.s.w.r.o.CachingOperationNameGenerator[line:40] - Generating unique operation named: getPagesUsingGET_1
15:43:21.741 INFO  o.s.s.quartz.SchedulerFactoryBean[line:727] - Starting Quartz Scheduler now
15:43:21.742 INFO  org.quartz.core.QuartzScheduler[line:547] - Scheduler quartzScheduler_$_NON_CLUSTERED started.
15:43:21.824 INFO  c.e.s.l.s.m.CamerasPreviewUrlsManagerTest[line:61] - Started CamerasPreviewUrlsManagerTest in 15.629 seconds (JVM running for 17.627)
15:43:25.730 INFO  c.h.artemis.sdk.ArtemisHttpUtil[line:826] - the Artemis Request is Success,statusCode:200 SuccessMsg:{"code":"0","msg":"success","data":{"url":"http://192.168.10.100:83/openUrl/c0q2y9W/live.m3u8"}}
15:43:26.465 INFO  org.quartz.core.QuartzScheduler[line:585] - Scheduler quartzScheduler_$_NON_CLUSTERED paused.
15:43:26.473 INFO  o.s.s.c.ThreadPoolTaskScheduler[line:218] - Shutting down ExecutorService 'taskScheduler'
15:43:26.480 INFO  o.s.s.quartz.SchedulerFactoryBean[line:845] - Shutting down Quartz Scheduler
15:43:26.481 INFO  org.quartz.core.QuartzScheduler[line:666] - Scheduler quartzScheduler_$_NON_CLUSTERED shutting down.
15:43:26.481 INFO  org.quartz.core.QuartzScheduler[line:585] - Scheduler quartzScheduler_$_NON_CLUSTERED paused.
15:43:26.482 INFO  org.quartz.core.QuartzScheduler[line:740] - Scheduler quartzScheduler_$_NON_CLUSTERED shutdown complete.
15:43:26.484 INFO  o.s.s.c.ThreadPoolTaskExecutor[line:218] - Shutting down ExecutorService 'applicationTaskExecutor'
15:43:26.492 INFO  c.alibaba.druid.pool.DruidDataSource[line:1948] - {dataSource-1} closing ...
15:43:26.528 INFO  c.alibaba.druid.pool.DruidDataSource[line:2020] - {dataSource-1} closed
