09:30:39.914 WARN  c.e.s.l.e.s.i.HeartbeatAnalysisServiceImpl[line:70] - 心跳时间:Fri Nov 20 09:30:39 CST 2020
09:31:48.557 WARN  c.e.s.l.e.s.i.HeartbeatAnalysisServiceImpl[line:70] - 心跳时间:Fri Nov 20 09:31:48 CST 2020
09:32:57.379 WARN  c.e.s.l.e.s.i.HeartbeatAnalysisServiceImpl[line:70] - 心跳时间:Fri Nov 20 09:32:57 CST 2020
09:34:06.241 WARN  c.e.s.l.e.s.i.HeartbeatAnalysisServiceImpl[line:70] - 心跳时间:Fri Nov 20 09:34:06 CST 2020
09:35:16.141 WARN  c.e.s.l.e.s.i.HeartbeatAnalysisServiceImpl[line:70] - 心跳时间:Fri Nov 20 09:35:16 CST 2020
09:36:24.980 WARN  c.e.s.l.e.s.i.HeartbeatAnalysisServiceImpl[line:70] - 心跳时间:Fri Nov 20 09:36:24 CST 2020
09:37:33.840 WARN  c.e.s.l.e.s.i.HeartbeatAnalysisServiceImpl[line:70] - 心跳时间:Fri Nov 20 09:37:33 CST 2020
09:38:42.713 WARN  c.e.s.l.e.s.i.HeartbeatAnalysisServiceImpl[line:70] - 心跳时间:Fri Nov 20 09:38:42 CST 2020
09:39:51.971 WARN  c.e.s.l.e.s.i.HeartbeatAnalysisServiceImpl[line:70] - 心跳时间:Fri Nov 20 09:39:51 CST 2020
09:41:00.484 WARN  c.e.s.l.e.s.i.HeartbeatAnalysisServiceImpl[line:70] - 心跳时间:Fri Nov 20 09:41:00 CST 2020
09:42:09.362 WARN  c.e.s.l.e.s.i.HeartbeatAnalysisServiceImpl[line:70] - 心跳时间:Fri Nov 20 09:42:09 CST 2020
09:43:18.284 WARN  c.e.s.l.e.s.i.HeartbeatAnalysisServiceImpl[line:70] - 心跳时间:Fri Nov 20 09:43:18 CST 2020
09:44:27.182 WARN  c.e.s.l.e.s.i.HeartbeatAnalysisServiceImpl[line:70] - 心跳时间:Fri Nov 20 09:44:27 CST 2020
09:45:36.050 WARN  c.e.s.l.e.s.i.HeartbeatAnalysisServiceImpl[line:70] - 心跳时间:Fri Nov 20 09:45:36 CST 2020
09:46:44.967 WARN  c.e.s.l.e.s.i.HeartbeatAnalysisServiceImpl[line:70] - 心跳时间:Fri Nov 20 09:46:44 CST 2020
09:47:53.830 WARN  c.e.s.l.e.s.i.HeartbeatAnalysisServiceImpl[line:70] - 心跳时间:Fri Nov 20 09:47:53 CST 2020
09:49:02.695 WARN  c.e.s.l.e.s.i.HeartbeatAnalysisServiceImpl[line:70] - 心跳时间:Fri Nov 20 09:49:02 CST 2020
09:50:11.584 WARN  c.e.s.l.e.s.i.HeartbeatAnalysisServiceImpl[line:70] - 心跳时间:Fri Nov 20 09:50:11 CST 2020
09:51:20.431 WARN  c.e.s.l.e.s.i.HeartbeatAnalysisServiceImpl[line:70] - 心跳时间:Fri Nov 20 09:51:20 CST 2020
09:52:29.340 WARN  c.e.s.l.e.s.i.HeartbeatAnalysisServiceImpl[line:70] - 心跳时间:Fri Nov 20 09:52:29 CST 2020
09:53:38.331 WARN  c.e.s.l.e.s.i.HeartbeatAnalysisServiceImpl[line:70] - 心跳时间:Fri Nov 20 09:53:38 CST 2020
09:54:46.995 WARN  c.e.s.l.e.s.i.HeartbeatAnalysisServiceImpl[line:70] - 心跳时间:Fri Nov 20 09:54:46 CST 2020
09:55:55.868 WARN  c.e.s.l.e.s.i.HeartbeatAnalysisServiceImpl[line:70] - 心跳时间:Fri Nov 20 09:55:55 CST 2020
09:57:04.728 WARN  c.e.s.l.e.s.i.HeartbeatAnalysisServiceImpl[line:70] - 心跳时间:Fri Nov 20 09:57:04 CST 2020
09:58:13.584 WARN  c.e.s.l.e.s.i.HeartbeatAnalysisServiceImpl[line:70] - 心跳时间:Fri Nov 20 09:58:13 CST 2020
09:59:22.472 WARN  c.e.s.l.e.s.i.HeartbeatAnalysisServiceImpl[line:70] - 心跳时间:Fri Nov 20 09:59:22 CST 2020
10:00:31.306 WARN  c.e.s.l.e.s.i.HeartbeatAnalysisServiceImpl[line:70] - 心跳时间:Fri Nov 20 10:00:31 CST 2020
10:01:40.136 WARN  c.e.s.l.e.s.i.HeartbeatAnalysisServiceImpl[line:70] - 心跳时间:Fri Nov 20 10:01:40 CST 2020
10:02:49.005 WARN  c.e.s.l.e.s.i.HeartbeatAnalysisServiceImpl[line:70] - 心跳时间:Fri Nov 20 10:02:49 CST 2020
10:03:58.827 WARN  c.e.s.l.e.s.i.HeartbeatAnalysisServiceImpl[line:70] - 心跳时间:Fri Nov 20 10:03:58 CST 2020
10:05:07.700 WARN  c.e.s.l.e.s.i.HeartbeatAnalysisServiceImpl[line:70] - 心跳时间:Fri Nov 20 10:05:07 CST 2020
10:06:16.578 WARN  c.e.s.l.e.s.i.HeartbeatAnalysisServiceImpl[line:70] - 心跳时间:Fri Nov 20 10:06:16 CST 2020
10:07:25.435 WARN  c.e.s.l.e.s.i.HeartbeatAnalysisServiceImpl[line:70] - 心跳时间:Fri Nov 20 10:07:25 CST 2020
10:08:34.283 WARN  c.e.s.l.e.s.i.HeartbeatAnalysisServiceImpl[line:70] - 心跳时间:Fri Nov 20 10:08:34 CST 2020
10:09:44.109 WARN  c.e.s.l.e.s.i.HeartbeatAnalysisServiceImpl[line:70] - 心跳时间:Fri Nov 20 10:09:44 CST 2020
10:10:55.952 WARN  c.e.s.l.e.s.i.HeartbeatAnalysisServiceImpl[line:70] - 心跳时间:Fri Nov 20 10:10:55 CST 2020
10:12:05.816 WARN  c.e.s.l.e.s.i.HeartbeatAnalysisServiceImpl[line:70] - 心跳时间:Fri Nov 20 10:12:05 CST 2020
10:13:15.669 WARN  c.e.s.l.e.s.i.HeartbeatAnalysisServiceImpl[line:70] - 心跳时间:Fri Nov 20 10:13:15 CST 2020
10:14:24.542 WARN  c.e.s.l.e.s.i.HeartbeatAnalysisServiceImpl[line:70] - 心跳时间:Fri Nov 20 10:14:24 CST 2020
10:15:33.381 WARN  c.e.s.l.e.s.i.HeartbeatAnalysisServiceImpl[line:70] - 心跳时间:Fri Nov 20 10:15:33 CST 2020
10:16:42.252 WARN  c.e.s.l.e.s.i.HeartbeatAnalysisServiceImpl[line:70] - 心跳时间:Fri Nov 20 10:16:42 CST 2020
10:17:51.153 WARN  c.e.s.l.e.s.i.HeartbeatAnalysisServiceImpl[line:70] - 心跳时间:Fri Nov 20 10:17:51 CST 2020
10:19:00.158 WARN  c.e.s.l.e.s.i.HeartbeatAnalysisServiceImpl[line:70] - 心跳时间:Fri Nov 20 10:19:00 CST 2020
10:20:08.797 WARN  c.e.s.l.e.s.i.HeartbeatAnalysisServiceImpl[line:70] - 心跳时间:Fri Nov 20 10:20:08 CST 2020
10:21:17.658 WARN  c.e.s.l.e.s.i.HeartbeatAnalysisServiceImpl[line:70] - 心跳时间:Fri Nov 20 10:21:17 CST 2020
10:22:26.553 WARN  c.e.s.l.e.s.i.HeartbeatAnalysisServiceImpl[line:70] - 心跳时间:Fri Nov 20 10:22:26 CST 2020
10:23:35.409 WARN  c.e.s.l.e.s.i.HeartbeatAnalysisServiceImpl[line:70] - 心跳时间:Fri Nov 20 10:23:35 CST 2020
10:38:35.421 WARN  c.e.s.l.e.s.i.HeartbeatAnalysisServiceImpl[line:70] - 心跳时间:Fri Nov 20 10:38:35 CST 2020
10:39:44.058 WARN  c.e.s.l.e.s.i.HeartbeatAnalysisServiceImpl[line:70] - 心跳时间:Fri Nov 20 10:39:44 CST 2020
10:40:52.943 WARN  c.e.s.l.e.s.i.HeartbeatAnalysisServiceImpl[line:70] - 心跳时间:Fri Nov 20 10:40:52 CST 2020
10:42:01.784 WARN  c.e.s.l.e.s.i.HeartbeatAnalysisServiceImpl[line:70] - 心跳时间:Fri Nov 20 10:42:01 CST 2020
10:43:10.614 WARN  c.e.s.l.e.s.i.HeartbeatAnalysisServiceImpl[line:70] - 心跳时间:Fri Nov 20 10:43:10 CST 2020
10:44:19.497 WARN  c.e.s.l.e.s.i.HeartbeatAnalysisServiceImpl[line:70] - 心跳时间:Fri Nov 20 10:44:19 CST 2020
10:45:29.423 WARN  c.e.s.l.e.s.i.HeartbeatAnalysisServiceImpl[line:70] - 心跳时间:Fri Nov 20 10:45:29 CST 2020
10:46:38.308 WARN  c.e.s.l.e.s.i.HeartbeatAnalysisServiceImpl[line:70] - 心跳时间:Fri Nov 20 10:46:38 CST 2020
10:48:56.136 WARN  c.e.s.l.e.s.i.HeartbeatAnalysisServiceImpl[line:70] - 心跳时间:Fri Nov 20 10:48:56 CST 2020
10:50:04.947 WARN  c.e.s.l.e.s.i.HeartbeatAnalysisServiceImpl[line:70] - 心跳时间:Fri Nov 20 10:50:04 CST 2020
10:51:13.821 WARN  c.e.s.l.e.s.i.HeartbeatAnalysisServiceImpl[line:70] - 心跳时间:Fri Nov 20 10:51:13 CST 2020
10:52:22.662 WARN  c.e.s.l.e.s.i.HeartbeatAnalysisServiceImpl[line:70] - 心跳时间:Fri Nov 20 10:52:22 CST 2020
10:53:31.571 WARN  c.e.s.l.e.s.i.HeartbeatAnalysisServiceImpl[line:70] - 心跳时间:Fri Nov 20 10:53:31 CST 2020
10:54:40.465 WARN  c.e.s.l.e.s.i.HeartbeatAnalysisServiceImpl[line:70] - 心跳时间:Fri Nov 20 10:54:40 CST 2020
10:55:49.352 WARN  c.e.s.l.e.s.i.HeartbeatAnalysisServiceImpl[line:70] - 心跳时间:Fri Nov 20 10:55:49 CST 2020
10:56:13.529 WARN  c.e.s.l.e.util.SocketClient[line:37] - 发送请求:192.168.112.172,port:9999
10:56:13.531 WARN  c.e.s.l.e.util.SocketClient[line:49] - 发送未加密数据:EF EF 00 14 97 31 70 C4 46 00 07 42 0F 00 00 00 00 00 16 43 0D 
10:56:13.535 WARN  c.e.s.l.e.util.SocketClient[line:59] - 接收未加密数据:EF EF 00 14 97 31 70 C4 46 00 00 00 08 E7 0D 
10:56:17.102 WARN  c.e.s.l.e.util.SocketClient[line:37] - 发送请求:192.168.112.172,port:9999
10:56:17.104 WARN  c.e.s.l.e.util.SocketClient[line:49] - 发送未加密数据:EF EF 00 14 97 31 70 C4 46 00 07 42 00 00 0F 00 00 00 15 A8 0D 
10:56:17.107 WARN  c.e.s.l.e.util.SocketClient[line:59] - 接收未加密数据:EF EF 00 14 97 31 70 C4 46 00 00 00 08 E7 0D 
10:56:21.301 WARN  c.e.s.l.e.util.SocketClient[line:37] - 发送请求:192.168.112.172,port:9999
10:56:21.303 WARN  c.e.s.l.e.util.SocketClient[line:49] - 发送未加密数据:EF EF 00 14 97 31 70 C4 08 00 C1 10 14 0B 14 14 0B 1B 01 70 03 11 37 01 14 0B 14 14 0B 1B 01 70 05 11 37 01 14 0B 14 14 0B 1B 01 70 07 11 37 01 14 0B 14 14 0B 1B 01 70 09 11 37 01 14 0B 14 14 0B 1E 01 70 04 11 34 05 14 0B 14 14 0B 1E 01 70 06 11 34 05 14 0B 14 14 0B 1E 01 70 08 11 34 05 14 0B 14 14 0B 1E 01 70 0A 11 34 05 14 0B 13 14 0B 18 01 01 03 10 00 34 14 0B 13 14 0B 18 01 01 05 10 00 34 14 0B 13 14 0B 18 01 01 07 10 00 34 14 0B 13 14 0B 18 01 01 09 10 00 34 14 0B 14 14 0C 02 01 E0 04 11 11 03 14 0B 14 14 0C 02 01 E0 06 11 11 03 14 0B 14 14 0C 02 01 E0 08 11 11 03 14 0B 14 14 0C 02 01 E0 0A 11 11 03 E4 A2 0D 
10:56:23.233 WARN  c.e.s.l.e.util.SocketClient[line:59] - 接收未加密数据:EF EF 00 14 97 31 70 C4 08 00 00 00 1F CF 0D 
10:56:58.399 WARN  c.e.s.l.e.s.i.HeartbeatAnalysisServiceImpl[line:70] - 心跳时间:Fri Nov 20 10:56:58 CST 2020
10:58:07.253 WARN  c.e.s.l.e.s.i.HeartbeatAnalysisServiceImpl[line:70] - 心跳时间:Fri Nov 20 10:58:07 CST 2020
10:59:16.102 WARN  c.e.s.l.e.s.i.HeartbeatAnalysisServiceImpl[line:70] - 心跳时间:Fri Nov 20 10:59:16 CST 2020
11:00:24.955 WARN  c.e.s.l.e.s.i.HeartbeatAnalysisServiceImpl[line:70] - 心跳时间:Fri Nov 20 11:00:24 CST 2020
11:01:33.829 WARN  c.e.s.l.e.s.i.HeartbeatAnalysisServiceImpl[line:70] - 心跳时间:Fri Nov 20 11:01:33 CST 2020
11:03:54.567 WARN  c.e.s.l.e.s.i.HeartbeatAnalysisServiceImpl[line:70] - 心跳时间:Fri Nov 20 11:03:54 CST 2020
11:05:03.442 WARN  c.e.s.l.e.s.i.HeartbeatAnalysisServiceImpl[line:70] - 心跳时间:Fri Nov 20 11:05:03 CST 2020
11:06:12.313 WARN  c.e.s.l.e.s.i.HeartbeatAnalysisServiceImpl[line:70] - 心跳时间:Fri Nov 20 11:06:12 CST 2020
11:07:21.219 WARN  c.e.s.l.e.s.i.HeartbeatAnalysisServiceImpl[line:70] - 心跳时间:Fri Nov 20 11:07:21 CST 2020
11:08:30.072 WARN  c.e.s.l.e.s.i.HeartbeatAnalysisServiceImpl[line:70] - 心跳时间:Fri Nov 20 11:08:30 CST 2020
11:09:38.914 WARN  c.e.s.l.e.s.i.HeartbeatAnalysisServiceImpl[line:70] - 心跳时间:Fri Nov 20 11:09:38 CST 2020
11:10:47.817 WARN  c.e.s.l.e.s.i.HeartbeatAnalysisServiceImpl[line:70] - 心跳时间:Fri Nov 20 11:10:47 CST 2020
11:11:56.685 WARN  c.e.s.l.e.s.i.HeartbeatAnalysisServiceImpl[line:70] - 心跳时间:Fri Nov 20 11:11:56 CST 2020
11:13:05.530 WARN  c.e.s.l.e.s.i.HeartbeatAnalysisServiceImpl[line:70] - 心跳时间:Fri Nov 20 11:13:05 CST 2020
11:14:14.408 WARN  c.e.s.l.e.s.i.HeartbeatAnalysisServiceImpl[line:70] - 心跳时间:Fri Nov 20 11:14:14 CST 2020
11:15:23.278 WARN  c.e.s.l.e.s.i.HeartbeatAnalysisServiceImpl[line:70] - 心跳时间:Fri Nov 20 11:15:23 CST 2020
11:16:32.127 WARN  c.e.s.l.e.s.i.HeartbeatAnalysisServiceImpl[line:70] - 心跳时间:Fri Nov 20 11:16:32 CST 2020
11:17:40.999 WARN  c.e.s.l.e.s.i.HeartbeatAnalysisServiceImpl[line:70] - 心跳时间:Fri Nov 20 11:17:40 CST 2020
11:18:49.887 WARN  c.e.s.l.e.s.i.HeartbeatAnalysisServiceImpl[line:70] - 心跳时间:Fri Nov 20 11:18:49 CST 2020
11:19:59.707 WARN  c.e.s.l.e.s.i.HeartbeatAnalysisServiceImpl[line:70] - 心跳时间:Fri Nov 20 11:19:59 CST 2020
11:21:08.573 WARN  c.e.s.l.e.s.i.HeartbeatAnalysisServiceImpl[line:70] - 心跳时间:Fri Nov 20 11:21:08 CST 2020
11:22:17.437 WARN  c.e.s.l.e.s.i.HeartbeatAnalysisServiceImpl[line:70] - 心跳时间:Fri Nov 20 11:22:17 CST 2020
11:23:26.307 WARN  c.e.s.l.e.s.i.HeartbeatAnalysisServiceImpl[line:70] - 心跳时间:Fri Nov 20 11:23:26 CST 2020
11:24:36.167 WARN  c.e.s.l.e.s.i.HeartbeatAnalysisServiceImpl[line:70] - 心跳时间:Fri Nov 20 11:24:36 CST 2020
11:25:45.066 WARN  c.e.s.l.e.s.i.HeartbeatAnalysisServiceImpl[line:70] - 心跳时间:Fri Nov 20 11:25:45 CST 2020
11:26:53.988 WARN  c.e.s.l.e.s.i.HeartbeatAnalysisServiceImpl[line:70] - 心跳时间:Fri Nov 20 11:26:53 CST 2020
11:28:02.862 WARN  c.e.s.l.e.s.i.HeartbeatAnalysisServiceImpl[line:70] - 心跳时间:Fri Nov 20 11:28:02 CST 2020
11:29:11.698 WARN  c.e.s.l.e.s.i.HeartbeatAnalysisServiceImpl[line:70] - 心跳时间:Fri Nov 20 11:29:11 CST 2020
11:30:20.560 WARN  c.e.s.l.e.s.i.HeartbeatAnalysisServiceImpl[line:70] - 心跳时间:Fri Nov 20 11:30:20 CST 2020
11:31:29.432 WARN  c.e.s.l.e.s.i.HeartbeatAnalysisServiceImpl[line:70] - 心跳时间:Fri Nov 20 11:31:29 CST 2020
11:32:38.306 WARN  c.e.s.l.e.s.i.HeartbeatAnalysisServiceImpl[line:70] - 心跳时间:Fri Nov 20 11:32:38 CST 2020
11:33:47.172 WARN  c.e.s.l.e.s.i.HeartbeatAnalysisServiceImpl[line:70] - 心跳时间:Fri Nov 20 11:33:47 CST 2020
11:34:57.059 WARN  c.e.s.l.e.s.i.HeartbeatAnalysisServiceImpl[line:70] - 心跳时间:Fri Nov 20 11:34:57 CST 2020
11:36:05.928 WARN  c.e.s.l.e.s.i.HeartbeatAnalysisServiceImpl[line:70] - 心跳时间:Fri Nov 20 11:36:05 CST 2020
11:37:14.849 WARN  c.e.s.l.e.s.i.HeartbeatAnalysisServiceImpl[line:70] - 心跳时间:Fri Nov 20 11:37:14 CST 2020
11:38:23.725 WARN  c.e.s.l.e.s.i.HeartbeatAnalysisServiceImpl[line:70] - 心跳时间:Fri Nov 20 11:38:23 CST 2020
11:39:32.632 WARN  c.e.s.l.e.s.i.HeartbeatAnalysisServiceImpl[line:70] - 心跳时间:Fri Nov 20 11:39:32 CST 2020
11:40:41.509 WARN  c.e.s.l.e.s.i.HeartbeatAnalysisServiceImpl[line:70] - 心跳时间:Fri Nov 20 11:40:41 CST 2020
11:41:50.423 WARN  c.e.s.l.e.s.i.HeartbeatAnalysisServiceImpl[line:70] - 心跳时间:Fri Nov 20 11:41:50 CST 2020
11:42:59.378 WARN  c.e.s.l.e.s.i.HeartbeatAnalysisServiceImpl[line:70] - 心跳时间:Fri Nov 20 11:42:59 CST 2020
15:09:08.244 WARN  c.e.s.l.e.s.i.HeartbeatAnalysisServiceImpl[line:70] - 心跳时间:Fri Nov 20 15:09:08 CST 2020
15:10:18.120 WARN  c.e.s.l.e.s.i.HeartbeatAnalysisServiceImpl[line:70] - 心跳时间:Fri Nov 20 15:10:18 CST 2020
15:11:26.974 WARN  c.e.s.l.e.s.i.HeartbeatAnalysisServiceImpl[line:70] - 心跳时间:Fri Nov 20 15:11:26 CST 2020
15:12:38.865 WARN  c.e.s.l.e.s.i.HeartbeatAnalysisServiceImpl[line:70] - 心跳时间:Fri Nov 20 15:12:38 CST 2020
15:13:47.725 WARN  c.e.s.l.e.s.i.HeartbeatAnalysisServiceImpl[line:70] - 心跳时间:Fri Nov 20 15:13:47 CST 2020
15:14:56.605 WARN  c.e.s.l.e.s.i.HeartbeatAnalysisServiceImpl[line:70] - 心跳时间:Fri Nov 20 15:14:56 CST 2020
15:16:08.461 WARN  c.e.s.l.e.s.i.HeartbeatAnalysisServiceImpl[line:70] - 心跳时间:Fri Nov 20 15:16:08 CST 2020
15:17:17.363 WARN  c.e.s.l.e.s.i.HeartbeatAnalysisServiceImpl[line:70] - 心跳时间:Fri Nov 20 15:17:17 CST 2020
15:18:26.236 WARN  c.e.s.l.e.s.i.HeartbeatAnalysisServiceImpl[line:70] - 心跳时间:Fri Nov 20 15:18:26 CST 2020
15:19:35.095 WARN  c.e.s.l.e.s.i.HeartbeatAnalysisServiceImpl[line:70] - 心跳时间:Fri Nov 20 15:19:35 CST 2020
15:20:43.969 WARN  c.e.s.l.e.s.i.HeartbeatAnalysisServiceImpl[line:70] - 心跳时间:Fri Nov 20 15:20:43 CST 2020
15:21:53.467 WARN  c.e.s.l.e.s.i.HeartbeatAnalysisServiceImpl[line:70] - 心跳时间:Fri Nov 20 15:21:53 CST 2020
15:23:01.740 WARN  c.e.s.l.e.s.i.HeartbeatAnalysisServiceImpl[line:70] - 心跳时间:Fri Nov 20 15:23:01 CST 2020
15:24:11.591 WARN  c.e.s.l.e.s.i.HeartbeatAnalysisServiceImpl[line:70] - 心跳时间:Fri Nov 20 15:24:11 CST 2020
15:25:20.472 WARN  c.e.s.l.e.s.i.HeartbeatAnalysisServiceImpl[line:70] - 心跳时间:Fri Nov 20 15:25:20 CST 2020
15:26:29.370 WARN  c.e.s.l.e.s.i.HeartbeatAnalysisServiceImpl[line:70] - 心跳时间:Fri Nov 20 15:26:29 CST 2020
15:27:38.243 WARN  c.e.s.l.e.s.i.HeartbeatAnalysisServiceImpl[line:70] - 心跳时间:Fri Nov 20 15:27:38 CST 2020
15:28:47.122 WARN  c.e.s.l.e.s.i.HeartbeatAnalysisServiceImpl[line:70] - 心跳时间:Fri Nov 20 15:28:47 CST 2020
15:29:55.987 WARN  c.e.s.l.e.s.i.HeartbeatAnalysisServiceImpl[line:70] - 心跳时间:Fri Nov 20 15:29:55 CST 2020
15:31:04.909 WARN  c.e.s.l.e.s.i.HeartbeatAnalysisServiceImpl[line:70] - 心跳时间:Fri Nov 20 15:31:04 CST 2020
15:32:13.755 WARN  c.e.s.l.e.s.i.HeartbeatAnalysisServiceImpl[line:70] - 心跳时间:Fri Nov 20 15:32:13 CST 2020
15:33:22.636 WARN  c.e.s.l.e.s.i.HeartbeatAnalysisServiceImpl[line:70] - 心跳时间:Fri Nov 20 15:33:22 CST 2020
15:34:31.491 WARN  c.e.s.l.e.s.i.HeartbeatAnalysisServiceImpl[line:70] - 心跳时间:Fri Nov 20 15:34:31 CST 2020
15:35:40.366 WARN  c.e.s.l.e.s.i.HeartbeatAnalysisServiceImpl[line:70] - 心跳时间:Fri Nov 20 15:35:40 CST 2020
15:36:49.243 WARN  c.e.s.l.e.s.i.HeartbeatAnalysisServiceImpl[line:70] - 心跳时间:Fri Nov 20 15:36:49 CST 2020
15:37:58.139 WARN  c.e.s.l.e.s.i.HeartbeatAnalysisServiceImpl[line:70] - 心跳时间:Fri Nov 20 15:37:58 CST 2020
15:39:06.990 WARN  c.e.s.l.e.s.i.HeartbeatAnalysisServiceImpl[line:70] - 心跳时间:Fri Nov 20 15:39:06 CST 2020
15:40:15.877 WARN  c.e.s.l.e.s.i.HeartbeatAnalysisServiceImpl[line:70] - 心跳时间:Fri Nov 20 15:40:15 CST 2020
15:41:24.737 WARN  c.e.s.l.e.s.i.HeartbeatAnalysisServiceImpl[line:70] - 心跳时间:Fri Nov 20 15:41:24 CST 2020
15:42:33.654 WARN  c.e.s.l.e.s.i.HeartbeatAnalysisServiceImpl[line:70] - 心跳时间:Fri Nov 20 15:42:33 CST 2020
15:43:42.503 WARN  c.e.s.l.e.s.i.HeartbeatAnalysisServiceImpl[line:70] - 心跳时间:Fri Nov 20 15:43:42 CST 2020
15:44:51.396 WARN  c.e.s.l.e.s.i.HeartbeatAnalysisServiceImpl[line:70] - 心跳时间:Fri Nov 20 15:44:51 CST 2020
15:46:00.297 WARN  c.e.s.l.e.s.i.HeartbeatAnalysisServiceImpl[line:70] - 心跳时间:Fri Nov 20 15:46:00 CST 2020
15:47:09.145 WARN  c.e.s.l.e.s.i.HeartbeatAnalysisServiceImpl[line:70] - 心跳时间:Fri Nov 20 15:47:09 CST 2020
15:48:18.040 WARN  c.e.s.l.e.s.i.HeartbeatAnalysisServiceImpl[line:70] - 心跳时间:Fri Nov 20 15:48:18 CST 2020
15:49:26.902 WARN  c.e.s.l.e.s.i.HeartbeatAnalysisServiceImpl[line:70] - 心跳时间:Fri Nov 20 15:49:26 CST 2020
15:50:35.773 WARN  c.e.s.l.e.s.i.HeartbeatAnalysisServiceImpl[line:70] - 心跳时间:Fri Nov 20 15:50:35 CST 2020
15:51:44.623 WARN  c.e.s.l.e.s.i.HeartbeatAnalysisServiceImpl[line:70] - 心跳时间:Fri Nov 20 15:51:44 CST 2020
15:52:54.534 WARN  c.e.s.l.e.s.i.HeartbeatAnalysisServiceImpl[line:70] - 心跳时间:Fri Nov 20 15:52:54 CST 2020
15:54:04.392 WARN  c.e.s.l.e.s.i.HeartbeatAnalysisServiceImpl[line:70] - 心跳时间:Fri Nov 20 15:54:04 CST 2020
15:55:13.275 WARN  c.e.s.l.e.s.i.HeartbeatAnalysisServiceImpl[line:70] - 心跳时间:Fri Nov 20 15:55:13 CST 2020
15:56:22.187 WARN  c.e.s.l.e.s.i.HeartbeatAnalysisServiceImpl[line:70] - 心跳时间:Fri Nov 20 15:56:22 CST 2020
15:57:31.030 WARN  c.e.s.l.e.s.i.HeartbeatAnalysisServiceImpl[line:70] - 心跳时间:Fri Nov 20 15:57:31 CST 2020
15:58:39.944 WARN  c.e.s.l.e.s.i.HeartbeatAnalysisServiceImpl[line:70] - 心跳时间:Fri Nov 20 15:58:39 CST 2020
15:59:48.801 WARN  c.e.s.l.e.s.i.HeartbeatAnalysisServiceImpl[line:70] - 心跳时间:Fri Nov 20 15:59:48 CST 2020
16:00:58.740 WARN  c.e.s.l.e.s.i.HeartbeatAnalysisServiceImpl[line:70] - 心跳时间:Fri Nov 20 16:00:58 CST 2020
16:02:07.751 WARN  c.e.s.l.e.s.i.HeartbeatAnalysisServiceImpl[line:70] - 心跳时间:Fri Nov 20 16:02:07 CST 2020
16:03:16.613 WARN  c.e.s.l.e.s.i.HeartbeatAnalysisServiceImpl[line:70] - 心跳时间:Fri Nov 20 16:03:16 CST 2020
16:04:25.463 WARN  c.e.s.l.e.s.i.HeartbeatAnalysisServiceImpl[line:70] - 心跳时间:Fri Nov 20 16:04:25 CST 2020
16:05:34.319 WARN  c.e.s.l.e.s.i.HeartbeatAnalysisServiceImpl[line:70] - 心跳时间:Fri Nov 20 16:05:34 CST 2020
16:06:43.212 WARN  c.e.s.l.e.s.i.HeartbeatAnalysisServiceImpl[line:70] - 心跳时间:Fri Nov 20 16:06:43 CST 2020
16:07:52.069 WARN  c.e.s.l.e.s.i.HeartbeatAnalysisServiceImpl[line:70] - 心跳时间:Fri Nov 20 16:07:52 CST 2020
16:09:00.906 WARN  c.e.s.l.e.s.i.HeartbeatAnalysisServiceImpl[line:70] - 心跳时间:Fri Nov 20 16:09:00 CST 2020
16:10:09.755 WARN  c.e.s.l.e.s.i.HeartbeatAnalysisServiceImpl[line:70] - 心跳时间:Fri Nov 20 16:10:09 CST 2020
16:11:18.657 WARN  c.e.s.l.e.s.i.HeartbeatAnalysisServiceImpl[line:70] - 心跳时间:Fri Nov 20 16:11:18 CST 2020
16:12:27.491 WARN  c.e.s.l.e.s.i.HeartbeatAnalysisServiceImpl[line:70] - 心跳时间:Fri Nov 20 16:12:27 CST 2020
16:13:36.402 WARN  c.e.s.l.e.s.i.HeartbeatAnalysisServiceImpl[line:70] - 心跳时间:Fri Nov 20 16:13:36 CST 2020
16:14:45.259 WARN  c.e.s.l.e.s.i.HeartbeatAnalysisServiceImpl[line:70] - 心跳时间:Fri Nov 20 16:14:45 CST 2020
16:15:54.093 WARN  c.e.s.l.e.s.i.HeartbeatAnalysisServiceImpl[line:70] - 心跳时间:Fri Nov 20 16:15:54 CST 2020
16:17:02.947 WARN  c.e.s.l.e.s.i.HeartbeatAnalysisServiceImpl[line:70] - 心跳时间:Fri Nov 20 16:17:02 CST 2020
16:18:11.812 WARN  c.e.s.l.e.s.i.HeartbeatAnalysisServiceImpl[line:70] - 心跳时间:Fri Nov 20 16:18:11 CST 2020
16:19:20.709 WARN  c.e.s.l.e.s.i.HeartbeatAnalysisServiceImpl[line:70] - 心跳时间:Fri Nov 20 16:19:20 CST 2020
16:20:29.562 WARN  c.e.s.l.e.s.i.HeartbeatAnalysisServiceImpl[line:70] - 心跳时间:Fri Nov 20 16:20:29 CST 2020
16:21:38.456 WARN  c.e.s.l.e.s.i.HeartbeatAnalysisServiceImpl[line:70] - 心跳时间:Fri Nov 20 16:21:38 CST 2020
16:22:48.385 WARN  c.e.s.l.e.s.i.HeartbeatAnalysisServiceImpl[line:70] - 心跳时间:Fri Nov 20 16:22:48 CST 2020
16:23:57.237 WARN  c.e.s.l.e.s.i.HeartbeatAnalysisServiceImpl[line:70] - 心跳时间:Fri Nov 20 16:23:57 CST 2020
16:25:06.051 WARN  c.e.s.l.e.s.i.HeartbeatAnalysisServiceImpl[line:70] - 心跳时间:Fri Nov 20 16:25:06 CST 2020
16:26:14.934 WARN  c.e.s.l.e.s.i.HeartbeatAnalysisServiceImpl[line:70] - 心跳时间:Fri Nov 20 16:26:14 CST 2020
16:27:23.808 WARN  c.e.s.l.e.s.i.HeartbeatAnalysisServiceImpl[line:70] - 心跳时间:Fri Nov 20 16:27:23 CST 2020
16:28:32.687 WARN  c.e.s.l.e.s.i.HeartbeatAnalysisServiceImpl[line:70] - 心跳时间:Fri Nov 20 16:28:32 CST 2020
16:29:41.576 WARN  c.e.s.l.e.s.i.HeartbeatAnalysisServiceImpl[line:70] - 心跳时间:Fri Nov 20 16:29:41 CST 2020
16:30:50.474 WARN  c.e.s.l.e.s.i.HeartbeatAnalysisServiceImpl[line:70] - 心跳时间:Fri Nov 20 16:30:50 CST 2020
16:31:59.315 WARN  c.e.s.l.e.s.i.HeartbeatAnalysisServiceImpl[line:70] - 心跳时间:Fri Nov 20 16:31:59 CST 2020
16:33:08.233 WARN  c.e.s.l.e.s.i.HeartbeatAnalysisServiceImpl[line:70] - 心跳时间:Fri Nov 20 16:33:08 CST 2020
16:33:28.979 WARN  c.e.s.l.e.util.SocketClient[line:37] - 发送请求:192.168.112.172,port:9999
16:33:28.980 WARN  c.e.s.l.e.util.SocketClient[line:49] - 发送未加密数据:EF EF 00 14 97 31 70 C4 46 00 07 42 02 00 00 00 00 00 17 5E 0D 
16:33:28.985 WARN  c.e.s.l.e.util.SocketClient[line:59] - 接收未加密数据:EF EF 00 14 97 31 70 C4 46 00 00 00 08 E7 0D 
16:33:29.922 WARN  c.e.s.l.e.util.SocketClient[line:37] - 发送请求:192.168.112.172,port:9999
16:33:29.924 WARN  c.e.s.l.e.util.SocketClient[line:49] - 发送未加密数据:EF EF 00 14 97 31 70 C4 46 00 07 42 00 00 02 00 00 00 17 04 0D 
16:33:29.927 WARN  c.e.s.l.e.util.SocketClient[line:59] - 接收未加密数据:EF EF 00 14 97 31 70 C4 46 00 00 00 08 E7 0D 
16:33:31.946 WARN  c.e.s.l.e.util.SocketClient[line:37] - 发送请求:192.168.112.172,port:9999
16:33:31.948 WARN  c.e.s.l.e.util.SocketClient[line:49] - 发送未加密数据:EF EF 00 14 97 31 70 C4 46 00 07 42 00 00 01 00 00 00 17 40 0D 
16:33:31.951 WARN  c.e.s.l.e.util.SocketClient[line:59] - 接收未加密数据:EF EF 00 14 97 31 70 C4 46 00 00 00 08 E7 0D 
16:33:33.373 WARN  c.e.s.l.e.util.SocketClient[line:37] - 发送请求:192.168.112.172,port:9999
16:33:33.375 WARN  c.e.s.l.e.util.SocketClient[line:49] - 发送未加密数据:EF EF 00 14 97 31 70 C4 46 00 07 42 01 00 00 00 00 00 17 6D 0D 
16:33:33.378 WARN  c.e.s.l.e.util.SocketClient[line:59] - 接收未加密数据:EF EF 00 14 97 31 70 C4 46 00 00 00 08 E7 0D 
16:34:17.326 WARN  c.e.s.l.e.s.i.HeartbeatAnalysisServiceImpl[line:70] - 心跳时间:Fri Nov 20 16:34:17 CST 2020
16:35:26.209 WARN  c.e.s.l.e.s.i.HeartbeatAnalysisServiceImpl[line:70] - 心跳时间:Fri Nov 20 16:35:26 CST 2020
16:36:36.085 WARN  c.e.s.l.e.s.i.HeartbeatAnalysisServiceImpl[line:70] - 心跳时间:Fri Nov 20 16:36:36 CST 2020
16:37:44.942 WARN  c.e.s.l.e.s.i.HeartbeatAnalysisServiceImpl[line:70] - 心跳时间:Fri Nov 20 16:37:44 CST 2020
16:38:53.810 WARN  c.e.s.l.e.s.i.HeartbeatAnalysisServiceImpl[line:70] - 心跳时间:Fri Nov 20 16:38:53 CST 2020
16:40:03.627 WARN  c.e.s.l.e.s.i.HeartbeatAnalysisServiceImpl[line:70] - 心跳时间:Fri Nov 20 16:40:03 CST 2020
16:41:12.528 WARN  c.e.s.l.e.s.i.HeartbeatAnalysisServiceImpl[line:70] - 心跳时间:Fri Nov 20 16:41:12 CST 2020
16:42:21.373 WARN  c.e.s.l.e.s.i.HeartbeatAnalysisServiceImpl[line:70] - 心跳时间:Fri Nov 20 16:42:21 CST 2020
16:43:30.228 WARN  c.e.s.l.e.s.i.HeartbeatAnalysisServiceImpl[line:70] - 心跳时间:Fri Nov 20 16:43:30 CST 2020
16:44:39.064 WARN  c.e.s.l.e.s.i.HeartbeatAnalysisServiceImpl[line:70] - 心跳时间:Fri Nov 20 16:44:39 CST 2020
16:45:47.920 WARN  c.e.s.l.e.s.i.HeartbeatAnalysisServiceImpl[line:70] - 心跳时间:Fri Nov 20 16:45:47 CST 2020
16:46:56.795 WARN  c.e.s.l.e.s.i.HeartbeatAnalysisServiceImpl[line:70] - 心跳时间:Fri Nov 20 16:46:56 CST 2020
16:48:05.636 WARN  c.e.s.l.e.s.i.HeartbeatAnalysisServiceImpl[line:70] - 心跳时间:Fri Nov 20 16:48:05 CST 2020
16:49:14.442 WARN  c.e.s.l.e.s.i.HeartbeatAnalysisServiceImpl[line:70] - 心跳时间:Fri Nov 20 16:49:14 CST 2020
16:50:23.308 WARN  c.e.s.l.e.s.i.HeartbeatAnalysisServiceImpl[line:70] - 心跳时间:Fri Nov 20 16:50:23 CST 2020
16:51:32.178 WARN  c.e.s.l.e.s.i.HeartbeatAnalysisServiceImpl[line:70] - 心跳时间:Fri Nov 20 16:51:32 CST 2020
16:52:41.031 WARN  c.e.s.l.e.s.i.HeartbeatAnalysisServiceImpl[line:70] - 心跳时间:Fri Nov 20 16:52:41 CST 2020
16:53:49.865 WARN  c.e.s.l.e.s.i.HeartbeatAnalysisServiceImpl[line:70] - 心跳时间:Fri Nov 20 16:53:49 CST 2020
16:54:58.680 WARN  c.e.s.l.e.s.i.HeartbeatAnalysisServiceImpl[line:70] - 心跳时间:Fri Nov 20 16:54:58 CST 2020
16:56:07.570 WARN  c.e.s.l.e.s.i.HeartbeatAnalysisServiceImpl[line:70] - 心跳时间:Fri Nov 20 16:56:07 CST 2020
16:57:16.423 WARN  c.e.s.l.e.s.i.HeartbeatAnalysisServiceImpl[line:70] - 心跳时间:Fri Nov 20 16:57:16 CST 2020
16:58:25.308 WARN  c.e.s.l.e.s.i.HeartbeatAnalysisServiceImpl[line:70] - 心跳时间:Fri Nov 20 16:58:25 CST 2020
16:59:34.131 WARN  c.e.s.l.e.s.i.HeartbeatAnalysisServiceImpl[line:70] - 心跳时间:Fri Nov 20 16:59:34 CST 2020
17:00:42.959 WARN  c.e.s.l.e.s.i.HeartbeatAnalysisServiceImpl[line:70] - 心跳时间:Fri Nov 20 17:00:42 CST 2020
17:01:54.825 WARN  c.e.s.l.e.s.i.HeartbeatAnalysisServiceImpl[line:70] - 心跳时间:Fri Nov 20 17:01:54 CST 2020
17:03:04.619 WARN  c.e.s.l.e.s.i.HeartbeatAnalysisServiceImpl[line:70] - 心跳时间:Fri Nov 20 17:03:04 CST 2020
17:04:13.521 WARN  c.e.s.l.e.s.i.HeartbeatAnalysisServiceImpl[line:70] - 心跳时间:Fri Nov 20 17:04:13 CST 2020
17:05:22.353 WARN  c.e.s.l.e.s.i.HeartbeatAnalysisServiceImpl[line:70] - 心跳时间:Fri Nov 20 17:05:22 CST 2020
17:06:31.241 WARN  c.e.s.l.e.s.i.HeartbeatAnalysisServiceImpl[line:70] - 心跳时间:Fri Nov 20 17:06:31 CST 2020
17:07:40.138 WARN  c.e.s.l.e.s.i.HeartbeatAnalysisServiceImpl[line:70] - 心跳时间:Fri Nov 20 17:07:40 CST 2020
17:08:48.941 WARN  c.e.s.l.e.s.i.HeartbeatAnalysisServiceImpl[line:70] - 心跳时间:Fri Nov 20 17:08:48 CST 2020
17:09:57.796 WARN  c.e.s.l.e.s.i.HeartbeatAnalysisServiceImpl[line:70] - 心跳时间:Fri Nov 20 17:09:57 CST 2020
17:11:07.670 WARN  c.e.s.l.e.s.i.HeartbeatAnalysisServiceImpl[line:70] - 心跳时间:Fri Nov 20 17:11:07 CST 2020
17:12:16.529 WARN  c.e.s.l.e.s.i.HeartbeatAnalysisServiceImpl[line:70] - 心跳时间:Fri Nov 20 17:12:16 CST 2020
17:13:25.391 WARN  c.e.s.l.e.s.i.HeartbeatAnalysisServiceImpl[line:70] - 心跳时间:Fri Nov 20 17:13:25 CST 2020
17:14:34.270 WARN  c.e.s.l.e.s.i.HeartbeatAnalysisServiceImpl[line:70] - 心跳时间:Fri Nov 20 17:14:34 CST 2020
17:15:43.108 WARN  c.e.s.l.e.s.i.HeartbeatAnalysisServiceImpl[line:70] - 心跳时间:Fri Nov 20 17:15:43 CST 2020
17:16:51.988 WARN  c.e.s.l.e.s.i.HeartbeatAnalysisServiceImpl[line:70] - 心跳时间:Fri Nov 20 17:16:51 CST 2020
17:18:00.955 WARN  c.e.s.l.e.s.i.HeartbeatAnalysisServiceImpl[line:70] - 心跳时间:Fri Nov 20 17:18:00 CST 2020
17:19:09.941 WARN  c.e.s.l.e.s.i.HeartbeatAnalysisServiceImpl[line:70] - 心跳时间:Fri Nov 20 17:19:09 CST 2020
17:20:18.775 WARN  c.e.s.l.e.s.i.HeartbeatAnalysisServiceImpl[line:70] - 心跳时间:Fri Nov 20 17:20:18 CST 2020
17:21:27.654 WARN  c.e.s.l.e.s.i.HeartbeatAnalysisServiceImpl[line:70] - 心跳时间:Fri Nov 20 17:21:27 CST 2020
17:22:36.537 WARN  c.e.s.l.e.s.i.HeartbeatAnalysisServiceImpl[line:70] - 心跳时间:Fri Nov 20 17:22:36 CST 2020
17:23:46.408 WARN  c.e.s.l.e.s.i.HeartbeatAnalysisServiceImpl[line:70] - 心跳时间:Fri Nov 20 17:23:46 CST 2020
17:24:56.297 WARN  c.e.s.l.e.s.i.HeartbeatAnalysisServiceImpl[line:70] - 心跳时间:Fri Nov 20 17:24:56 CST 2020
17:26:05.199 WARN  c.e.s.l.e.s.i.HeartbeatAnalysisServiceImpl[line:70] - 心跳时间:Fri Nov 20 17:26:05 CST 2020
17:27:14.075 WARN  c.e.s.l.e.s.i.HeartbeatAnalysisServiceImpl[line:70] - 心跳时间:Fri Nov 20 17:27:14 CST 2020
17:28:22.978 WARN  c.e.s.l.e.s.i.HeartbeatAnalysisServiceImpl[line:70] - 心跳时间:Fri Nov 20 17:28:22 CST 2020
17:29:31.896 WARN  c.e.s.l.e.s.i.HeartbeatAnalysisServiceImpl[line:70] - 心跳时间:Fri Nov 20 17:29:31 CST 2020
17:30:41.738 WARN  c.e.s.l.e.s.i.HeartbeatAnalysisServiceImpl[line:70] - 心跳时间:Fri Nov 20 17:30:41 CST 2020
17:31:51.602 WARN  c.e.s.l.e.s.i.HeartbeatAnalysisServiceImpl[line:70] - 心跳时间:Fri Nov 20 17:31:51 CST 2020
17:33:00.502 WARN  c.e.s.l.e.s.i.HeartbeatAnalysisServiceImpl[line:70] - 心跳时间:Fri Nov 20 17:33:00 CST 2020
17:34:09.367 WARN  c.e.s.l.e.s.i.HeartbeatAnalysisServiceImpl[line:70] - 心跳时间:Fri Nov 20 17:34:09 CST 2020
17:35:18.250 WARN  c.e.s.l.e.s.i.HeartbeatAnalysisServiceImpl[line:70] - 心跳时间:Fri Nov 20 17:35:18 CST 2020
17:36:27.103 WARN  c.e.s.l.e.s.i.HeartbeatAnalysisServiceImpl[line:70] - 心跳时间:Fri Nov 20 17:36:27 CST 2020
17:37:35.950 WARN  c.e.s.l.e.s.i.HeartbeatAnalysisServiceImpl[line:70] - 心跳时间:Fri Nov 20 17:37:35 CST 2020
17:38:44.845 WARN  c.e.s.l.e.s.i.HeartbeatAnalysisServiceImpl[line:70] - 心跳时间:Fri Nov 20 17:38:44 CST 2020
17:39:53.689 WARN  c.e.s.l.e.s.i.HeartbeatAnalysisServiceImpl[line:70] - 心跳时间:Fri Nov 20 17:39:53 CST 2020
17:41:02.566 WARN  c.e.s.l.e.s.i.HeartbeatAnalysisServiceImpl[line:70] - 心跳时间:Fri Nov 20 17:41:02 CST 2020
17:42:11.401 WARN  c.e.s.l.e.s.i.HeartbeatAnalysisServiceImpl[line:70] - 心跳时间:Fri Nov 20 17:42:11 CST 2020
17:43:20.318 WARN  c.e.s.l.e.s.i.HeartbeatAnalysisServiceImpl[line:70] - 心跳时间:Fri Nov 20 17:43:20 CST 2020
17:44:29.160 WARN  c.e.s.l.e.s.i.HeartbeatAnalysisServiceImpl[line:70] - 心跳时间:Fri Nov 20 17:44:29 CST 2020
17:45:38.050 WARN  c.e.s.l.e.s.i.HeartbeatAnalysisServiceImpl[line:70] - 心跳时间:Fri Nov 20 17:45:38 CST 2020
17:46:46.934 WARN  c.e.s.l.e.s.i.HeartbeatAnalysisServiceImpl[line:70] - 心跳时间:Fri Nov 20 17:46:46 CST 2020
17:47:55.822 WARN  c.e.s.l.e.s.i.HeartbeatAnalysisServiceImpl[line:70] - 心跳时间:Fri Nov 20 17:47:55 CST 2020
17:49:04.681 WARN  c.e.s.l.e.s.i.HeartbeatAnalysisServiceImpl[line:70] - 心跳时间:Fri Nov 20 17:49:04 CST 2020
17:50:13.611 WARN  c.e.s.l.e.s.i.HeartbeatAnalysisServiceImpl[line:70] - 心跳时间:Fri Nov 20 17:50:13 CST 2020
17:51:22.517 WARN  c.e.s.l.e.s.i.HeartbeatAnalysisServiceImpl[line:70] - 心跳时间:Fri Nov 20 17:51:22 CST 2020
17:52:31.351 WARN  c.e.s.l.e.s.i.HeartbeatAnalysisServiceImpl[line:70] - 心跳时间:Fri Nov 20 17:52:31 CST 2020
17:53:40.297 WARN  c.e.s.l.e.s.i.HeartbeatAnalysisServiceImpl[line:70] - 心跳时间:Fri Nov 20 17:53:40 CST 2020
17:54:49.185 WARN  c.e.s.l.e.s.i.HeartbeatAnalysisServiceImpl[line:70] - 心跳时间:Fri Nov 20 17:54:49 CST 2020
17:55:58.192 WARN  c.e.s.l.e.s.i.HeartbeatAnalysisServiceImpl[line:70] - 心跳时间:Fri Nov 20 17:55:58 CST 2020
17:57:07.149 WARN  c.e.s.l.e.s.i.HeartbeatAnalysisServiceImpl[line:70] - 心跳时间:Fri Nov 20 17:57:07 CST 2020
17:58:16.068 WARN  c.e.s.l.e.s.i.HeartbeatAnalysisServiceImpl[line:70] - 心跳时间:Fri Nov 20 17:58:16 CST 2020
17:59:25.009 WARN  c.e.s.l.e.s.i.HeartbeatAnalysisServiceImpl[line:70] - 心跳时间:Fri Nov 20 17:59:25 CST 2020
18:00:33.758 WARN  c.e.s.l.e.s.i.HeartbeatAnalysisServiceImpl[line:70] - 心跳时间:Fri Nov 20 18:00:33 CST 2020
18:01:42.626 WARN  c.e.s.l.e.s.i.HeartbeatAnalysisServiceImpl[line:70] - 心跳时间:Fri Nov 20 18:01:42 CST 2020
18:02:51.536 WARN  c.e.s.l.e.s.i.HeartbeatAnalysisServiceImpl[line:70] - 心跳时间:Fri Nov 20 18:02:51 CST 2020
18:04:00.436 WARN  c.e.s.l.e.s.i.HeartbeatAnalysisServiceImpl[line:70] - 心跳时间:Fri Nov 20 18:04:00 CST 2020
18:05:09.265 WARN  c.e.s.l.e.s.i.HeartbeatAnalysisServiceImpl[line:70] - 心跳时间:Fri Nov 20 18:05:09 CST 2020
18:06:18.104 WARN  c.e.s.l.e.s.i.HeartbeatAnalysisServiceImpl[line:70] - 心跳时间:Fri Nov 20 18:06:18 CST 2020
18:07:26.919 WARN  c.e.s.l.e.s.i.HeartbeatAnalysisServiceImpl[line:70] - 心跳时间:Fri Nov 20 18:07:26 CST 2020
18:08:35.749 WARN  c.e.s.l.e.s.i.HeartbeatAnalysisServiceImpl[line:70] - 心跳时间:Fri Nov 20 18:08:35 CST 2020
18:09:44.625 WARN  c.e.s.l.e.s.i.HeartbeatAnalysisServiceImpl[line:70] - 心跳时间:Fri Nov 20 18:09:44 CST 2020
18:17:11.709 WARN  c.e.s.l.e.util.SocketClient[line:37] - 发送请求:192.168.112.172,port:9999
