09:32:22.160 INFO  c.e.s.l.e.ElectricityApplication[line:55] - Starting ElectricityApplication on DESKTOP-78VVBBB with PID 11744 (D:\Work\IDEA-workspace\street_light\electricity\target\classes started by EXC in D:\Work\IDEA-workspace\street_light)
09:32:22.179 INFO  c.e.s.l.e.ElectricityApplication[line:655] - The following profiles are active: dev
09:32:26.718 INFO  o.s.d.r.c.RepositoryConfigurationDelegate[line:249] - Multiple Spring Data modules found, entering strict repository configuration mode!
09:32:26.722 INFO  o.s.d.r.c.RepositoryConfigurationDelegate[line:127] - Bootstrapping Spring Data Redis repositories in DEFAULT mode.
09:32:26.896 INFO  o.s.d.r.c.RepositoryConfigurationDelegate[line:187] - Finished Spring Data repository scanning in 135ms. Found 0 Redis repository interfaces.
09:32:28.681 INFO  o.s.b.w.e.tomcat.TomcatWebServer[line:92] - Tomcat initialized with port(s): 60099 (http)
09:32:28.700 INFO  o.a.coyote.http11.Http11NioProtocol[line:173] - Initializing ProtocolHandler ["http-nio-60099"]
09:32:28.701 INFO  o.a.catalina.core.StandardService[line:173] - Starting service [Tomcat]
09:32:28.701 INFO  o.a.catalina.core.StandardEngine[line:173] - Starting Servlet engine: [Apache Tomcat/9.0.33]
09:32:29.030 INFO  o.a.c.c.C.[Tomcat].[localhost].[/][line:173] - Initializing Spring embedded WebApplicationContext
09:32:29.030 INFO  o.s.web.context.ContextLoader[line:284] - Root WebApplicationContext: initialization completed in 6678 ms
09:32:30.571 INFO  c.alibaba.druid.pool.DruidDataSource[line:1003] - {dataSource-1} inited
09:32:34.801 INFO  o.s.b.a.e.web.EndpointLinksResolver[line:58] - Exposing 2 endpoint(s) beneath base path '/actuator'
09:32:35.776 INFO  o.s.s.c.ThreadPoolTaskExecutor[line:181] - Initializing ExecutorService 'applicationTaskExecutor'
09:32:36.837 INFO  org.quartz.impl.StdSchedulerFactory[line:1208] - Using default implementation for ThreadExecutor
09:32:36.857 INFO  o.quartz.core.SchedulerSignalerImpl[line:61] - Initialized Scheduler Signaller of type: class org.quartz.core.SchedulerSignalerImpl
09:32:36.858 INFO  org.quartz.core.QuartzScheduler[line:229] - Quartz Scheduler v.2.3.0 created.
09:32:36.859 INFO  org.quartz.simpl.RAMJobStore[line:155] - RAMJobStore initialized.
09:32:36.860 INFO  org.quartz.core.QuartzScheduler[line:294] - Scheduler meta-data: Quartz Scheduler (v2.3.0) 'quartzScheduler' with instanceId 'NON_CLUSTERED'
  Scheduler class: 'org.quartz.core.QuartzScheduler' - running locally.
  NOT STARTED.
  Currently in standby mode.
  Number of jobs executed: 0
  Using thread pool 'org.quartz.simpl.SimpleThreadPool' - with 10 threads.
  Using job-store 'org.quartz.simpl.RAMJobStore' - which does not support persistence. and is not clustered.

09:32:36.860 INFO  org.quartz.impl.StdSchedulerFactory[line:1362] - Quartz scheduler 'quartzScheduler' initialized from an externally provided properties instance.
09:32:36.860 INFO  org.quartz.impl.StdSchedulerFactory[line:1366] - Quartz scheduler version: 2.3.0
09:32:36.861 INFO  org.quartz.core.QuartzScheduler[line:2287] - JobFactory set to: org.springframework.scheduling.quartz.SpringBeanJobFactory@48301bfe
09:32:36.873 INFO  o.s.s.c.ThreadPoolTaskScheduler[line:181] - Initializing ExecutorService 'taskScheduler'
09:32:37.634 INFO  o.s.s.quartz.SchedulerFactoryBean[line:727] - Starting Quartz Scheduler now
09:32:37.634 INFO  org.quartz.core.QuartzScheduler[line:547] - Scheduler quartzScheduler_$_NON_CLUSTERED started.
09:32:37.652 INFO  o.a.coyote.http11.Http11NioProtocol[line:173] - Starting ProtocolHandler ["http-nio-60099"]
09:32:37.697 INFO  o.s.b.w.e.tomcat.TomcatWebServer[line:204] - Tomcat started on port(s): 60099 (http) with context path ''
09:32:37.700 INFO  c.e.s.l.e.ElectricityApplication[line:61] - Started ElectricityApplication in 17.009 seconds (JVM running for 22.722)
09:32:38.647 INFO  c.e.s.l.e.netty.MessageRecvExecutor[line:105] - Netty EXC Server start success port:63330

09:32:38.670 INFO  o.a.c.c.C.[Tomcat].[localhost].[/][line:173] - Initializing Spring DispatcherServlet 'dispatcherServlet'
09:32:38.670 INFO  o.s.web.servlet.DispatcherServlet[line:525] - Initializing Servlet 'dispatcherServlet'
09:32:38.686 INFO  o.s.web.servlet.DispatcherServlet[line:547] - Completed initialization in 15 ms
09:32:39.088 INFO  io.lettuce.core.EpollProvider[line:68] - Starting without optional epoll library
09:32:39.103 INFO  io.lettuce.core.KqueueProvider[line:70] - Starting without optional kqueue library
09:33:00.102 INFO  c.e.s.l.e.timer.OnlineStatusTask[line:39] - onlineMap :{00-14-97-33-72-E6=1.606125602611E12, 00-14-97-31-70-C4=1.606115299447E12}
09:33:00.424 INFO  c.e.s.l.e.timer.OnlineStatusTask[line:41] - getToken定时任务启动 发送数据{"data":[{"isOnline":0,"nodeName":"00-14-97-33-72-E6","offlineTime":"2020-11-23 18:00:03"},null],"type":6}
09:33:15.394 INFO  c.e.s.l.e.netty.MessageRecvHandler[line:51] - 接收到新的连接,socketAddress=/192.168.112.172:59642
09:33:15.407 INFO  c.e.s.l.e.n.MessageRecvInitializeTask[line:42] - 接收到数据:EF EF 00 14 97 31 70 C4 05 00 00 84 1D 0D 
09:33:15.411 INFO  c.e.s.l.e.n.MessageRecvInitializeTask[line:47] - 功能码为：5
09:33:15.414 INFO  c.e.s.l.e.n.MessageRecvInitializeTask[line:50] - Mac地址为：00-14-97-31-70-C4
09:33:15.427 INFO  c.e.s.l.e.n.MessageRecvInitializeTask[line:82] - 准备应答
09:33:15.433 INFO  c.e.s.l.e.n.MessageRecvInitializeTask[line:89] - 应答完毕:00-14-97-31-70-C4,功能码:5
09:33:15.434 INFO  c.e.s.l.e.n.MessageRecvInitializeTask[line:97] - 该连接已经断开！
09:33:54.883 INFO  c.e.s.l.s.b.i.AuthcInterceptor[line:30] - ip:192.168.112.108
09:33:54.883 INFO  c.e.s.l.s.b.i.AuthcInterceptor[line:31] - port:62038
09:33:54.884 INFO  c.e.s.l.s.b.i.AuthcInterceptor[line:33] - authe interceptor uri:/api/electricity/node
09:33:54.952 INFO  c.e.s.l.s.b.i.AuthcInterceptor[line:30] - ip:192.168.112.108
09:33:54.953 INFO  c.e.s.l.s.b.i.AuthcInterceptor[line:31] - port:62038
09:33:54.953 INFO  c.e.s.l.s.b.i.AuthcInterceptor[line:33] - authe interceptor uri:/api/electricity/node
09:33:54.954 INFO  c.e.s.l.s.base.util.HttpClientUtil[line:276] - now client pool [leased: 0; pending: 0; available: 0; max: 100]
09:33:55.108 INFO  c.e.s.l.s.b.s.i.UserProxyServiceImpl[line:39] - loginAuthe url:http://192.168.112.252:60029/api/ua/authe,result:true
09:33:55.109 INFO  c.e.s.l.s.b.i.AuthcInterceptor[line:69] - authc interceptor uri:/api/electricity/node
09:33:55.109 INFO  c.e.s.l.s.base.util.HttpClientUtil[line:276] - now client pool [leased: 0; pending: 0; available: 1; max: 100]
09:33:55.147 INFO  c.e.s.l.s.b.s.i.UserProxyServiceImpl[line:54] - userAuthc url:http://192.168.112.252:60029/api/ua/authc,result:true
09:33:55.203 INFO  c.e.s.l.e.w.ElectricityNodeController[line:169] - 请求参数:ElectricityNodeQueryObject=ElectricityNodeQueryObject(name=, num=null, offline=null, isOpen=null, networkType=null, routerIsOffline=null, areaId=null, lampPostId=null, lampPostIdList=null)
09:33:55.205 INFO  c.e.s.l.e.s.i.ElectricityNodeServiceImpl[line:194] - 判断用户所属分区及是否是超级管理员
09:33:57.219 INFO  c.e.s.l.s.b.i.AuthcInterceptor[line:30] - ip:192.168.112.108
09:33:57.220 INFO  c.e.s.l.s.b.i.AuthcInterceptor[line:31] - port:62038
09:33:57.221 INFO  c.e.s.l.s.b.i.AuthcInterceptor[line:33] - authe interceptor uri:/api/can/channel/all
09:33:57.231 INFO  c.e.s.l.s.b.i.AuthcInterceptor[line:30] - ip:192.168.112.108
09:33:57.231 INFO  c.e.s.l.s.b.i.AuthcInterceptor[line:31] - port:62038
09:33:57.231 INFO  c.e.s.l.s.b.i.AuthcInterceptor[line:33] - authe interceptor uri:/api/can/channel/all
09:33:57.231 INFO  c.e.s.l.s.base.util.HttpClientUtil[line:276] - now client pool [leased: 0; pending: 0; available: 1; max: 100]
09:33:57.265 INFO  c.e.s.l.s.b.s.i.UserProxyServiceImpl[line:39] - loginAuthe url:http://192.168.112.252:60029/api/ua/authe,result:true
09:33:57.266 INFO  c.e.s.l.s.b.i.AuthcInterceptor[line:69] - authc interceptor uri:/api/can/channel/all
09:33:57.266 INFO  c.e.s.l.s.base.util.HttpClientUtil[line:276] - now client pool [leased: 0; pending: 0; available: 1; max: 100]
09:33:57.291 INFO  c.e.s.l.s.b.s.i.UserProxyServiceImpl[line:54] - userAuthc url:http://192.168.112.252:60029/api/ua/authc,result:true
09:33:57.300 INFO  c.e.s.l.e.web.CanChannelController[line:124] - 查询网关回路参数:CanChannelQueryObject(channelTypeId=null, nid=null, nodeName=, name=, status=null, sid=null, tagId=null, offline=null, areaId=null)
09:33:57.306 INFO  c.e.s.l.e.s.i.CanChannelServiceImpl[line:730] - 判断用户所属分区及是否是超级管理员
09:33:59.384 INFO  c.e.s.l.s.b.i.AuthcInterceptor[line:30] - ip:192.168.112.108
09:33:59.385 INFO  c.e.s.l.s.b.i.AuthcInterceptor[line:31] - port:62038
09:33:59.385 INFO  c.e.s.l.s.b.i.AuthcInterceptor[line:30] - ip:192.168.112.108
09:33:59.385 INFO  c.e.s.l.s.b.i.AuthcInterceptor[line:33] - authe interceptor uri:/api/electricity/node/pullDown/tree
09:33:59.385 INFO  c.e.s.l.s.b.i.AuthcInterceptor[line:31] - port:62049
09:33:59.386 INFO  c.e.s.l.s.b.i.AuthcInterceptor[line:33] - authe interceptor uri:/api/electricity/can/strategy/page
09:33:59.397 INFO  c.e.s.l.s.b.i.AuthcInterceptor[line:30] - ip:192.168.112.108
09:33:59.397 INFO  c.e.s.l.s.b.i.AuthcInterceptor[line:30] - ip:192.168.112.108
09:33:59.398 INFO  c.e.s.l.s.b.i.AuthcInterceptor[line:31] - port:62038
09:33:59.398 INFO  c.e.s.l.s.b.i.AuthcInterceptor[line:31] - port:62049
09:33:59.398 INFO  c.e.s.l.s.b.i.AuthcInterceptor[line:33] - authe interceptor uri:/api/electricity/can/strategy/page
09:33:59.398 INFO  c.e.s.l.s.base.util.HttpClientUtil[line:276] - now client pool [leased: 0; pending: 0; available: 1; max: 100]
09:33:59.398 INFO  c.e.s.l.s.b.i.AuthcInterceptor[line:33] - authe interceptor uri:/api/electricity/node/pullDown/tree
09:33:59.408 INFO  c.e.s.l.s.base.util.HttpClientUtil[line:276] - now client pool [leased: 1; pending: 0; available: 0; max: 100]
09:33:59.419 INFO  c.e.s.l.s.b.s.i.UserProxyServiceImpl[line:39] - loginAuthe url:http://192.168.112.252:60029/api/ua/authe,result:true
09:33:59.419 INFO  c.e.s.l.s.b.i.AuthcInterceptor[line:69] - authc interceptor uri:/api/electricity/node/pullDown/tree
09:33:59.419 INFO  c.e.s.l.s.base.util.HttpClientUtil[line:276] - now client pool [leased: 1; pending: 0; available: 1; max: 100]
09:33:59.450 INFO  c.e.s.l.s.b.s.i.UserProxyServiceImpl[line:39] - loginAuthe url:http://192.168.112.252:60029/api/ua/authe,result:true
09:33:59.450 INFO  c.e.s.l.s.b.i.AuthcInterceptor[line:69] - authc interceptor uri:/api/electricity/can/strategy/page
09:33:59.450 INFO  c.e.s.l.s.base.util.HttpClientUtil[line:276] - now client pool [leased: 1; pending: 0; available: 1; max: 100]
09:33:59.458 INFO  c.e.s.l.s.b.s.i.UserProxyServiceImpl[line:54] - userAuthc url:http://192.168.112.252:60029/api/ua/authc,result:true
09:33:59.459 INFO  c.e.s.l.e.s.i.ElectricityNodeServiceImpl[line:915] - 获取路灯网关下拉列表,接收参数:用户ID=1
09:33:59.470 INFO  c.e.s.l.s.b.s.i.UserProxyServiceImpl[line:54] - userAuthc url:http://192.168.112.252:60029/api/ua/authc,result:true
09:33:59.482 INFO  c.e.s.l.e.s.i.CanStrategyServiceImpl[line:113] - 分页查询路灯网关策略,接收参数:CanStrategyQueryObject=CanStrategyQueryObject(name=, areaId=null)
09:33:59.527 INFO  c.e.s.l.e.s.i.CanStrategyServiceImpl[line:167] - 分页查询路灯网关策略成功,接收参数:CanStrategyQueryObject=CanStrategyQueryObject(name=, areaId=null)
09:34:01.207 INFO  c.e.s.l.s.b.i.AuthcInterceptor[line:30] - ip:192.168.112.108
09:34:01.210 INFO  c.e.s.l.s.b.i.AuthcInterceptor[line:31] - port:62038
09:34:01.212 INFO  c.e.s.l.s.b.i.AuthcInterceptor[line:33] - authe interceptor uri:/api/can/channel/all
09:34:01.213 INFO  c.e.s.l.s.base.util.HttpClientUtil[line:276] - now client pool [leased: 0; pending: 0; available: 2; max: 100]
09:34:01.241 INFO  c.e.s.l.s.b.s.i.UserProxyServiceImpl[line:39] - loginAuthe url:http://192.168.112.252:60029/api/ua/authe,result:true
09:34:01.242 INFO  c.e.s.l.s.b.i.AuthcInterceptor[line:69] - authc interceptor uri:/api/can/channel/all
09:34:01.242 INFO  c.e.s.l.s.base.util.HttpClientUtil[line:276] - now client pool [leased: 0; pending: 0; available: 2; max: 100]
09:34:01.265 INFO  c.e.s.l.s.b.s.i.UserProxyServiceImpl[line:54] - userAuthc url:http://192.168.112.252:60029/api/ua/authc,result:true
09:34:01.266 INFO  c.e.s.l.e.web.CanChannelController[line:124] - 查询网关回路参数:CanChannelQueryObject(channelTypeId=null, nid=null, nodeName=, name=, status=null, sid=null, tagId=null, offline=null, areaId=null)
09:34:01.267 INFO  c.e.s.l.e.s.i.CanChannelServiceImpl[line:730] - 判断用户所属分区及是否是超级管理员
09:34:01.392 INFO  c.e.s.l.s.b.i.AuthcInterceptor[line:30] - ip:192.168.112.108
09:34:01.392 INFO  c.e.s.l.s.b.i.AuthcInterceptor[line:31] - port:62049
09:34:01.392 INFO  c.e.s.l.s.b.i.AuthcInterceptor[line:33] - authe interceptor uri:/api/can/channel/all
09:34:01.392 INFO  c.e.s.l.s.base.util.HttpClientUtil[line:276] - now client pool [leased: 0; pending: 0; available: 2; max: 100]
09:34:01.413 INFO  c.e.s.l.s.b.s.i.UserProxyServiceImpl[line:39] - loginAuthe url:http://192.168.112.252:60029/api/ua/authe,result:true
09:34:01.413 INFO  c.e.s.l.s.b.i.AuthcInterceptor[line:69] - authc interceptor uri:/api/can/channel/all
09:34:01.413 INFO  c.e.s.l.s.base.util.HttpClientUtil[line:276] - now client pool [leased: 0; pending: 0; available: 2; max: 100]
09:34:01.435 INFO  c.e.s.l.s.b.s.i.UserProxyServiceImpl[line:54] - userAuthc url:http://192.168.112.252:60029/api/ua/authc,result:true
09:34:01.436 INFO  c.e.s.l.e.web.CanChannelController[line:124] - 查询网关回路参数:CanChannelQueryObject(channelTypeId=null, nid=null, nodeName=, name=, status=null, sid=null, tagId=null, offline=null, areaId=null)
09:34:01.436 INFO  c.e.s.l.e.s.i.CanChannelServiceImpl[line:730] - 判断用户所属分区及是否是超级管理员
09:34:02.077 INFO  c.e.s.l.s.b.i.AuthcInterceptor[line:30] - ip:192.168.112.108
09:34:02.077 INFO  c.e.s.l.s.b.i.AuthcInterceptor[line:31] - port:62049
09:34:02.077 INFO  c.e.s.l.s.b.i.AuthcInterceptor[line:33] - authe interceptor uri:/api/electricity/can/strategy/page
09:34:02.110 INFO  c.e.s.l.s.b.i.AuthcInterceptor[line:30] - ip:192.168.112.108
09:34:02.110 INFO  c.e.s.l.s.b.i.AuthcInterceptor[line:31] - port:62049
09:34:02.110 INFO  c.e.s.l.s.b.i.AuthcInterceptor[line:33] - authe interceptor uri:/api/electricity/can/strategy/page
09:34:02.110 INFO  c.e.s.l.s.base.util.HttpClientUtil[line:276] - now client pool [leased: 0; pending: 0; available: 2; max: 100]
09:34:02.126 INFO  c.e.s.l.s.b.s.i.UserProxyServiceImpl[line:39] - loginAuthe url:http://192.168.112.252:60029/api/ua/authe,result:true
09:34:02.127 INFO  c.e.s.l.s.b.i.AuthcInterceptor[line:69] - authc interceptor uri:/api/electricity/can/strategy/page
09:34:02.127 INFO  c.e.s.l.s.base.util.HttpClientUtil[line:276] - now client pool [leased: 0; pending: 0; available: 2; max: 100]
09:34:02.158 INFO  c.e.s.l.s.b.s.i.UserProxyServiceImpl[line:54] - userAuthc url:http://192.168.112.252:60029/api/ua/authc,result:true
09:34:02.159 INFO  c.e.s.l.e.s.i.CanStrategyServiceImpl[line:113] - 分页查询路灯网关策略,接收参数:CanStrategyQueryObject=CanStrategyQueryObject(name=, areaId=null)
09:34:02.201 INFO  c.e.s.l.e.s.i.CanStrategyServiceImpl[line:167] - 分页查询路灯网关策略成功,接收参数:CanStrategyQueryObject=CanStrategyQueryObject(name=, areaId=null)
09:34:04.219 INFO  c.e.s.l.s.b.i.AuthcInterceptor[line:30] - ip:192.168.112.108
09:34:04.219 INFO  c.e.s.l.s.b.i.AuthcInterceptor[line:31] - port:62049
09:34:04.220 INFO  c.e.s.l.s.b.i.AuthcInterceptor[line:33] - authe interceptor uri:/api/electricity/node
09:34:04.220 INFO  c.e.s.l.s.base.util.HttpClientUtil[line:276] - now client pool [leased: 0; pending: 0; available: 2; max: 100]
09:34:04.258 INFO  c.e.s.l.s.b.s.i.UserProxyServiceImpl[line:39] - loginAuthe url:http://192.168.112.252:60029/api/ua/authe,result:true
09:34:04.259 INFO  c.e.s.l.s.b.i.AuthcInterceptor[line:69] - authc interceptor uri:/api/electricity/node
09:34:04.259 INFO  c.e.s.l.s.base.util.HttpClientUtil[line:276] - now client pool [leased: 0; pending: 0; available: 2; max: 100]
09:34:04.277 INFO  c.e.s.l.s.b.s.i.UserProxyServiceImpl[line:54] - userAuthc url:http://192.168.112.252:60029/api/ua/authc,result:true
09:34:04.278 INFO  c.e.s.l.e.w.ElectricityNodeController[line:169] - 请求参数:ElectricityNodeQueryObject=ElectricityNodeQueryObject(name=, num=null, offline=null, isOpen=null, networkType=null, routerIsOffline=null, areaId=null, lampPostId=null, lampPostIdList=null)
09:34:04.278 INFO  c.e.s.l.e.s.i.ElectricityNodeServiceImpl[line:194] - 判断用户所属分区及是否是超级管理员
09:34:21.275 INFO  c.e.s.l.s.b.i.AuthcInterceptor[line:30] - ip:192.168.112.108
09:34:21.275 INFO  c.e.s.l.s.b.i.AuthcInterceptor[line:31] - port:62049
09:34:21.275 INFO  c.e.s.l.s.b.i.AuthcInterceptor[line:33] - authe interceptor uri:/api/electricity/node
09:34:21.275 INFO  c.e.s.l.s.base.util.HttpClientUtil[line:276] - now client pool [leased: 0; pending: 0; available: 2; max: 100]
09:34:21.309 INFO  c.e.s.l.s.b.s.i.UserProxyServiceImpl[line:39] - loginAuthe url:http://192.168.112.252:60029/api/ua/authe,result:true
09:34:21.309 INFO  c.e.s.l.s.b.i.AuthcInterceptor[line:69] - authc interceptor uri:/api/electricity/node
09:34:21.309 INFO  c.e.s.l.s.base.util.HttpClientUtil[line:276] - now client pool [leased: 0; pending: 0; available: 2; max: 100]
09:34:21.335 INFO  c.e.s.l.s.b.s.i.UserProxyServiceImpl[line:54] - userAuthc url:http://192.168.112.252:60029/api/ua/authc,result:true
09:34:21.336 INFO  c.e.s.l.e.w.ElectricityNodeController[line:169] - 请求参数:ElectricityNodeQueryObject=ElectricityNodeQueryObject(name=, num=null, offline=null, isOpen=null, networkType=null, routerIsOffline=null, areaId=null, lampPostId=null, lampPostIdList=null)
09:34:21.336 INFO  c.e.s.l.e.s.i.ElectricityNodeServiceImpl[line:194] - 判断用户所属分区及是否是超级管理员
09:34:24.283 INFO  c.e.s.l.e.netty.MessageRecvHandler[line:51] - 接收到新的连接,socketAddress=/192.168.112.172:59643
09:34:24.285 INFO  c.e.s.l.e.n.MessageRecvInitializeTask[line:42] - 接收到数据:EF EF 00 14 97 31 70 C4 05 00 00 84 1D 0D 
09:34:24.285 INFO  c.e.s.l.e.n.MessageRecvInitializeTask[line:47] - 功能码为：5
09:34:24.286 INFO  c.e.s.l.e.n.MessageRecvInitializeTask[line:50] - Mac地址为：00-14-97-31-70-C4
09:34:24.286 INFO  c.e.s.l.e.n.MessageRecvInitializeTask[line:82] - 准备应答
09:34:24.286 INFO  c.e.s.l.e.n.MessageRecvInitializeTask[line:97] - 该连接已经断开！
09:34:24.287 INFO  c.e.s.l.e.n.MessageRecvChannelInitializer[line:49] - 返回的数据为:EF EF 00 14 97 31 70 C4 05 00 0E 05 D9 0D 
09:34:24.288 INFO  c.e.s.l.e.n.MessageRecvInitializeTask[line:89] - 应答完毕:00-14-97-31-70-C4,功能码:5
09:35:33.144 INFO  c.e.s.l.e.netty.MessageRecvHandler[line:51] - 接收到新的连接,socketAddress=/192.168.112.172:59644
09:35:33.146 INFO  c.e.s.l.e.n.MessageRecvInitializeTask[line:42] - 接收到数据:EF EF 00 14 97 31 70 C4 05 00 00 84 1D 0D 
09:35:33.147 INFO  c.e.s.l.e.n.MessageRecvInitializeTask[line:47] - 功能码为：5
09:35:33.147 INFO  c.e.s.l.e.n.MessageRecvInitializeTask[line:50] - Mac地址为：00-14-97-31-70-C4
09:35:33.147 INFO  c.e.s.l.e.n.MessageRecvInitializeTask[line:82] - 准备应答
09:35:33.148 INFO  c.e.s.l.e.n.MessageRecvInitializeTask[line:97] - 该连接已经断开！
09:35:33.148 INFO  c.e.s.l.e.n.MessageRecvChannelInitializer[line:49] - 返回的数据为:EF EF 00 14 97 31 70 C4 05 00 0E 05 D9 0D 
09:35:33.149 INFO  c.e.s.l.e.n.MessageRecvInitializeTask[line:89] - 应答完毕:00-14-97-31-70-C4,功能码:5
09:36:00.029 INFO  c.e.s.l.e.timer.OnlineStatusTask[line:39] - onlineMap :{00-14-97-33-72-E6=1.606125602611E12, 00-14-97-31-70-C4=1.606115299447E12}
09:36:00.095 INFO  c.e.s.l.e.timer.OnlineStatusTask[line:41] - getToken定时任务启动 发送数据{"data":[{"isOnline":0,"nodeName":"00-14-97-33-72-E6","offlineTime":"2020-11-23 18:00:03"},null],"type":6}
09:36:41.992 INFO  c.e.s.l.e.netty.MessageRecvHandler[line:51] - 接收到新的连接,socketAddress=/192.168.112.172:59645
09:36:41.994 INFO  c.e.s.l.e.n.MessageRecvInitializeTask[line:42] - 接收到数据:EF EF 00 14 97 31 70 C4 05 00 00 84 1D 0D 
09:36:41.995 INFO  c.e.s.l.e.n.MessageRecvInitializeTask[line:47] - 功能码为：5
09:36:41.995 INFO  c.e.s.l.e.n.MessageRecvInitializeTask[line:50] - Mac地址为：00-14-97-31-70-C4
09:36:41.996 INFO  c.e.s.l.e.n.MessageRecvInitializeTask[line:82] - 准备应答
09:36:41.996 INFO  c.e.s.l.e.n.MessageRecvInitializeTask[line:97] - 该连接已经断开！
09:36:41.997 INFO  c.e.s.l.e.n.MessageRecvChannelInitializer[line:49] - 返回的数据为:EF EF 00 14 97 31 70 C4 05 00 0E 05 D9 0D 
09:36:41.998 INFO  c.e.s.l.e.n.MessageRecvInitializeTask[line:89] - 应答完毕:00-14-97-31-70-C4,功能码:5
09:37:50.875 INFO  c.e.s.l.e.netty.MessageRecvHandler[line:51] - 接收到新的连接,socketAddress=/192.168.112.172:59646
09:37:50.876 INFO  c.e.s.l.e.n.MessageRecvInitializeTask[line:42] - 接收到数据:EF EF 00 14 97 31 70 C4 05 00 00 84 1D 0D 
09:37:50.876 INFO  c.e.s.l.e.n.MessageRecvInitializeTask[line:47] - 功能码为：5
09:37:50.876 INFO  c.e.s.l.e.n.MessageRecvInitializeTask[line:50] - Mac地址为：00-14-97-31-70-C4
09:37:50.877 INFO  c.e.s.l.e.n.MessageRecvInitializeTask[line:82] - 准备应答
09:37:50.877 INFO  c.e.s.l.e.n.MessageRecvInitializeTask[line:97] - 该连接已经断开！
09:37:50.877 INFO  c.e.s.l.e.n.MessageRecvChannelInitializer[line:49] - 返回的数据为:EF EF 00 14 97 31 70 C4 05 00 0E 05 D9 0D 
09:37:50.878 INFO  c.e.s.l.e.n.MessageRecvInitializeTask[line:89] - 应答完毕:00-14-97-31-70-C4,功能码:5
09:38:42.694 INFO  c.e.s.l.s.b.i.AuthcInterceptor[line:30] - ip:192.168.112.108
09:38:42.695 INFO  c.e.s.l.s.b.i.AuthcInterceptor[line:31] - port:62368
09:38:42.695 INFO  c.e.s.l.s.b.i.AuthcInterceptor[line:33] - authe interceptor uri:/api/can/channel/all
09:38:42.695 INFO  c.e.s.l.s.base.util.HttpClientUtil[line:276] - now client pool [leased: 0; pending: 0; available: 2; max: 100]
09:38:42.710 INFO  c.e.s.l.s.b.s.i.UserProxyServiceImpl[line:39] - loginAuthe url:http://192.168.112.252:60029/api/ua/authe,result:true
09:38:42.710 INFO  c.e.s.l.s.b.i.AuthcInterceptor[line:69] - authc interceptor uri:/api/can/channel/all
09:38:42.710 INFO  c.e.s.l.s.base.util.HttpClientUtil[line:276] - now client pool [leased: 0; pending: 0; available: 1; max: 100]
09:38:42.755 INFO  c.e.s.l.s.b.s.i.UserProxyServiceImpl[line:54] - userAuthc url:http://192.168.112.252:60029/api/ua/authc,result:true
09:38:42.755 INFO  c.e.s.l.e.web.CanChannelController[line:124] - 查询网关回路参数:CanChannelQueryObject(channelTypeId=null, nid=null, nodeName=, name=, status=null, sid=null, tagId=null, offline=null, areaId=null)
09:38:42.756 INFO  c.e.s.l.e.s.i.CanChannelServiceImpl[line:730] - 判断用户所属分区及是否是超级管理员
09:38:44.583 INFO  c.e.s.l.s.b.i.AuthcInterceptor[line:30] - ip:192.168.112.108
09:38:44.584 INFO  c.e.s.l.s.b.i.AuthcInterceptor[line:31] - port:62368
09:38:44.585 INFO  c.e.s.l.s.b.i.AuthcInterceptor[line:33] - authe interceptor uri:/api/electricity/node
09:38:44.588 INFO  c.e.s.l.s.base.util.HttpClientUtil[line:276] - now client pool [leased: 0; pending: 0; available: 1; max: 100]
09:38:44.613 INFO  c.e.s.l.s.b.s.i.UserProxyServiceImpl[line:39] - loginAuthe url:http://192.168.112.252:60029/api/ua/authe,result:true
09:38:44.614 INFO  c.e.s.l.s.b.i.AuthcInterceptor[line:69] - authc interceptor uri:/api/electricity/node
09:38:44.615 INFO  c.e.s.l.s.base.util.HttpClientUtil[line:276] - now client pool [leased: 0; pending: 0; available: 1; max: 100]
09:38:44.636 INFO  c.e.s.l.s.b.s.i.UserProxyServiceImpl[line:54] - userAuthc url:http://192.168.112.252:60029/api/ua/authc,result:true
09:38:44.638 INFO  c.e.s.l.e.w.ElectricityNodeController[line:169] - 请求参数:ElectricityNodeQueryObject=ElectricityNodeQueryObject(name=, num=null, offline=null, isOpen=null, networkType=null, routerIsOffline=null, areaId=null, lampPostId=null, lampPostIdList=null)
09:38:44.639 INFO  c.e.s.l.e.s.i.ElectricityNodeServiceImpl[line:194] - 判断用户所属分区及是否是超级管理员
09:38:59.734 INFO  c.e.s.l.e.netty.MessageRecvHandler[line:51] - 接收到新的连接,socketAddress=/192.168.112.172:59647
09:38:59.736 INFO  c.e.s.l.e.n.MessageRecvInitializeTask[line:42] - 接收到数据:EF EF 00 14 97 31 70 C4 05 00 00 84 1D 0D 
09:38:59.736 INFO  c.e.s.l.e.n.MessageRecvInitializeTask[line:47] - 功能码为：5
09:38:59.736 INFO  c.e.s.l.e.n.MessageRecvInitializeTask[line:50] - Mac地址为：00-14-97-31-70-C4
09:38:59.737 INFO  c.e.s.l.e.n.MessageRecvInitializeTask[line:82] - 准备应答
09:38:59.737 INFO  c.e.s.l.e.n.MessageRecvInitializeTask[line:97] - 该连接已经断开！
09:38:59.737 INFO  c.e.s.l.e.n.MessageRecvChannelInitializer[line:49] - 返回的数据为:EF EF 00 14 97 31 70 C4 05 00 0E 05 D9 0D 
09:38:59.738 INFO  c.e.s.l.e.n.MessageRecvInitializeTask[line:89] - 应答完毕:00-14-97-31-70-C4,功能码:5
09:39:00.018 INFO  c.e.s.l.e.timer.OnlineStatusTask[line:39] - onlineMap :{00-14-97-33-72-E6=1.606125602611E12, 00-14-97-31-70-C4=1.606115299447E12}
09:39:00.057 INFO  c.e.s.l.e.timer.OnlineStatusTask[line:41] - getToken定时任务启动 发送数据{"data":[{"isOnline":0,"nodeName":"00-14-97-33-72-E6","offlineTime":"2020-11-23 18:00:03"},null],"type":6}
09:40:08.615 INFO  c.e.s.l.e.netty.MessageRecvHandler[line:51] - 接收到新的连接,socketAddress=/192.168.112.172:59648
09:40:08.619 INFO  c.e.s.l.e.n.MessageRecvInitializeTask[line:42] - 接收到数据:EF EF 00 14 97 31 70 C4 05 00 00 84 1D 0D 
09:40:08.620 INFO  c.e.s.l.e.n.MessageRecvInitializeTask[line:47] - 功能码为：5
09:40:08.620 INFO  c.e.s.l.e.n.MessageRecvInitializeTask[line:50] - Mac地址为：00-14-97-31-70-C4
09:40:08.620 INFO  c.e.s.l.e.n.MessageRecvInitializeTask[line:82] - 准备应答
09:40:08.621 INFO  c.e.s.l.e.n.MessageRecvInitializeTask[line:97] - 该连接已经断开！
09:40:08.622 INFO  c.e.s.l.e.n.MessageRecvChannelInitializer[line:49] - 返回的数据为:EF EF 00 14 97 31 70 C4 05 00 0E 05 D9 0D 
09:40:08.622 INFO  c.e.s.l.e.n.MessageRecvInitializeTask[line:89] - 应答完毕:00-14-97-31-70-C4,功能码:5
09:41:00.598 INFO  c.e.s.l.s.b.i.AuthcInterceptor[line:30] - ip:192.168.112.113
09:41:00.599 INFO  c.e.s.l.s.b.i.AuthcInterceptor[line:31] - port:49389
09:41:00.600 INFO  c.e.s.l.s.b.i.AuthcInterceptor[line:33] - authe interceptor uri:/api/electricity/node
09:41:00.610 INFO  c.e.s.l.s.b.i.AuthcInterceptor[line:30] - ip:192.168.112.113
09:41:00.611 INFO  c.e.s.l.s.b.i.AuthcInterceptor[line:31] - port:49389
09:41:00.611 INFO  c.e.s.l.s.b.i.AuthcInterceptor[line:33] - authe interceptor uri:/api/electricity/node
09:41:00.612 INFO  c.e.s.l.s.base.util.HttpClientUtil[line:276] - now client pool [leased: 0; pending: 0; available: 1; max: 100]
09:41:00.628 INFO  c.e.s.l.s.b.s.i.UserProxyServiceImpl[line:39] - loginAuthe url:http://192.168.112.252:60029/api/ua/authe,result:true
09:41:00.628 INFO  c.e.s.l.s.b.i.AuthcInterceptor[line:69] - authc interceptor uri:/api/electricity/node
09:41:00.629 INFO  c.e.s.l.s.base.util.HttpClientUtil[line:276] - now client pool [leased: 0; pending: 0; available: 1; max: 100]
09:41:00.652 INFO  c.e.s.l.s.b.s.i.UserProxyServiceImpl[line:54] - userAuthc url:http://192.168.112.252:60029/api/ua/authc,result:true
09:41:00.654 INFO  c.e.s.l.e.w.ElectricityNodeController[line:169] - 请求参数:ElectricityNodeQueryObject=ElectricityNodeQueryObject(name=, num=null, offline=null, isOpen=null, networkType=null, routerIsOffline=null, areaId=null, lampPostId=null, lampPostIdList=null)
09:41:00.654 INFO  c.e.s.l.e.s.i.ElectricityNodeServiceImpl[line:194] - 判断用户所属分区及是否是超级管理员
09:41:17.510 INFO  c.e.s.l.e.netty.MessageRecvHandler[line:51] - 接收到新的连接,socketAddress=/192.168.112.172:59649
09:41:17.515 INFO  c.e.s.l.e.n.MessageRecvInitializeTask[line:42] - 接收到数据:EF EF 00 14 97 31 70 C4 05 00 00 84 1D 0D 
09:41:17.515 INFO  c.e.s.l.e.n.MessageRecvInitializeTask[line:47] - 功能码为：5
09:41:17.515 INFO  c.e.s.l.e.n.MessageRecvInitializeTask[line:50] - Mac地址为：00-14-97-31-70-C4
09:41:17.515 INFO  c.e.s.l.e.n.MessageRecvInitializeTask[line:82] - 准备应答
09:41:17.516 INFO  c.e.s.l.e.n.MessageRecvInitializeTask[line:97] - 该连接已经断开！
09:41:17.516 INFO  c.e.s.l.e.n.MessageRecvChannelInitializer[line:49] - 返回的数据为:EF EF 00 14 97 31 70 C4 05 00 0E 05 D9 0D 
09:41:17.517 INFO  c.e.s.l.e.n.MessageRecvInitializeTask[line:89] - 应答完毕:00-14-97-31-70-C4,功能码:5
09:42:00.018 INFO  c.e.s.l.e.timer.OnlineStatusTask[line:39] - onlineMap :{00-14-97-33-72-E6=1.606125602611E12, 00-14-97-31-70-C4=1.606115299447E12}
09:42:00.079 INFO  c.e.s.l.e.timer.OnlineStatusTask[line:41] - getToken定时任务启动 发送数据{"data":[{"isOnline":0,"nodeName":"00-14-97-33-72-E6","offlineTime":"2020-11-23 18:00:03"},null],"type":6}
09:42:26.351 INFO  c.e.s.l.e.netty.MessageRecvHandler[line:51] - 接收到新的连接,socketAddress=/192.168.112.172:59650
09:42:26.352 INFO  c.e.s.l.e.n.MessageRecvInitializeTask[line:42] - 接收到数据:EF EF 00 14 97 31 70 C4 05 00 00 84 1D 0D 
09:42:26.353 INFO  c.e.s.l.e.n.MessageRecvInitializeTask[line:47] - 功能码为：5
09:42:26.354 INFO  c.e.s.l.e.n.MessageRecvInitializeTask[line:50] - Mac地址为：00-14-97-31-70-C4
09:42:26.354 INFO  c.e.s.l.e.n.MessageRecvInitializeTask[line:82] - 准备应答
09:42:26.354 INFO  c.e.s.l.e.n.MessageRecvInitializeTask[line:97] - 该连接已经断开！
09:42:26.355 INFO  c.e.s.l.e.n.MessageRecvChannelInitializer[line:49] - 返回的数据为:EF EF 00 14 97 31 70 C4 05 00 0E 05 D9 0D 
09:42:26.356 INFO  c.e.s.l.e.n.MessageRecvInitializeTask[line:89] - 应答完毕:00-14-97-31-70-C4,功能码:5
09:43:35.253 INFO  c.e.s.l.e.netty.MessageRecvHandler[line:51] - 接收到新的连接,socketAddress=/192.168.112.172:59651
09:43:35.258 INFO  c.e.s.l.e.n.MessageRecvInitializeTask[line:42] - 接收到数据:EF EF 00 14 97 31 70 C4 05 00 00 84 1D 0D 
09:43:35.259 INFO  c.e.s.l.e.n.MessageRecvInitializeTask[line:47] - 功能码为：5
09:43:35.261 INFO  c.e.s.l.e.n.MessageRecvInitializeTask[line:50] - Mac地址为：00-14-97-31-70-C4
09:43:35.261 INFO  c.e.s.l.e.n.MessageRecvInitializeTask[line:82] - 准备应答
09:43:35.261 INFO  c.e.s.l.e.n.MessageRecvInitializeTask[line:97] - 该连接已经断开！
09:43:35.262 INFO  c.e.s.l.e.n.MessageRecvInitializeTask[line:89] - 应答完毕:00-14-97-31-70-C4,功能码:5
09:44:44.150 INFO  c.e.s.l.e.netty.MessageRecvHandler[line:51] - 接收到新的连接,socketAddress=/192.168.112.172:59652
09:44:44.153 INFO  c.e.s.l.e.n.MessageRecvInitializeTask[line:42] - 接收到数据:EF EF 00 14 97 31 70 C4 05 00 00 84 1D 0D 
09:44:44.153 INFO  c.e.s.l.e.n.MessageRecvInitializeTask[line:47] - 功能码为：5
09:44:44.154 INFO  c.e.s.l.e.n.MessageRecvInitializeTask[line:50] - Mac地址为：00-14-97-31-70-C4
09:44:44.154 INFO  c.e.s.l.e.n.MessageRecvInitializeTask[line:82] - 准备应答
09:44:44.155 INFO  c.e.s.l.e.n.MessageRecvInitializeTask[line:97] - 该连接已经断开！
09:44:44.156 INFO  c.e.s.l.e.n.MessageRecvChannelInitializer[line:49] - 返回的数据为:EF EF 00 14 97 31 70 C4 05 00 0E 05 D9 0D 
09:44:44.157 INFO  c.e.s.l.e.n.MessageRecvInitializeTask[line:89] - 应答完毕:00-14-97-31-70-C4,功能码:5
09:45:00.025 INFO  c.e.s.l.e.timer.OnlineStatusTask[line:39] - onlineMap :{00-14-97-33-72-E6=1.606125602611E12, 00-14-97-31-70-C4=1.606115299447E12}
09:45:00.066 INFO  c.e.s.l.e.timer.OnlineStatusTask[line:41] - getToken定时任务启动 发送数据{"data":[{"isOnline":0,"nodeName":"00-14-97-33-72-E6","offlineTime":"2020-11-23 18:00:03"},null],"type":6}
09:45:53.029 INFO  c.e.s.l.e.netty.MessageRecvHandler[line:51] - 接收到新的连接,socketAddress=/192.168.112.172:59653
09:45:53.030 INFO  c.e.s.l.e.n.MessageRecvInitializeTask[line:42] - 接收到数据:EF EF 00 14 97 31 70 C4 05 00 00 84 1D 0D 
09:45:53.031 INFO  c.e.s.l.e.n.MessageRecvInitializeTask[line:47] - 功能码为：5
09:45:53.031 INFO  c.e.s.l.e.n.MessageRecvInitializeTask[line:50] - Mac地址为：00-14-97-31-70-C4
09:45:53.031 INFO  c.e.s.l.e.n.MessageRecvInitializeTask[line:82] - 准备应答
09:45:53.031 INFO  c.e.s.l.e.n.MessageRecvInitializeTask[line:97] - 该连接已经断开！
09:45:53.032 INFO  c.e.s.l.e.n.MessageRecvChannelInitializer[line:49] - 返回的数据为:EF EF 00 14 97 31 70 C4 05 00 0E 05 D9 0D 
09:45:53.032 INFO  c.e.s.l.e.n.MessageRecvInitializeTask[line:89] - 应答完毕:00-14-97-31-70-C4,功能码:5
09:47:01.934 INFO  c.e.s.l.e.netty.MessageRecvHandler[line:51] - 接收到新的连接,socketAddress=/192.168.112.172:59654
09:47:01.937 INFO  c.e.s.l.e.n.MessageRecvInitializeTask[line:42] - 接收到数据:EF EF 00 14 97 31 70 C4 05 00 00 84 1D 0D 
09:47:01.938 INFO  c.e.s.l.e.n.MessageRecvInitializeTask[line:47] - 功能码为：5
09:47:01.938 INFO  c.e.s.l.e.n.MessageRecvInitializeTask[line:50] - Mac地址为：00-14-97-31-70-C4
09:47:01.938 INFO  c.e.s.l.e.n.MessageRecvInitializeTask[line:82] - 准备应答
09:47:01.938 INFO  c.e.s.l.e.n.MessageRecvInitializeTask[line:97] - 该连接已经断开！
09:47:01.939 INFO  c.e.s.l.e.n.MessageRecvChannelInitializer[line:49] - 返回的数据为:EF EF 00 14 97 31 70 C4 05 00 0E 05 D9 0D 
09:47:01.940 INFO  c.e.s.l.e.n.MessageRecvInitializeTask[line:89] - 应答完毕:00-14-97-31-70-C4,功能码:5
09:48:00.027 INFO  c.e.s.l.e.timer.OnlineStatusTask[line:39] - onlineMap :{00-14-97-33-72-E6=1.606125602611E12, 00-14-97-31-70-C4=1.606115299447E12}
09:48:00.082 INFO  c.e.s.l.e.timer.OnlineStatusTask[line:41] - getToken定时任务启动 发送数据{"data":[{"isOnline":0,"nodeName":"00-14-97-33-72-E6","offlineTime":"2020-11-23 18:00:03"},null],"type":6}
09:48:10.805 INFO  c.e.s.l.e.netty.MessageRecvHandler[line:51] - 接收到新的连接,socketAddress=/192.168.112.172:59655
09:48:10.806 INFO  c.e.s.l.e.n.MessageRecvInitializeTask[line:42] - 接收到数据:EF EF 00 14 97 31 70 C4 05 00 00 84 1D 0D 
09:48:10.807 INFO  c.e.s.l.e.n.MessageRecvInitializeTask[line:47] - 功能码为：5
09:48:10.807 INFO  c.e.s.l.e.n.MessageRecvInitializeTask[line:50] - Mac地址为：00-14-97-31-70-C4
09:48:10.807 INFO  c.e.s.l.e.n.MessageRecvInitializeTask[line:82] - 准备应答
09:48:10.807 INFO  c.e.s.l.e.n.MessageRecvInitializeTask[line:97] - 该连接已经断开！
09:48:10.807 INFO  c.e.s.l.e.n.MessageRecvChannelInitializer[line:49] - 返回的数据为:EF EF 00 14 97 31 70 C4 05 00 0E 05 D9 0D 
09:48:10.808 INFO  c.e.s.l.e.n.MessageRecvInitializeTask[line:89] - 应答完毕:00-14-97-31-70-C4,功能码:5
09:49:19.695 INFO  c.e.s.l.e.netty.MessageRecvHandler[line:51] - 接收到新的连接,socketAddress=/192.168.112.172:59656
09:49:19.697 INFO  c.e.s.l.e.n.MessageRecvInitializeTask[line:42] - 接收到数据:EF EF 00 14 97 31 70 C4 05 00 00 84 1D 0D 
09:49:19.698 INFO  c.e.s.l.e.n.MessageRecvInitializeTask[line:47] - 功能码为：5
09:49:19.698 INFO  c.e.s.l.e.n.MessageRecvInitializeTask[line:50] - Mac地址为：00-14-97-31-70-C4
09:49:19.698 INFO  c.e.s.l.e.n.MessageRecvInitializeTask[line:82] - 准备应答
09:49:19.698 INFO  c.e.s.l.e.n.MessageRecvInitializeTask[line:97] - 该连接已经断开！
09:49:19.698 INFO  c.e.s.l.e.n.MessageRecvChannelInitializer[line:49] - 返回的数据为:EF EF 00 14 97 31 70 C4 05 00 0E 05 D9 0D 
09:49:19.699 INFO  c.e.s.l.e.n.MessageRecvInitializeTask[line:89] - 应答完毕:00-14-97-31-70-C4,功能码:5
09:50:31.549 INFO  c.e.s.l.e.netty.MessageRecvHandler[line:51] - 接收到新的连接,socketAddress=/192.168.112.172:59657
09:50:31.551 INFO  c.e.s.l.e.n.MessageRecvInitializeTask[line:42] - 接收到数据:EF EF 00 14 97 31 70 C4 05 00 00 84 1D 0D 
09:50:31.551 INFO  c.e.s.l.e.n.MessageRecvInitializeTask[line:47] - 功能码为：5
09:50:31.551 INFO  c.e.s.l.e.n.MessageRecvInitializeTask[line:50] - Mac地址为：00-14-97-31-70-C4
09:50:31.551 INFO  c.e.s.l.e.n.MessageRecvInitializeTask[line:82] - 准备应答
09:50:31.552 INFO  c.e.s.l.e.n.MessageRecvInitializeTask[line:97] - 该连接已经断开！
09:50:31.552 INFO  c.e.s.l.e.n.MessageRecvChannelInitializer[line:49] - 返回的数据为:EF EF 00 14 97 31 70 C4 05 00 0E 05 D9 0D 
09:50:31.552 INFO  c.e.s.l.e.n.MessageRecvInitializeTask[line:89] - 应答完毕:00-14-97-31-70-C4,功能码:5
09:51:00.018 INFO  c.e.s.l.e.timer.OnlineStatusTask[line:39] - onlineMap :{00-14-97-33-72-E6=1.606125602611E12, 00-14-97-31-70-C4=1.606115299447E12}
09:51:00.062 INFO  c.e.s.l.e.timer.OnlineStatusTask[line:41] - getToken定时任务启动 发送数据{"data":[{"isOnline":0,"nodeName":"00-14-97-33-72-E6","offlineTime":"2020-11-23 18:00:03"},null],"type":6}
09:51:40.418 INFO  c.e.s.l.e.netty.MessageRecvHandler[line:51] - 接收到新的连接,socketAddress=/192.168.112.172:59658
09:51:40.419 INFO  c.e.s.l.e.n.MessageRecvInitializeTask[line:42] - 接收到数据:EF EF 00 14 97 31 70 C4 05 00 00 84 1D 0D 
09:51:40.420 INFO  c.e.s.l.e.n.MessageRecvInitializeTask[line:47] - 功能码为：5
09:51:40.420 INFO  c.e.s.l.e.n.MessageRecvInitializeTask[line:50] - Mac地址为：00-14-97-31-70-C4
09:51:40.420 INFO  c.e.s.l.e.n.MessageRecvInitializeTask[line:82] - 准备应答
09:51:40.420 INFO  c.e.s.l.e.n.MessageRecvInitializeTask[line:97] - 该连接已经断开！
09:51:40.421 INFO  c.e.s.l.e.n.MessageRecvChannelInitializer[line:49] - 返回的数据为:EF EF 00 14 97 31 70 C4 05 00 0E 05 D9 0D 
09:51:40.421 INFO  c.e.s.l.e.n.MessageRecvInitializeTask[line:89] - 应答完毕:00-14-97-31-70-C4,功能码:5
09:52:49.302 INFO  c.e.s.l.e.netty.MessageRecvHandler[line:51] - 接收到新的连接,socketAddress=/192.168.112.172:59659
09:52:49.304 INFO  c.e.s.l.e.n.MessageRecvInitializeTask[line:42] - 接收到数据:EF EF 00 14 97 31 70 C4 05 00 00 84 1D 0D 
09:52:49.304 INFO  c.e.s.l.e.n.MessageRecvInitializeTask[line:47] - 功能码为：5
09:52:49.304 INFO  c.e.s.l.e.n.MessageRecvInitializeTask[line:50] - Mac地址为：00-14-97-31-70-C4
09:52:49.304 INFO  c.e.s.l.e.n.MessageRecvInitializeTask[line:82] - 准备应答
09:52:49.304 INFO  c.e.s.l.e.n.MessageRecvInitializeTask[line:97] - 该连接已经断开！
09:52:49.304 INFO  c.e.s.l.e.n.MessageRecvChannelInitializer[line:49] - 返回的数据为:EF EF 00 14 97 31 70 C4 05 00 0E 05 D9 0D 
09:52:49.305 INFO  c.e.s.l.e.n.MessageRecvInitializeTask[line:89] - 应答完毕:00-14-97-31-70-C4,功能码:5
09:53:58.222 INFO  c.e.s.l.e.netty.MessageRecvHandler[line:51] - 接收到新的连接,socketAddress=/192.168.112.172:59660
09:53:58.228 INFO  c.e.s.l.e.n.MessageRecvInitializeTask[line:42] - 接收到数据:EF EF 00 14 97 31 70 C4 05 00 00 84 1D 0D 
09:53:58.229 INFO  c.e.s.l.e.n.MessageRecvInitializeTask[line:47] - 功能码为：5
09:53:58.229 INFO  c.e.s.l.e.n.MessageRecvInitializeTask[line:50] - Mac地址为：00-14-97-31-70-C4
09:53:58.229 INFO  c.e.s.l.e.n.MessageRecvInitializeTask[line:82] - 准备应答
09:53:58.229 INFO  c.e.s.l.e.n.MessageRecvInitializeTask[line:97] - 该连接已经断开！
09:53:58.229 INFO  c.e.s.l.e.n.MessageRecvChannelInitializer[line:49] - 返回的数据为:EF EF 00 14 97 31 70 C4 05 00 0E 05 D9 0D 
09:53:58.230 INFO  c.e.s.l.e.n.MessageRecvInitializeTask[line:89] - 应答完毕:00-14-97-31-70-C4,功能码:5
09:54:00.011 INFO  c.e.s.l.e.timer.OnlineStatusTask[line:39] - onlineMap :{00-14-97-33-72-E6=1.606125602611E12, 00-14-97-31-70-C4=1.606115299447E12}
09:54:00.056 INFO  c.e.s.l.e.timer.OnlineStatusTask[line:41] - getToken定时任务启动 发送数据{"data":[{"isOnline":0,"nodeName":"00-14-97-33-72-E6","offlineTime":"2020-11-23 18:00:03"},null],"type":6}
09:55:07.135 INFO  c.e.s.l.e.netty.MessageRecvHandler[line:51] - 接收到新的连接,socketAddress=/192.168.112.172:59661
09:55:07.138 INFO  c.e.s.l.e.n.MessageRecvInitializeTask[line:42] - 接收到数据:EF EF 00 14 97 31 70 C4 05 00 00 84 1D 0D 
09:55:07.139 INFO  c.e.s.l.e.n.MessageRecvInitializeTask[line:47] - 功能码为：5
09:55:07.139 INFO  c.e.s.l.e.n.MessageRecvInitializeTask[line:50] - Mac地址为：00-14-97-31-70-C4
09:55:07.140 INFO  c.e.s.l.e.n.MessageRecvInitializeTask[line:82] - 准备应答
09:55:07.141 INFO  c.e.s.l.e.n.MessageRecvInitializeTask[line:97] - 该连接已经断开！
09:55:07.141 INFO  c.e.s.l.e.n.MessageRecvChannelInitializer[line:49] - 返回的数据为:EF EF 00 14 97 31 70 C4 05 00 0E 05 D9 0D 
09:55:07.142 INFO  c.e.s.l.e.n.MessageRecvInitializeTask[line:89] - 应答完毕:00-14-97-31-70-C4,功能码:5
09:56:16.995 INFO  c.e.s.l.e.netty.MessageRecvHandler[line:51] - 接收到新的连接,socketAddress=/192.168.112.172:59662
09:56:17.008 INFO  c.e.s.l.e.n.MessageRecvInitializeTask[line:42] - 接收到数据:EF EF 00 14 97 31 70 C4 05 00 00 84 1D 0D 
09:56:17.008 INFO  c.e.s.l.e.n.MessageRecvInitializeTask[line:47] - 功能码为：5
09:56:17.008 INFO  c.e.s.l.e.n.MessageRecvInitializeTask[line:50] - Mac地址为：00-14-97-31-70-C4
09:56:17.009 INFO  c.e.s.l.e.n.MessageRecvInitializeTask[line:82] - 准备应答
09:56:17.009 INFO  c.e.s.l.e.n.MessageRecvInitializeTask[line:97] - 该连接已经断开！
09:56:17.009 INFO  c.e.s.l.e.n.MessageRecvInitializeTask[line:89] - 应答完毕:00-14-97-31-70-C4,功能码:5
09:57:00.021 INFO  c.e.s.l.e.timer.OnlineStatusTask[line:39] - onlineMap :{00-14-97-33-72-E6=1.606125602611E12, 00-14-97-31-70-C4=1.606115299447E12}
09:57:00.069 INFO  c.e.s.l.e.timer.OnlineStatusTask[line:41] - getToken定时任务启动 发送数据{"data":[{"isOnline":0,"nodeName":"00-14-97-33-72-E6","offlineTime":"2020-11-23 18:00:03"},null],"type":6}
09:57:11.684 INFO  org.quartz.core.QuartzScheduler[line:585] - Scheduler quartzScheduler_$_NON_CLUSTERED paused.
09:57:11.686 INFO  o.s.s.c.ThreadPoolTaskScheduler[line:218] - Shutting down ExecutorService 'taskScheduler'
09:57:11.686 INFO  o.s.s.quartz.SchedulerFactoryBean[line:845] - Shutting down Quartz Scheduler
09:57:11.687 INFO  org.quartz.core.QuartzScheduler[line:666] - Scheduler quartzScheduler_$_NON_CLUSTERED shutting down.
09:57:11.687 INFO  org.quartz.core.QuartzScheduler[line:585] - Scheduler quartzScheduler_$_NON_CLUSTERED paused.
09:57:11.688 INFO  org.quartz.core.QuartzScheduler[line:740] - Scheduler quartzScheduler_$_NON_CLUSTERED shutdown complete.
09:57:11.690 INFO  o.s.s.c.ThreadPoolTaskExecutor[line:218] - Shutting down ExecutorService 'applicationTaskExecutor'
09:57:11.835 INFO  c.alibaba.druid.pool.DruidDataSource[line:1948] - {dataSource-1} closing ...
09:57:11.842 INFO  c.alibaba.druid.pool.DruidDataSource[line:2020] - {dataSource-1} closed
