09:52:47.165 WARN  s.d.s.r.o.OperationImplicitParameterReader[line:170] - Unable to interpret the implicit parameter configuration with dataType: Integer, dataTypeClass: class java.lang.Void
09:52:47.189 WARN  s.d.s.r.o.OperationImplicitParameterReader[line:170] - Unable to interpret the implicit parameter configuration with dataType: , dataTypeClass: class java.lang.Void
09:52:47.203 WARN  s.d.s.r.o.OperationImplicitParameterReader[line:170] - Unable to interpret the implicit parameter configuration with dataType: Integer, dataTypeClass: class java.lang.Void
09:52:47.366 WARN  s.d.s.r.o.OperationImplicitParameterReader[line:170] - Unable to interpret the implicit parameter configuration with dataType: Long, dataTypeClass: class java.lang.Void
09:52:47.414 WARN  s.d.s.r.o.OperationImplicitParameterReader[line:170] - Unable to interpret the implicit parameter configuration with dataType: int, dataTypeClass: class java.lang.Void
09:52:47.417 WARN  s.d.s.r.o.OperationImplicitParameterReader[line:170] - Unable to interpret the implicit parameter configuration with dataType: int, dataTypeClass: class java.lang.Void
09:52:47.418 WARN  s.d.s.r.o.OperationImplicitParameterReader[line:170] - Unable to interpret the implicit parameter configuration with dataType: int, dataTypeClass: class java.lang.Void
09:52:47.420 WARN  s.d.s.r.o.OperationImplicitParameterReader[line:170] - Unable to interpret the implicit parameter configuration with dataType: int, dataTypeClass: class java.lang.Void
09:52:47.422 WARN  s.d.s.r.o.OperationImplicitParameterReader[line:170] - Unable to interpret the implicit parameter configuration with dataType: int, dataTypeClass: class java.lang.Void
09:52:47.424 WARN  s.d.s.r.o.OperationImplicitParameterReader[line:170] - Unable to interpret the implicit parameter configuration with dataType: int, dataTypeClass: class java.lang.Void
09:52:47.431 WARN  s.d.s.r.o.OperationImplicitParameterReader[line:170] - Unable to interpret the implicit parameter configuration with dataType: String, dataTypeClass: class java.lang.Void
09:52:47.461 WARN  s.d.s.r.o.OperationImplicitParameterReader[line:170] - Unable to interpret the implicit parameter configuration with dataType: Integer, dataTypeClass: class java.lang.Void
09:52:47.465 WARN  s.d.s.r.o.OperationImplicitParameterReader[line:170] - Unable to interpret the implicit parameter configuration with dataType: , dataTypeClass: class java.lang.Void
09:52:47.470 WARN  s.d.s.r.o.OperationImplicitParameterReader[line:170] - Unable to interpret the implicit parameter configuration with dataType: Integer, dataTypeClass: class java.lang.Void
09:52:47.477 WARN  s.d.s.r.o.OperationImplicitParameterReader[line:170] - Unable to interpret the implicit parameter configuration with dataType: Integer, dataTypeClass: class java.lang.Void
09:52:47.516 WARN  s.d.s.r.o.OperationImplicitParameterReader[line:170] - Unable to interpret the implicit parameter configuration with dataType: Integer, dataTypeClass: class java.lang.Void
09:52:47.523 WARN  s.d.s.r.o.OperationImplicitParameterReader[line:170] - Unable to interpret the implicit parameter configuration with dataType: , dataTypeClass: class java.lang.Void
09:52:47.526 WARN  s.d.s.r.o.OperationImplicitParameterReader[line:170] - Unable to interpret the implicit parameter configuration with dataType: Integer, dataTypeClass: class java.lang.Void
09:52:47.561 WARN  s.d.s.r.o.OperationImplicitParameterReader[line:170] - Unable to interpret the implicit parameter configuration with dataType: Long, dataTypeClass: class java.lang.Void
09:52:47.569 WARN  s.d.s.r.o.OperationImplicitParameterReader[line:170] - Unable to interpret the implicit parameter configuration with dataType: int, dataTypeClass: class java.lang.Void
09:52:47.569 WARN  s.d.s.r.o.OperationImplicitParameterReader[line:170] - Unable to interpret the implicit parameter configuration with dataType: int, dataTypeClass: class java.lang.Void
09:52:47.570 WARN  s.d.s.r.o.OperationImplicitParameterReader[line:170] - Unable to interpret the implicit parameter configuration with dataType: int, dataTypeClass: class java.lang.Void
09:52:47.571 WARN  s.d.s.r.o.OperationImplicitParameterReader[line:170] - Unable to interpret the implicit parameter configuration with dataType: int, dataTypeClass: class java.lang.Void
09:52:47.572 WARN  s.d.s.r.o.OperationImplicitParameterReader[line:170] - Unable to interpret the implicit parameter configuration with dataType: int, dataTypeClass: class java.lang.Void
09:52:47.592 WARN  s.d.s.r.o.OperationImplicitParameterReader[line:170] - Unable to interpret the implicit parameter configuration with dataType: String, dataTypeClass: class java.lang.Void
09:52:47.607 WARN  s.d.s.r.o.OperationImplicitParameterReader[line:170] - Unable to interpret the implicit parameter configuration with dataType: Long, dataTypeClass: class java.lang.Void
09:52:47.610 WARN  s.d.s.r.o.OperationImplicitParameterReader[line:170] - Unable to interpret the implicit parameter configuration with dataType: Long, dataTypeClass: class java.lang.Void
09:52:47.647 WARN  s.d.s.r.o.OperationImplicitParameterReader[line:170] - Unable to interpret the implicit parameter configuration with dataType: Long, dataTypeClass: class java.lang.Void
09:52:47.655 WARN  s.d.s.r.o.OperationImplicitParameterReader[line:170] - Unable to interpret the implicit parameter configuration with dataType: Long, dataTypeClass: class java.lang.Void
09:52:47.753 WARN  s.d.s.r.o.OperationImplicitParameterReader[line:170] - Unable to interpret the implicit parameter configuration with dataType: Long, dataTypeClass: class java.lang.Void
09:52:47.806 WARN  s.d.s.r.o.OperationImplicitParameterReader[line:170] - Unable to interpret the implicit parameter configuration with dataType: int, dataTypeClass: class java.lang.Void
09:52:47.810 WARN  s.d.s.r.o.OperationImplicitParameterReader[line:170] - Unable to interpret the implicit parameter configuration with dataType: int, dataTypeClass: class java.lang.Void
09:52:47.823 WARN  s.d.s.r.o.OperationImplicitParameterReader[line:170] - Unable to interpret the implicit parameter configuration with dataType: int, dataTypeClass: class java.lang.Void
09:52:48.333 WARN  c.e.s.light.dlm.utils.SocketClient[line:37] - 发送请求:192.168.112.25,port:9999
09:56:29.121 WARN  s.d.s.r.o.OperationImplicitParameterReader[line:170] - Unable to interpret the implicit parameter configuration with dataType: Integer, dataTypeClass: class java.lang.Void
09:56:29.153 WARN  s.d.s.r.o.OperationImplicitParameterReader[line:170] - Unable to interpret the implicit parameter configuration with dataType: , dataTypeClass: class java.lang.Void
09:56:29.166 WARN  s.d.s.r.o.OperationImplicitParameterReader[line:170] - Unable to interpret the implicit parameter configuration with dataType: Integer, dataTypeClass: class java.lang.Void
09:56:29.344 WARN  s.d.s.r.o.OperationImplicitParameterReader[line:170] - Unable to interpret the implicit parameter configuration with dataType: Long, dataTypeClass: class java.lang.Void
09:56:29.392 WARN  s.d.s.r.o.OperationImplicitParameterReader[line:170] - Unable to interpret the implicit parameter configuration with dataType: int, dataTypeClass: class java.lang.Void
09:56:29.394 WARN  s.d.s.r.o.OperationImplicitParameterReader[line:170] - Unable to interpret the implicit parameter configuration with dataType: int, dataTypeClass: class java.lang.Void
09:56:29.395 WARN  s.d.s.r.o.OperationImplicitParameterReader[line:170] - Unable to interpret the implicit parameter configuration with dataType: int, dataTypeClass: class java.lang.Void
09:56:29.397 WARN  s.d.s.r.o.OperationImplicitParameterReader[line:170] - Unable to interpret the implicit parameter configuration with dataType: int, dataTypeClass: class java.lang.Void
09:56:29.403 WARN  s.d.s.r.o.OperationImplicitParameterReader[line:170] - Unable to interpret the implicit parameter configuration with dataType: int, dataTypeClass: class java.lang.Void
09:56:29.404 WARN  s.d.s.r.o.OperationImplicitParameterReader[line:170] - Unable to interpret the implicit parameter configuration with dataType: int, dataTypeClass: class java.lang.Void
09:56:29.409 WARN  s.d.s.r.o.OperationImplicitParameterReader[line:170] - Unable to interpret the implicit parameter configuration with dataType: String, dataTypeClass: class java.lang.Void
09:56:29.448 WARN  s.d.s.r.o.OperationImplicitParameterReader[line:170] - Unable to interpret the implicit parameter configuration with dataType: Integer, dataTypeClass: class java.lang.Void
09:56:29.451 WARN  s.d.s.r.o.OperationImplicitParameterReader[line:170] - Unable to interpret the implicit parameter configuration with dataType: , dataTypeClass: class java.lang.Void
09:56:29.456 WARN  s.d.s.r.o.OperationImplicitParameterReader[line:170] - Unable to interpret the implicit parameter configuration with dataType: Integer, dataTypeClass: class java.lang.Void
09:56:29.461 WARN  s.d.s.r.o.OperationImplicitParameterReader[line:170] - Unable to interpret the implicit parameter configuration with dataType: Integer, dataTypeClass: class java.lang.Void
09:56:29.514 WARN  s.d.s.r.o.OperationImplicitParameterReader[line:170] - Unable to interpret the implicit parameter configuration with dataType: Integer, dataTypeClass: class java.lang.Void
09:56:29.523 WARN  s.d.s.r.o.OperationImplicitParameterReader[line:170] - Unable to interpret the implicit parameter configuration with dataType: , dataTypeClass: class java.lang.Void
09:56:29.533 WARN  s.d.s.r.o.OperationImplicitParameterReader[line:170] - Unable to interpret the implicit parameter configuration with dataType: Integer, dataTypeClass: class java.lang.Void
09:56:29.590 WARN  s.d.s.r.o.OperationImplicitParameterReader[line:170] - Unable to interpret the implicit parameter configuration with dataType: Long, dataTypeClass: class java.lang.Void
09:56:29.614 WARN  s.d.s.r.o.OperationImplicitParameterReader[line:170] - Unable to interpret the implicit parameter configuration with dataType: int, dataTypeClass: class java.lang.Void
09:56:29.616 WARN  s.d.s.r.o.OperationImplicitParameterReader[line:170] - Unable to interpret the implicit parameter configuration with dataType: int, dataTypeClass: class java.lang.Void
09:56:29.623 WARN  s.d.s.r.o.OperationImplicitParameterReader[line:170] - Unable to interpret the implicit parameter configuration with dataType: int, dataTypeClass: class java.lang.Void
09:56:29.627 WARN  s.d.s.r.o.OperationImplicitParameterReader[line:170] - Unable to interpret the implicit parameter configuration with dataType: int, dataTypeClass: class java.lang.Void
09:56:29.628 WARN  s.d.s.r.o.OperationImplicitParameterReader[line:170] - Unable to interpret the implicit parameter configuration with dataType: int, dataTypeClass: class java.lang.Void
09:56:29.666 WARN  s.d.s.r.o.OperationImplicitParameterReader[line:170] - Unable to interpret the implicit parameter configuration with dataType: String, dataTypeClass: class java.lang.Void
09:56:29.683 WARN  s.d.s.r.o.OperationImplicitParameterReader[line:170] - Unable to interpret the implicit parameter configuration with dataType: Long, dataTypeClass: class java.lang.Void
09:56:29.688 WARN  s.d.s.r.o.OperationImplicitParameterReader[line:170] - Unable to interpret the implicit parameter configuration with dataType: Long, dataTypeClass: class java.lang.Void
09:56:29.733 WARN  s.d.s.r.o.OperationImplicitParameterReader[line:170] - Unable to interpret the implicit parameter configuration with dataType: Long, dataTypeClass: class java.lang.Void
09:56:29.737 WARN  s.d.s.r.o.OperationImplicitParameterReader[line:170] - Unable to interpret the implicit parameter configuration with dataType: Long, dataTypeClass: class java.lang.Void
09:56:29.858 WARN  s.d.s.r.o.OperationImplicitParameterReader[line:170] - Unable to interpret the implicit parameter configuration with dataType: Long, dataTypeClass: class java.lang.Void
09:56:29.945 WARN  s.d.s.r.o.OperationImplicitParameterReader[line:170] - Unable to interpret the implicit parameter configuration with dataType: int, dataTypeClass: class java.lang.Void
09:56:29.955 WARN  s.d.s.r.o.OperationImplicitParameterReader[line:170] - Unable to interpret the implicit parameter configuration with dataType: int, dataTypeClass: class java.lang.Void
09:56:29.971 WARN  s.d.s.r.o.OperationImplicitParameterReader[line:170] - Unable to interpret the implicit parameter configuration with dataType: int, dataTypeClass: class java.lang.Void
09:56:30.387 WARN  c.e.s.light.dlm.utils.SocketClient[line:37] - 发送请求:192.168.112.25,port:9999
