14:39:25.292 ERROR c.e.s.l.e.util.SocketClient[line:62] - socket连接异常:connect timed out
14:39:28.296 ERROR c.e.s.l.e.util.SocketClient[line:62] - socket连接异常:connect timed out
15:14:28.981 ERROR c.e.s.l.e.util.SocketClient[line:62] - socket连接异常:connect timed out
15:14:31.999 ERROR c.e.s.l.e.util.SocketClient[line:62] - socket连接异常:connect timed out
15:14:40.049 ERROR c.e.s.l.e.util.SocketClient[line:62] - socket连接异常:connect timed out
15:14:43.056 ERROR c.e.s.l.e.util.SocketClient[line:62] - socket连接异常:connect timed out
15:15:28.296 ERROR c.e.s.l.e.util.SocketClient[line:62] - socket连接异常:connect timed out
15:15:31.313 ERROR c.e.s.l.e.util.SocketClient[line:62] - socket连接异常:connect timed out
15:15:41.273 ERROR c.e.s.l.e.util.SocketClient[line:62] - socket连接异常:connect timed out
15:15:44.278 ERROR c.e.s.l.e.util.SocketClient[line:62] - socket连接异常:connect timed out
15:15:58.048 ERROR c.e.s.l.e.util.SocketClient[line:62] - socket连接异常:connect timed out
15:16:01.064 ERROR c.e.s.l.e.util.SocketClient[line:62] - socket连接异常:connect timed out
15:16:04.132 ERROR c.e.s.l.e.util.SocketClient[line:62] - socket连接异常:connect timed out
15:16:07.137 ERROR c.e.s.l.e.util.SocketClient[line:62] - socket连接异常:connect timed out
15:16:10.173 ERROR c.e.s.l.e.util.SocketClient[line:62] - socket连接异常:connect timed out
15:16:13.175 ERROR c.e.s.l.e.util.SocketClient[line:62] - socket连接异常:connect timed out
15:16:16.210 ERROR c.e.s.l.e.util.SocketClient[line:62] - socket连接异常:connect timed out
15:16:19.219 ERROR c.e.s.l.e.util.SocketClient[line:62] - socket连接异常:connect timed out
15:16:22.271 ERROR c.e.s.l.e.util.SocketClient[line:62] - socket连接异常:connect timed out
15:16:25.277 ERROR c.e.s.l.e.util.SocketClient[line:62] - socket连接异常:connect timed out
15:16:28.318 ERROR c.e.s.l.e.util.SocketClient[line:62] - socket连接异常:connect timed out
15:16:31.323 ERROR c.e.s.l.e.util.SocketClient[line:62] - socket连接异常:connect timed out
15:16:34.356 ERROR c.e.s.l.e.util.SocketClient[line:62] - socket连接异常:connect timed out
15:16:37.366 ERROR c.e.s.l.e.util.SocketClient[line:62] - socket连接异常:connect timed out
15:16:40.404 ERROR c.e.s.l.e.util.SocketClient[line:62] - socket连接异常:connect timed out
15:16:43.417 ERROR c.e.s.l.e.util.SocketClient[line:62] - socket连接异常:connect timed out
15:16:46.471 ERROR c.e.s.l.e.util.SocketClient[line:62] - socket连接异常:connect timed out
15:16:49.478 ERROR c.e.s.l.e.util.SocketClient[line:62] - socket连接异常:connect timed out
15:21:00.260 ERROR o.s.a.i.SimpleAsyncUncaughtExceptionHandler[line:39] - Unexpected exception occurred invoking async method: public void com.exc.street.light.electricity.service.impl.CanChannelServiceImpl.updateState(com.exc.street.light.resource.entity.electricity.ElectricityNode)
java.lang.NullPointerException: null
	at com.exc.street.light.electricity.service.impl.CanChannelServiceImpl.updateState(CanChannelServiceImpl.java:94)
	at com.exc.street.light.electricity.service.impl.CanChannelServiceImpl$$FastClassBySpringCGLIB$$85a7a502.invoke(<generated>)
	at org.springframework.cglib.proxy.MethodProxy.invoke(MethodProxy.java:218)
	at org.springframework.aop.framework.CglibAopProxy$CglibMethodInvocation.invokeJoinpoint(CglibAopProxy.java:771)
	at org.springframework.aop.framework.ReflectiveMethodInvocation.proceed(ReflectiveMethodInvocation.java:163)
	at org.springframework.aop.framework.CglibAopProxy$CglibMethodInvocation.proceed(CglibAopProxy.java:749)
	at org.springframework.aop.interceptor.AsyncExecutionInterceptor.lambda$invoke$0(AsyncExecutionInterceptor.java:115)
	at java.util.concurrent.FutureTask.run$$$capture(FutureTask.java:266)
	at java.util.concurrent.FutureTask.run(FutureTask.java)
	at java.util.concurrent.ThreadPoolExecutor.runWorker(ThreadPoolExecutor.java:1142)
	at java.util.concurrent.ThreadPoolExecutor$Worker.run(ThreadPoolExecutor.java:617)
	at java.lang.Thread.run(Thread.java:745)
15:21:38.208 ERROR c.e.s.l.e.util.SocketClient[line:62] - socket连接异常:connect timed out
15:21:41.212 ERROR c.e.s.l.e.util.SocketClient[line:62] - socket连接异常:connect timed out
15:21:46.520 ERROR c.e.s.l.e.util.SocketClient[line:62] - socket连接异常:connect timed out
15:21:49.527 ERROR c.e.s.l.e.util.SocketClient[line:62] - socket连接异常:connect timed out
18:04:48.236 ERROR c.e.s.l.s.base.util.HttpClientUtil[line:306] - Logger[com.exc.street.light.security.base.util.HttpClientUtil]--请求失败:Connect to 192.168.112.252:60029 [/192.168.112.252] failed: connect timed out
18:04:50.398 ERROR c.e.s.l.s.base.util.HttpClientUtil[line:306] - Logger[com.exc.street.light.security.base.util.HttpClientUtil]--请求失败:Connect to 192.168.112.252:60029 [/192.168.112.252] failed: connect timed out
18:04:52.551 ERROR c.e.s.l.s.base.util.HttpClientUtil[line:306] - Logger[com.exc.street.light.security.base.util.HttpClientUtil]--请求失败:Connect to 192.168.112.252:60029 [/192.168.112.252] failed: connect timed out
18:05:17.593 ERROR c.e.s.l.s.base.util.HttpClientUtil[line:306] - Logger[com.exc.street.light.security.base.util.HttpClientUtil]--请求失败:Connect to 192.168.112.252:60029 [/192.168.112.252] failed: connect timed out
18:05:19.284 ERROR c.e.s.l.s.base.util.HttpClientUtil[line:306] - Logger[com.exc.street.light.security.base.util.HttpClientUtil]--请求失败:Connect to 192.168.112.252:60029 [/192.168.112.252] failed: connect timed out
18:05:20.384 ERROR c.e.s.l.s.base.util.HttpClientUtil[line:306] - Logger[com.exc.street.light.security.base.util.HttpClientUtil]--请求失败:Connect to 192.168.112.252:60029 [/192.168.112.252] failed: connect timed out
18:05:21.347 ERROR c.e.s.l.s.base.util.HttpClientUtil[line:306] - Logger[com.exc.street.light.security.base.util.HttpClientUtil]--请求失败:Connect to 192.168.112.252:60029 [/192.168.112.252] failed: connect timed out
18:05:35.058 ERROR c.e.s.l.s.base.util.HttpClientUtil[line:306] - Logger[com.exc.street.light.security.base.util.HttpClientUtil]--请求失败:Connect to 192.168.112.252:60029 [/192.168.112.252] failed: connect timed out
18:05:35.607 ERROR c.e.s.l.s.base.util.HttpClientUtil[line:306] - Logger[com.exc.street.light.security.base.util.HttpClientUtil]--请求失败:Connect to 192.168.112.252:60029 [/192.168.112.252] failed: connect timed out
18:52:05.105 ERROR c.e.s.l.s.base.util.HttpClientUtil[line:306] - Logger[com.exc.street.light.security.base.util.HttpClientUtil]--请求失败:Connect to 192.168.112.252:60029 [/192.168.112.252] failed: connect timed out
18:52:58.628 ERROR c.e.s.l.s.base.util.HttpClientUtil[line:306] - Logger[com.exc.street.light.security.base.util.HttpClientUtil]--请求失败:Connect to 192.168.112.252:60029 [/192.168.112.252] failed: connect timed out
18:53:33.744 ERROR c.e.s.l.s.base.util.HttpClientUtil[line:306] - Logger[com.exc.street.light.security.base.util.HttpClientUtil]--请求失败:Connect to 192.168.112.252:60029 [/192.168.112.252] failed: connect timed out
18:54:08.257 ERROR c.e.s.l.s.base.util.HttpClientUtil[line:306] - Logger[com.exc.street.light.security.base.util.HttpClientUtil]--请求失败:Connect to 192.168.112.252:60029 [/192.168.112.252] failed: connect timed out
19:46:27.887 ERROR c.e.s.l.s.base.util.HttpClientUtil[line:306] - Logger[com.exc.street.light.security.base.util.HttpClientUtil]--请求失败:Connect to 192.168.112.252:60029 [/192.168.112.252] failed: connect timed out
19:56:05.869 ERROR c.e.s.l.s.base.util.HttpClientUtil[line:306] - Logger[com.exc.street.light.security.base.util.HttpClientUtil]--请求失败:Connect to 192.168.112.252:60029 [/192.168.112.252] failed: connect timed out
19:59:34.787 ERROR c.e.s.l.s.base.util.HttpClientUtil[line:306] - Logger[com.exc.street.light.security.base.util.HttpClientUtil]--请求失败:Connect to 192.168.112.252:60029 [/192.168.112.252] failed: connect timed out
20:38:13.176 ERROR c.e.s.l.s.base.util.HttpClientUtil[line:306] - Logger[com.exc.street.light.security.base.util.HttpClientUtil]--请求失败:Connect to 192.168.112.252:60029 [/192.168.112.252] failed: connect timed out
20:38:15.185 ERROR c.e.s.l.s.base.util.HttpClientUtil[line:306] - Logger[com.exc.street.light.security.base.util.HttpClientUtil]--请求失败:Connect to 192.168.112.252:60029 [/192.168.112.252] failed: connect timed out
20:41:44.248 ERROR c.e.s.l.s.base.util.HttpClientUtil[line:306] - Logger[com.exc.street.light.security.base.util.HttpClientUtil]--请求失败:Connect to 192.168.112.252:60029 [/192.168.112.252] failed: connect timed out
20:56:37.588 ERROR c.e.s.l.s.base.util.HttpClientUtil[line:306] - Logger[com.exc.street.light.security.base.util.HttpClientUtil]--请求失败:Connect to 192.168.112.252:60029 [/192.168.112.252] failed: connect timed out
20:57:06.084 ERROR c.e.s.l.s.base.util.HttpClientUtil[line:306] - Logger[com.exc.street.light.security.base.util.HttpClientUtil]--请求失败:Connect to 192.168.112.252:60029 [/192.168.112.252] failed: connect timed out
20:57:57.684 ERROR c.e.s.l.s.base.util.HttpClientUtil[line:306] - Logger[com.exc.street.light.security.base.util.HttpClientUtil]--请求失败:Connect to 192.168.112.252:60029 [/192.168.112.252] failed: connect timed out
21:01:26.328 ERROR c.e.s.l.s.base.util.HttpClientUtil[line:306] - Logger[com.exc.street.light.security.base.util.HttpClientUtil]--请求失败:Connect to 192.168.112.252:60029 [/192.168.112.252] failed: connect timed out
21:51:00.195 ERROR o.s.a.i.SimpleAsyncUncaughtExceptionHandler[line:39] - Unexpected exception occurred invoking async method: public void com.exc.street.light.electricity.service.impl.CanChannelServiceImpl.updateState(com.exc.street.light.resource.entity.electricity.ElectricityNode)
java.lang.NullPointerException: null
	at com.exc.street.light.electricity.service.impl.CanChannelServiceImpl.updateState(CanChannelServiceImpl.java:94)
	at com.exc.street.light.electricity.service.impl.CanChannelServiceImpl$$FastClassBySpringCGLIB$$85a7a502.invoke(<generated>)
	at org.springframework.cglib.proxy.MethodProxy.invoke(MethodProxy.java:218)
	at org.springframework.aop.framework.CglibAopProxy$CglibMethodInvocation.invokeJoinpoint(CglibAopProxy.java:771)
	at org.springframework.aop.framework.ReflectiveMethodInvocation.proceed(ReflectiveMethodInvocation.java:163)
	at org.springframework.aop.framework.CglibAopProxy$CglibMethodInvocation.proceed(CglibAopProxy.java:749)
	at org.springframework.aop.interceptor.AsyncExecutionInterceptor.lambda$invoke$0(AsyncExecutionInterceptor.java:115)
	at java.util.concurrent.FutureTask.run$$$capture(FutureTask.java:266)
	at java.util.concurrent.FutureTask.run(FutureTask.java)
	at java.util.concurrent.ThreadPoolExecutor.runWorker(ThreadPoolExecutor.java:1142)
	at java.util.concurrent.ThreadPoolExecutor$Worker.run(ThreadPoolExecutor.java:617)
	at java.lang.Thread.run(Thread.java:745)
09:33:00.876 ERROR o.s.a.i.SimpleAsyncUncaughtExceptionHandler[line:39] - Unexpected exception occurred invoking async method: public void com.exc.street.light.dlm.timer.OnlineStatusTask.getToken()
java.lang.NullPointerException: null
	at com.exc.street.light.dlm.utils.OnlineUtil.returnJson(OnlineUtil.java:65)
	at com.exc.street.light.dlm.timer.OnlineStatusTask.getToken(OnlineStatusTask.java:38)
	at com.exc.street.light.dlm.timer.OnlineStatusTask$$FastClassBySpringCGLIB$$16607b4.invoke(<generated>)
	at org.springframework.cglib.proxy.MethodProxy.invoke(MethodProxy.java:218)
	at org.springframework.aop.framework.CglibAopProxy$CglibMethodInvocation.invokeJoinpoint(CglibAopProxy.java:771)
	at org.springframework.aop.framework.ReflectiveMethodInvocation.proceed(ReflectiveMethodInvocation.java:163)
	at org.springframework.aop.framework.CglibAopProxy$CglibMethodInvocation.proceed(CglibAopProxy.java:749)
	at org.springframework.aop.interceptor.AsyncExecutionInterceptor.lambda$invoke$0(AsyncExecutionInterceptor.java:115)
	at java.util.concurrent.FutureTask.run$$$capture(FutureTask.java:266)
	at java.util.concurrent.FutureTask.run(FutureTask.java)
	at java.util.concurrent.ThreadPoolExecutor.runWorker(ThreadPoolExecutor.java:1142)
	at java.util.concurrent.ThreadPoolExecutor$Worker.run(ThreadPoolExecutor.java:617)
	at java.lang.Thread.run(Thread.java:745)
09:36:00.180 ERROR o.s.a.i.SimpleAsyncUncaughtExceptionHandler[line:39] - Unexpected exception occurred invoking async method: public void com.exc.street.light.dlm.timer.OnlineStatusTask.getToken()
java.lang.NullPointerException: null
	at com.exc.street.light.dlm.utils.OnlineUtil.returnJson(OnlineUtil.java:65)
	at com.exc.street.light.dlm.timer.OnlineStatusTask.getToken(OnlineStatusTask.java:38)
	at com.exc.street.light.dlm.timer.OnlineStatusTask$$FastClassBySpringCGLIB$$16607b4.invoke(<generated>)
	at org.springframework.cglib.proxy.MethodProxy.invoke(MethodProxy.java:218)
	at org.springframework.aop.framework.CglibAopProxy$CglibMethodInvocation.invokeJoinpoint(CglibAopProxy.java:771)
	at org.springframework.aop.framework.ReflectiveMethodInvocation.proceed(ReflectiveMethodInvocation.java:163)
	at org.springframework.aop.framework.CglibAopProxy$CglibMethodInvocation.proceed(CglibAopProxy.java:749)
	at org.springframework.aop.interceptor.AsyncExecutionInterceptor.lambda$invoke$0(AsyncExecutionInterceptor.java:115)
	at java.util.concurrent.FutureTask.run$$$capture(FutureTask.java:266)
	at java.util.concurrent.FutureTask.run(FutureTask.java)
	at java.util.concurrent.ThreadPoolExecutor.runWorker(ThreadPoolExecutor.java:1142)
	at java.util.concurrent.ThreadPoolExecutor$Worker.run(ThreadPoolExecutor.java:617)
	at java.lang.Thread.run(Thread.java:745)
09:39:00.032 ERROR o.s.a.i.SimpleAsyncUncaughtExceptionHandler[line:39] - Unexpected exception occurred invoking async method: public void com.exc.street.light.dlm.timer.OnlineStatusTask.getToken()
java.lang.NullPointerException: null
	at com.exc.street.light.dlm.utils.OnlineUtil.returnJson(OnlineUtil.java:65)
	at com.exc.street.light.dlm.timer.OnlineStatusTask.getToken(OnlineStatusTask.java:38)
	at com.exc.street.light.dlm.timer.OnlineStatusTask$$FastClassBySpringCGLIB$$16607b4.invoke(<generated>)
	at org.springframework.cglib.proxy.MethodProxy.invoke(MethodProxy.java:218)
	at org.springframework.aop.framework.CglibAopProxy$CglibMethodInvocation.invokeJoinpoint(CglibAopProxy.java:771)
	at org.springframework.aop.framework.ReflectiveMethodInvocation.proceed(ReflectiveMethodInvocation.java:163)
	at org.springframework.aop.framework.CglibAopProxy$CglibMethodInvocation.proceed(CglibAopProxy.java:749)
	at org.springframework.aop.interceptor.AsyncExecutionInterceptor.lambda$invoke$0(AsyncExecutionInterceptor.java:115)
	at java.util.concurrent.FutureTask.run$$$capture(FutureTask.java:266)
	at java.util.concurrent.FutureTask.run(FutureTask.java)
	at java.util.concurrent.ThreadPoolExecutor.runWorker(ThreadPoolExecutor.java:1142)
	at java.util.concurrent.ThreadPoolExecutor$Worker.run(ThreadPoolExecutor.java:617)
	at java.lang.Thread.run(Thread.java:745)
09:42:00.164 ERROR o.s.a.i.SimpleAsyncUncaughtExceptionHandler[line:39] - Unexpected exception occurred invoking async method: public void com.exc.street.light.dlm.timer.OnlineStatusTask.getToken()
java.lang.NullPointerException: null
	at com.exc.street.light.dlm.utils.OnlineUtil.returnJson(OnlineUtil.java:65)
	at com.exc.street.light.dlm.timer.OnlineStatusTask.getToken(OnlineStatusTask.java:38)
	at com.exc.street.light.dlm.timer.OnlineStatusTask$$FastClassBySpringCGLIB$$16607b4.invoke(<generated>)
	at org.springframework.cglib.proxy.MethodProxy.invoke(MethodProxy.java:218)
	at org.springframework.aop.framework.CglibAopProxy$CglibMethodInvocation.invokeJoinpoint(CglibAopProxy.java:771)
	at org.springframework.aop.framework.ReflectiveMethodInvocation.proceed(ReflectiveMethodInvocation.java:163)
	at org.springframework.aop.framework.CglibAopProxy$CglibMethodInvocation.proceed(CglibAopProxy.java:749)
	at org.springframework.aop.interceptor.AsyncExecutionInterceptor.lambda$invoke$0(AsyncExecutionInterceptor.java:115)
	at java.util.concurrent.FutureTask.run$$$capture(FutureTask.java:266)
	at java.util.concurrent.FutureTask.run(FutureTask.java)
	at java.util.concurrent.ThreadPoolExecutor.runWorker(ThreadPoolExecutor.java:1142)
	at java.util.concurrent.ThreadPoolExecutor$Worker.run(ThreadPoolExecutor.java:617)
	at java.lang.Thread.run(Thread.java:745)
09:45:00.049 ERROR o.s.a.i.SimpleAsyncUncaughtExceptionHandler[line:39] - Unexpected exception occurred invoking async method: public void com.exc.street.light.dlm.timer.OnlineStatusTask.getToken()
java.lang.NullPointerException: null
	at com.exc.street.light.dlm.utils.OnlineUtil.returnJson(OnlineUtil.java:65)
	at com.exc.street.light.dlm.timer.OnlineStatusTask.getToken(OnlineStatusTask.java:38)
	at com.exc.street.light.dlm.timer.OnlineStatusTask$$FastClassBySpringCGLIB$$16607b4.invoke(<generated>)
	at org.springframework.cglib.proxy.MethodProxy.invoke(MethodProxy.java:218)
	at org.springframework.aop.framework.CglibAopProxy$CglibMethodInvocation.invokeJoinpoint(CglibAopProxy.java:771)
	at org.springframework.aop.framework.ReflectiveMethodInvocation.proceed(ReflectiveMethodInvocation.java:163)
	at org.springframework.aop.framework.CglibAopProxy$CglibMethodInvocation.proceed(CglibAopProxy.java:749)
	at org.springframework.aop.interceptor.AsyncExecutionInterceptor.lambda$invoke$0(AsyncExecutionInterceptor.java:115)
	at java.util.concurrent.FutureTask.run$$$capture(FutureTask.java:266)
	at java.util.concurrent.FutureTask.run(FutureTask.java)
	at java.util.concurrent.ThreadPoolExecutor.runWorker(ThreadPoolExecutor.java:1142)
	at java.util.concurrent.ThreadPoolExecutor$Worker.run(ThreadPoolExecutor.java:617)
	at java.lang.Thread.run(Thread.java:745)
09:47:00.120 ERROR o.s.a.i.SimpleAsyncUncaughtExceptionHandler[line:39] - Unexpected exception occurred invoking async method: public void com.exc.street.light.dlm.timer.OnlineStatusTask.getToken()
java.lang.NullPointerException: null
	at com.exc.street.light.dlm.utils.OnlineUtil.returnJson(OnlineUtil.java:65)
	at com.exc.street.light.dlm.timer.OnlineStatusTask.getToken(OnlineStatusTask.java:38)
	at com.exc.street.light.dlm.timer.OnlineStatusTask$$FastClassBySpringCGLIB$$16607b4.invoke(<generated>)
	at org.springframework.cglib.proxy.MethodProxy.invoke(MethodProxy.java:218)
	at org.springframework.aop.framework.CglibAopProxy$CglibMethodInvocation.invokeJoinpoint(CglibAopProxy.java:771)
	at org.springframework.aop.framework.ReflectiveMethodInvocation.proceed(ReflectiveMethodInvocation.java:163)
	at org.springframework.aop.framework.CglibAopProxy$CglibMethodInvocation.proceed(CglibAopProxy.java:749)
	at org.springframework.aop.interceptor.AsyncExecutionInterceptor.lambda$invoke$0(AsyncExecutionInterceptor.java:115)
	at java.util.concurrent.FutureTask.run$$$capture(FutureTask.java:266)
	at java.util.concurrent.FutureTask.run(FutureTask.java)
	at java.util.concurrent.ThreadPoolExecutor.runWorker(ThreadPoolExecutor.java:1142)
	at java.util.concurrent.ThreadPoolExecutor$Worker.run(ThreadPoolExecutor.java:617)
	at java.lang.Thread.run(Thread.java:745)
09:48:00.061 ERROR o.s.a.i.SimpleAsyncUncaughtExceptionHandler[line:39] - Unexpected exception occurred invoking async method: public void com.exc.street.light.dlm.timer.OnlineStatusTask.getToken()
java.lang.NullPointerException: null
	at com.exc.street.light.dlm.utils.OnlineUtil.returnJson(OnlineUtil.java:65)
	at com.exc.street.light.dlm.timer.OnlineStatusTask.getToken(OnlineStatusTask.java:38)
	at com.exc.street.light.dlm.timer.OnlineStatusTask$$FastClassBySpringCGLIB$$16607b4.invoke(<generated>)
	at org.springframework.cglib.proxy.MethodProxy.invoke(MethodProxy.java:218)
	at org.springframework.aop.framework.CglibAopProxy$CglibMethodInvocation.invokeJoinpoint(CglibAopProxy.java:771)
	at org.springframework.aop.framework.ReflectiveMethodInvocation.proceed(ReflectiveMethodInvocation.java:163)
	at org.springframework.aop.framework.CglibAopProxy$CglibMethodInvocation.proceed(CglibAopProxy.java:749)
	at org.springframework.aop.interceptor.AsyncExecutionInterceptor.lambda$invoke$0(AsyncExecutionInterceptor.java:115)
	at java.util.concurrent.FutureTask.run$$$capture(FutureTask.java:266)
	at java.util.concurrent.FutureTask.run(FutureTask.java)
	at java.util.concurrent.ThreadPoolExecutor.runWorker(ThreadPoolExecutor.java:1142)
	at java.util.concurrent.ThreadPoolExecutor$Worker.run(ThreadPoolExecutor.java:617)
	at java.lang.Thread.run(Thread.java:745)
10:44:21.531 ERROR c.a.druid.pool.DruidPooledStatement[line:367] - CommunicationsException, druid version 1.1.17, jdbcUrl : jdbc:mysql://192.168.111.89:3306/street_light_3.0?useUnicode=true&characterEncoding=UTF-8&generateSimpleParameterMetadata=true&serverTimezone=Asia/Shanghai, testWhileIdle true, idle millis 81164, minIdle 0, poolingCount 0, timeBetweenEvictionRunsMillis 60000, lastValidIdleMillis 81164, driver com.mysql.cj.jdbc.Driver, exceptionSorter com.alibaba.druid.pool.vendor.MySqlExceptionSorter
10:44:21.546 ERROR c.alibaba.druid.pool.DruidDataSource[line:1777] - discard connection
com.mysql.cj.jdbc.exceptions.CommunicationsException: Communications link failure

The last packet successfully received from the server was 81,158 milliseconds ago. The last packet sent successfully to the server was 81,179 milliseconds ago.
	at com.mysql.cj.jdbc.exceptions.SQLError.createCommunicationsException(SQLError.java:174)
	at com.mysql.cj.jdbc.exceptions.SQLExceptionsMapping.translateException(SQLExceptionsMapping.java:64)
	at com.mysql.cj.jdbc.ClientPreparedStatement.executeInternal(ClientPreparedStatement.java:953)
	at com.mysql.cj.jdbc.ClientPreparedStatement.execute(ClientPreparedStatement.java:370)
	at com.alibaba.druid.pool.DruidPooledPreparedStatement.execute(DruidPooledPreparedStatement.java:497)
	at sun.reflect.GeneratedMethodAccessor144.invoke(Unknown Source)
	at sun.reflect.DelegatingMethodAccessorImpl.invoke(DelegatingMethodAccessorImpl.java:43)
	at java.lang.reflect.Method.invoke(Method.java:498)
	at org.apache.ibatis.logging.jdbc.PreparedStatementLogger.invoke(PreparedStatementLogger.java:59)
	at com.sun.proxy.$Proxy210.execute(Unknown Source)
	at org.apache.ibatis.executor.statement.PreparedStatementHandler.query(PreparedStatementHandler.java:64)
	at org.apache.ibatis.executor.statement.RoutingStatementHandler.query(RoutingStatementHandler.java:79)
	at sun.reflect.GeneratedMethodAccessor139.invoke(Unknown Source)
	at sun.reflect.DelegatingMethodAccessorImpl.invoke(DelegatingMethodAccessorImpl.java:43)
	at java.lang.reflect.Method.invoke(Method.java:498)
	at org.apache.ibatis.plugin.Invocation.proceed(Invocation.java:49)
	at com.baomidou.mybatisplus.extension.plugins.PerformanceInterceptor.intercept(PerformanceInterceptor.java:172)
	at org.apache.ibatis.plugin.Plugin.invoke(Plugin.java:61)
	at com.sun.proxy.$Proxy208.query(Unknown Source)
	at sun.reflect.GeneratedMethodAccessor139.invoke(Unknown Source)
	at sun.reflect.DelegatingMethodAccessorImpl.invoke(DelegatingMethodAccessorImpl.java:43)
	at java.lang.reflect.Method.invoke(Method.java:498)
	at org.apache.ibatis.plugin.Plugin.invoke(Plugin.java:63)
	at com.sun.proxy.$Proxy208.query(Unknown Source)
	at org.apache.ibatis.executor.SimpleExecutor.doQuery(SimpleExecutor.java:63)
	at org.apache.ibatis.executor.BaseExecutor.queryFromDatabase(BaseExecutor.java:324)
	at org.apache.ibatis.executor.BaseExecutor.query(BaseExecutor.java:156)
	at org.apache.ibatis.executor.CachingExecutor.query(CachingExecutor.java:109)
	at org.apache.ibatis.executor.CachingExecutor.query(CachingExecutor.java:83)
	at org.apache.ibatis.session.defaults.DefaultSqlSession.selectList(DefaultSqlSession.java:148)
	at org.apache.ibatis.session.defaults.DefaultSqlSession.selectList(DefaultSqlSession.java:141)
	at sun.reflect.GeneratedMethodAccessor154.invoke(Unknown Source)
	at sun.reflect.DelegatingMethodAccessorImpl.invoke(DelegatingMethodAccessorImpl.java:43)
	at java.lang.reflect.Method.invoke(Method.java:498)
	at org.mybatis.spring.SqlSessionTemplate$SqlSessionInterceptor.invoke(SqlSessionTemplate.java:433)
	at com.sun.proxy.$Proxy121.selectList(Unknown Source)
	at org.mybatis.spring.SqlSessionTemplate.selectList(SqlSessionTemplate.java:230)
	at com.baomidou.mybatisplus.core.override.MybatisMapperMethod.executeForMany(MybatisMapperMethod.java:168)
	at com.baomidou.mybatisplus.core.override.MybatisMapperMethod.execute(MybatisMapperMethod.java:82)
	at com.baomidou.mybatisplus.core.override.MybatisMapperProxy.invoke(MybatisMapperProxy.java:61)
	at com.sun.proxy.$Proxy124.selectList(Unknown Source)
	at sun.reflect.GeneratedMethodAccessor153.invoke(Unknown Source)
	at sun.reflect.DelegatingMethodAccessorImpl.invoke(DelegatingMethodAccessorImpl.java:43)
	at java.lang.reflect.Method.invoke(Method.java:498)
	at org.springframework.aop.support.AopUtils.invokeJoinpointUsingReflection(AopUtils.java:344)
	at org.springframework.aop.framework.ReflectiveMethodInvocation.invokeJoinpoint(ReflectiveMethodInvocation.java:198)
	at org.springframework.aop.framework.ReflectiveMethodInvocation.proceed(ReflectiveMethodInvocation.java:163)
	at org.springframework.dao.support.PersistenceExceptionTranslationInterceptor.invoke(PersistenceExceptionTranslationInterceptor.java:139)
	at org.springframework.aop.framework.ReflectiveMethodInvocation.proceed(ReflectiveMethodInvocation.java:186)
	at org.springframework.aop.framework.JdkDynamicAopProxy.invoke(JdkDynamicAopProxy.java:212)
	at com.sun.proxy.$Proxy125.selectList(Unknown Source)
	at com.baomidou.mybatisplus.extension.service.impl.ServiceImpl.list(ServiceImpl.java:272)
	at com.exc.street.light.pb.service.impl.RadioDeviceServiceImpl.updateDeviceStatus(RadioDeviceServiceImpl.java:315)
	at com.exc.street.light.pb.service.impl.RadioDeviceServiceImpl$$FastClassBySpringCGLIB$$ae856f15.invoke(<generated>)
	at org.springframework.cglib.proxy.MethodProxy.invoke(MethodProxy.java:218)
	at org.springframework.aop.framework.CglibAopProxy$DynamicAdvisedInterceptor.intercept(CglibAopProxy.java:687)
	at com.exc.street.light.pb.service.impl.RadioDeviceServiceImpl$$EnhancerBySpringCGLIB$$72f72633.updateDeviceStatus(<generated>)
	at com.exc.street.light.pb.timer.RadioTimer.updateDeviceStatus(RadioTimer.java:44)
	at com.exc.street.light.pb.timer.RadioTimer$$FastClassBySpringCGLIB$$5cd53857.invoke(<generated>)
	at org.springframework.cglib.proxy.MethodProxy.invoke(MethodProxy.java:218)
	at org.springframework.aop.framework.CglibAopProxy$CglibMethodInvocation.invokeJoinpoint(CglibAopProxy.java:771)
	at org.springframework.aop.framework.ReflectiveMethodInvocation.proceed(ReflectiveMethodInvocation.java:163)
	at org.springframework.aop.framework.CglibAopProxy$CglibMethodInvocation.proceed(CglibAopProxy.java:749)
	at org.springframework.aop.interceptor.AsyncExecutionInterceptor.lambda$invoke$0(AsyncExecutionInterceptor.java:115)
	at java.util.concurrent.FutureTask.run$$$capture(FutureTask.java:266)
	at java.util.concurrent.FutureTask.run(FutureTask.java)
	at java.util.concurrent.ThreadPoolExecutor.runWorker(ThreadPoolExecutor.java:1142)
	at java.util.concurrent.ThreadPoolExecutor$Worker.run(ThreadPoolExecutor.java:617)
	at java.lang.Thread.run(Thread.java:745)
Caused by: com.mysql.cj.exceptions.CJCommunicationsException: Communications link failure

The last packet successfully received from the server was 81,158 milliseconds ago. The last packet sent successfully to the server was 81,179 milliseconds ago.
	at sun.reflect.NativeConstructorAccessorImpl.newInstance0(Native Method)
	at sun.reflect.NativeConstructorAccessorImpl.newInstance(NativeConstructorAccessorImpl.java:62)
	at sun.reflect.DelegatingConstructorAccessorImpl.newInstance(DelegatingConstructorAccessorImpl.java:45)
	at java.lang.reflect.Constructor.newInstance(Constructor.java:423)
	at com.mysql.cj.exceptions.ExceptionFactory.createException(ExceptionFactory.java:61)
	at com.mysql.cj.exceptions.ExceptionFactory.createException(ExceptionFactory.java:105)
	at com.mysql.cj.exceptions.ExceptionFactory.createException(ExceptionFactory.java:151)
	at com.mysql.cj.exceptions.ExceptionFactory.createCommunicationsException(ExceptionFactory.java:167)
	at com.mysql.cj.protocol.a.NativeProtocol.readMessage(NativeProtocol.java:539)
	at com.mysql.cj.protocol.a.NativeProtocol.checkErrorMessage(NativeProtocol.java:703)
	at com.mysql.cj.protocol.a.NativeProtocol.sendCommand(NativeProtocol.java:642)
	at com.mysql.cj.protocol.a.NativeProtocol.sendQueryPacket(NativeProtocol.java:941)
	at com.mysql.cj.NativeSession.execSQL(NativeSession.java:1075)
	at com.mysql.cj.jdbc.ClientPreparedStatement.executeInternal(ClientPreparedStatement.java:930)
	... 66 common frames omitted
Caused by: java.net.SocketTimeoutException: Read timed out
	at java.net.SocketInputStream.socketRead0(Native Method)
	at java.net.SocketInputStream.socketRead(SocketInputStream.java:116)
	at java.net.SocketInputStream.read(SocketInputStream.java:170)
	at java.net.SocketInputStream.read(SocketInputStream.java:141)
	at com.mysql.cj.protocol.ReadAheadInputStream.fill(ReadAheadInputStream.java:107)
	at com.mysql.cj.protocol.ReadAheadInputStream.readFromUnderlyingStreamIfNecessary(ReadAheadInputStream.java:150)
	at com.mysql.cj.protocol.ReadAheadInputStream.read(ReadAheadInputStream.java:180)
	at java.io.FilterInputStream.read(FilterInputStream.java:133)
	at com.mysql.cj.protocol.FullReadInputStream.readFully(FullReadInputStream.java:64)
	at com.mysql.cj.protocol.a.SimplePacketReader.readHeader(SimplePacketReader.java:63)
	at com.mysql.cj.protocol.a.SimplePacketReader.readHeader(SimplePacketReader.java:45)
	at com.mysql.cj.protocol.a.TimeTrackingPacketReader.readHeader(TimeTrackingPacketReader.java:52)
	at com.mysql.cj.protocol.a.TimeTrackingPacketReader.readHeader(TimeTrackingPacketReader.java:41)
	at com.mysql.cj.protocol.a.MultiPacketReader.readHeader(MultiPacketReader.java:54)
	at com.mysql.cj.protocol.a.MultiPacketReader.readHeader(MultiPacketReader.java:44)
	at com.mysql.cj.protocol.a.NativeProtocol.readMessage(NativeProtocol.java:533)
	... 71 common frames omitted
10:44:22.525 ERROR c.alibaba.druid.pool.DruidDataSource[line:2699] - create connection SQLException, url: jdbc:mysql://192.168.111.89:3306/street_light_3.0?useUnicode=true&characterEncoding=UTF-8&generateSimpleParameterMetadata=true&serverTimezone=Asia/Shanghai, errorCode 0, state 08S01
com.mysql.cj.jdbc.exceptions.CommunicationsException: Communications link failure

The last packet sent successfully to the server was 0 milliseconds ago. The driver has not received any packets from the server.
	at com.mysql.cj.jdbc.exceptions.SQLError.createCommunicationsException(SQLError.java:174)
	at com.mysql.cj.jdbc.exceptions.SQLExceptionsMapping.translateException(SQLExceptionsMapping.java:64)
	at com.mysql.cj.jdbc.ConnectionImpl.createNewIO(ConnectionImpl.java:836)
	at com.mysql.cj.jdbc.ConnectionImpl.<init>(ConnectionImpl.java:456)
	at com.mysql.cj.jdbc.ConnectionImpl.getInstance(ConnectionImpl.java:246)
	at com.mysql.cj.jdbc.NonRegisteringDriver.connect(NonRegisteringDriver.java:197)
	at com.alibaba.druid.pool.DruidAbstractDataSource.createPhysicalConnection(DruidAbstractDataSource.java:1596)
	at com.alibaba.druid.pool.DruidAbstractDataSource.createPhysicalConnection(DruidAbstractDataSource.java:1662)
	at com.alibaba.druid.pool.DruidDataSource$CreateConnectionThread.run(DruidDataSource.java:2697)
Caused by: com.mysql.cj.exceptions.CJCommunicationsException: Communications link failure

The last packet sent successfully to the server was 0 milliseconds ago. The driver has not received any packets from the server.
	at sun.reflect.NativeConstructorAccessorImpl.newInstance0(Native Method)
	at sun.reflect.NativeConstructorAccessorImpl.newInstance(NativeConstructorAccessorImpl.java:62)
	at sun.reflect.DelegatingConstructorAccessorImpl.newInstance(DelegatingConstructorAccessorImpl.java:45)
	at java.lang.reflect.Constructor.newInstance(Constructor.java:423)
	at com.mysql.cj.exceptions.ExceptionFactory.createException(ExceptionFactory.java:61)
	at com.mysql.cj.exceptions.ExceptionFactory.createException(ExceptionFactory.java:105)
	at com.mysql.cj.exceptions.ExceptionFactory.createException(ExceptionFactory.java:151)
	at com.mysql.cj.exceptions.ExceptionFactory.createCommunicationsException(ExceptionFactory.java:167)
	at com.mysql.cj.protocol.a.NativeSocketConnection.connect(NativeSocketConnection.java:91)
	at com.mysql.cj.NativeSession.connect(NativeSession.java:144)
	at com.mysql.cj.jdbc.ConnectionImpl.connectOneTryOnly(ConnectionImpl.java:956)
	at com.mysql.cj.jdbc.ConnectionImpl.createNewIO(ConnectionImpl.java:826)
	... 6 common frames omitted
Caused by: java.net.ConnectException: Connection timed out: connect
	at java.net.DualStackPlainSocketImpl.connect0(Native Method)
	at java.net.DualStackPlainSocketImpl.socketConnect(DualStackPlainSocketImpl.java:79)
	at java.net.AbstractPlainSocketImpl.doConnect(AbstractPlainSocketImpl.java:350)
	at java.net.AbstractPlainSocketImpl.connectToAddress(AbstractPlainSocketImpl.java:206)
	at java.net.AbstractPlainSocketImpl.connect(AbstractPlainSocketImpl.java:188)
	at java.net.PlainSocketImpl.connect(PlainSocketImpl.java:172)
	at java.net.SocksSocketImpl.connect(SocksSocketImpl.java:392)
	at java.net.Socket.connect(Socket.java:589)
	at com.mysql.cj.protocol.StandardSocketFactory.connect(StandardSocketFactory.java:155)
	at com.mysql.cj.protocol.a.NativeSocketConnection.connect(NativeSocketConnection.java:65)
	... 9 common frames omitted
10:44:43.561 ERROR c.alibaba.druid.pool.DruidDataSource[line:2699] - create connection SQLException, url: jdbc:mysql://192.168.111.89:3306/street_light_3.0?useUnicode=true&characterEncoding=UTF-8&generateSimpleParameterMetadata=true&serverTimezone=Asia/Shanghai, errorCode 0, state 08S01
com.mysql.cj.jdbc.exceptions.CommunicationsException: Communications link failure

The last packet sent successfully to the server was 0 milliseconds ago. The driver has not received any packets from the server.
	at com.mysql.cj.jdbc.exceptions.SQLError.createCommunicationsException(SQLError.java:174)
	at com.mysql.cj.jdbc.exceptions.SQLExceptionsMapping.translateException(SQLExceptionsMapping.java:64)
	at com.mysql.cj.jdbc.ConnectionImpl.createNewIO(ConnectionImpl.java:836)
	at com.mysql.cj.jdbc.ConnectionImpl.<init>(ConnectionImpl.java:456)
	at com.mysql.cj.jdbc.ConnectionImpl.getInstance(ConnectionImpl.java:246)
	at com.mysql.cj.jdbc.NonRegisteringDriver.connect(NonRegisteringDriver.java:197)
	at com.alibaba.druid.pool.DruidAbstractDataSource.createPhysicalConnection(DruidAbstractDataSource.java:1596)
	at com.alibaba.druid.pool.DruidAbstractDataSource.createPhysicalConnection(DruidAbstractDataSource.java:1662)
	at com.alibaba.druid.pool.DruidDataSource$CreateConnectionThread.run(DruidDataSource.java:2697)
Caused by: com.mysql.cj.exceptions.CJCommunicationsException: Communications link failure

The last packet sent successfully to the server was 0 milliseconds ago. The driver has not received any packets from the server.
	at sun.reflect.NativeConstructorAccessorImpl.newInstance0(Native Method)
	at sun.reflect.NativeConstructorAccessorImpl.newInstance(NativeConstructorAccessorImpl.java:62)
	at sun.reflect.DelegatingConstructorAccessorImpl.newInstance(DelegatingConstructorAccessorImpl.java:45)
	at java.lang.reflect.Constructor.newInstance(Constructor.java:423)
	at com.mysql.cj.exceptions.ExceptionFactory.createException(ExceptionFactory.java:61)
	at com.mysql.cj.exceptions.ExceptionFactory.createException(ExceptionFactory.java:105)
	at com.mysql.cj.exceptions.ExceptionFactory.createException(ExceptionFactory.java:151)
	at com.mysql.cj.exceptions.ExceptionFactory.createCommunicationsException(ExceptionFactory.java:167)
	at com.mysql.cj.protocol.a.NativeSocketConnection.connect(NativeSocketConnection.java:91)
	at com.mysql.cj.NativeSession.connect(NativeSession.java:144)
	at com.mysql.cj.jdbc.ConnectionImpl.connectOneTryOnly(ConnectionImpl.java:956)
	at com.mysql.cj.jdbc.ConnectionImpl.createNewIO(ConnectionImpl.java:826)
	... 6 common frames omitted
Caused by: java.net.ConnectException: Connection timed out: connect
	at java.net.DualStackPlainSocketImpl.connect0(Native Method)
	at java.net.DualStackPlainSocketImpl.socketConnect(DualStackPlainSocketImpl.java:79)
	at java.net.AbstractPlainSocketImpl.doConnect(AbstractPlainSocketImpl.java:350)
	at java.net.AbstractPlainSocketImpl.connectToAddress(AbstractPlainSocketImpl.java:206)
	at java.net.AbstractPlainSocketImpl.connect(AbstractPlainSocketImpl.java:188)
	at java.net.PlainSocketImpl.connect(PlainSocketImpl.java:172)
	at java.net.SocksSocketImpl.connect(SocksSocketImpl.java:392)
	at java.net.Socket.connect(Socket.java:589)
	at com.mysql.cj.protocol.StandardSocketFactory.connect(StandardSocketFactory.java:155)
	at com.mysql.cj.protocol.a.NativeSocketConnection.connect(NativeSocketConnection.java:65)
	... 9 common frames omitted
10:44:51.148 ERROR o.s.a.i.SimpleAsyncUncaughtExceptionHandler[line:39] - Unexpected exception occurred invoking async method: public void com.exc.street.light.pb.timer.RadioTimer.updateDeviceStatus()
org.springframework.dao.RecoverableDataAccessException: 
### Error querying database.  Cause: com.mysql.cj.jdbc.exceptions.CommunicationsException: Communications link failure

The last packet successfully received from the server was 81,158 milliseconds ago. The last packet sent successfully to the server was 81,179 milliseconds ago.
### The error may exist in com/exc/street/light/pb/mapper/RadioDeviceDao.java (best guess)
### The error may involve defaultParameterMap
### The error occurred while setting parameters
### SQL: SELECT   id,term_id   FROM radio_device
### Cause: com.mysql.cj.jdbc.exceptions.CommunicationsException: Communications link failure

The last packet successfully received from the server was 81,158 milliseconds ago. The last packet sent successfully to the server was 81,179 milliseconds ago.
; Communications link failure

The last packet successfully received from the server was 81,158 milliseconds ago. The last packet sent successfully to the server was 81,179 milliseconds ago.; nested exception is com.mysql.cj.jdbc.exceptions.CommunicationsException: Communications link failure

The last packet successfully received from the server was 81,158 milliseconds ago. The last packet sent successfully to the server was 81,179 milliseconds ago.
	at org.springframework.jdbc.support.SQLExceptionSubclassTranslator.doTranslate(SQLExceptionSubclassTranslator.java:100)
	at org.springframework.jdbc.support.AbstractFallbackSQLExceptionTranslator.translate(AbstractFallbackSQLExceptionTranslator.java:72)
	at org.springframework.jdbc.support.AbstractFallbackSQLExceptionTranslator.translate(AbstractFallbackSQLExceptionTranslator.java:81)
	at org.mybatis.spring.MyBatisExceptionTranslator.translateExceptionIfPossible(MyBatisExceptionTranslator.java:73)
	at org.mybatis.spring.SqlSessionTemplate$SqlSessionInterceptor.invoke(SqlSessionTemplate.java:446)
	at com.sun.proxy.$Proxy121.selectList(Unknown Source)
	at org.mybatis.spring.SqlSessionTemplate.selectList(SqlSessionTemplate.java:230)
	at com.baomidou.mybatisplus.core.override.MybatisMapperMethod.executeForMany(MybatisMapperMethod.java:168)
	at com.baomidou.mybatisplus.core.override.MybatisMapperMethod.execute(MybatisMapperMethod.java:82)
	at com.baomidou.mybatisplus.core.override.MybatisMapperProxy.invoke(MybatisMapperProxy.java:61)
	at com.sun.proxy.$Proxy124.selectList(Unknown Source)
	at sun.reflect.GeneratedMethodAccessor153.invoke(Unknown Source)
	at sun.reflect.DelegatingMethodAccessorImpl.invoke(DelegatingMethodAccessorImpl.java:43)
	at java.lang.reflect.Method.invoke(Method.java:498)
	at org.springframework.aop.support.AopUtils.invokeJoinpointUsingReflection(AopUtils.java:344)
	at org.springframework.aop.framework.ReflectiveMethodInvocation.invokeJoinpoint(ReflectiveMethodInvocation.java:198)
	at org.springframework.aop.framework.ReflectiveMethodInvocation.proceed(ReflectiveMethodInvocation.java:163)
	at org.springframework.dao.support.PersistenceExceptionTranslationInterceptor.invoke(PersistenceExceptionTranslationInterceptor.java:139)
	at org.springframework.aop.framework.ReflectiveMethodInvocation.proceed(ReflectiveMethodInvocation.java:186)
	at org.springframework.aop.framework.JdkDynamicAopProxy.invoke(JdkDynamicAopProxy.java:212)
	at com.sun.proxy.$Proxy125.selectList(Unknown Source)
	at com.baomidou.mybatisplus.extension.service.impl.ServiceImpl.list(ServiceImpl.java:272)
	at com.exc.street.light.pb.service.impl.RadioDeviceServiceImpl.updateDeviceStatus(RadioDeviceServiceImpl.java:315)
	at com.exc.street.light.pb.service.impl.RadioDeviceServiceImpl$$FastClassBySpringCGLIB$$ae856f15.invoke(<generated>)
	at org.springframework.cglib.proxy.MethodProxy.invoke(MethodProxy.java:218)
	at org.springframework.aop.framework.CglibAopProxy$DynamicAdvisedInterceptor.intercept(CglibAopProxy.java:687)
	at com.exc.street.light.pb.service.impl.RadioDeviceServiceImpl$$EnhancerBySpringCGLIB$$72f72633.updateDeviceStatus(<generated>)
	at com.exc.street.light.pb.timer.RadioTimer.updateDeviceStatus(RadioTimer.java:44)
	at com.exc.street.light.pb.timer.RadioTimer$$FastClassBySpringCGLIB$$5cd53857.invoke(<generated>)
	at org.springframework.cglib.proxy.MethodProxy.invoke(MethodProxy.java:218)
	at org.springframework.aop.framework.CglibAopProxy$CglibMethodInvocation.invokeJoinpoint(CglibAopProxy.java:771)
	at org.springframework.aop.framework.ReflectiveMethodInvocation.proceed(ReflectiveMethodInvocation.java:163)
	at org.springframework.aop.framework.CglibAopProxy$CglibMethodInvocation.proceed(CglibAopProxy.java:749)
	at org.springframework.aop.interceptor.AsyncExecutionInterceptor.lambda$invoke$0(AsyncExecutionInterceptor.java:115)
	at java.util.concurrent.FutureTask.run$$$capture(FutureTask.java:266)
	at java.util.concurrent.FutureTask.run(FutureTask.java)
	at java.util.concurrent.ThreadPoolExecutor.runWorker(ThreadPoolExecutor.java:1142)
	at java.util.concurrent.ThreadPoolExecutor$Worker.run(ThreadPoolExecutor.java:617)
	at java.lang.Thread.run(Thread.java:745)
Caused by: com.mysql.cj.jdbc.exceptions.CommunicationsException: Communications link failure

The last packet successfully received from the server was 81,158 milliseconds ago. The last packet sent successfully to the server was 81,179 milliseconds ago.
	at com.mysql.cj.jdbc.exceptions.SQLError.createCommunicationsException(SQLError.java:174)
	at com.mysql.cj.jdbc.exceptions.SQLExceptionsMapping.translateException(SQLExceptionsMapping.java:64)
	at com.mysql.cj.jdbc.ClientPreparedStatement.executeInternal(ClientPreparedStatement.java:953)
	at com.mysql.cj.jdbc.ClientPreparedStatement.execute(ClientPreparedStatement.java:370)
	at com.alibaba.druid.pool.DruidPooledPreparedStatement.execute(DruidPooledPreparedStatement.java:497)
	at sun.reflect.GeneratedMethodAccessor144.invoke(Unknown Source)
	at sun.reflect.DelegatingMethodAccessorImpl.invoke(DelegatingMethodAccessorImpl.java:43)
	at java.lang.reflect.Method.invoke(Method.java:498)
	at org.apache.ibatis.logging.jdbc.PreparedStatementLogger.invoke(PreparedStatementLogger.java:59)
	at com.sun.proxy.$Proxy210.execute(Unknown Source)
	at org.apache.ibatis.executor.statement.PreparedStatementHandler.query(PreparedStatementHandler.java:64)
	at org.apache.ibatis.executor.statement.RoutingStatementHandler.query(RoutingStatementHandler.java:79)
	at sun.reflect.GeneratedMethodAccessor139.invoke(Unknown Source)
	at sun.reflect.DelegatingMethodAccessorImpl.invoke(DelegatingMethodAccessorImpl.java:43)
	at java.lang.reflect.Method.invoke(Method.java:498)
	at org.apache.ibatis.plugin.Invocation.proceed(Invocation.java:49)
	at com.baomidou.mybatisplus.extension.plugins.PerformanceInterceptor.intercept(PerformanceInterceptor.java:172)
	at org.apache.ibatis.plugin.Plugin.invoke(Plugin.java:61)
	at com.sun.proxy.$Proxy208.query(Unknown Source)
	at sun.reflect.GeneratedMethodAccessor139.invoke(Unknown Source)
	at sun.reflect.DelegatingMethodAccessorImpl.invoke(DelegatingMethodAccessorImpl.java:43)
	at java.lang.reflect.Method.invoke(Method.java:498)
	at org.apache.ibatis.plugin.Plugin.invoke(Plugin.java:63)
	at com.sun.proxy.$Proxy208.query(Unknown Source)
	at org.apache.ibatis.executor.SimpleExecutor.doQuery(SimpleExecutor.java:63)
	at org.apache.ibatis.executor.BaseExecutor.queryFromDatabase(BaseExecutor.java:324)
	at org.apache.ibatis.executor.BaseExecutor.query(BaseExecutor.java:156)
	at org.apache.ibatis.executor.CachingExecutor.query(CachingExecutor.java:109)
	at org.apache.ibatis.executor.CachingExecutor.query(CachingExecutor.java:83)
	at org.apache.ibatis.session.defaults.DefaultSqlSession.selectList(DefaultSqlSession.java:148)
	at org.apache.ibatis.session.defaults.DefaultSqlSession.selectList(DefaultSqlSession.java:141)
	at sun.reflect.GeneratedMethodAccessor154.invoke(Unknown Source)
	at sun.reflect.DelegatingMethodAccessorImpl.invoke(DelegatingMethodAccessorImpl.java:43)
	at java.lang.reflect.Method.invoke(Method.java:498)
	at org.mybatis.spring.SqlSessionTemplate$SqlSessionInterceptor.invoke(SqlSessionTemplate.java:433)
	... 34 common frames omitted
Caused by: com.mysql.cj.exceptions.CJCommunicationsException: Communications link failure

The last packet successfully received from the server was 81,158 milliseconds ago. The last packet sent successfully to the server was 81,179 milliseconds ago.
	at sun.reflect.NativeConstructorAccessorImpl.newInstance0(Native Method)
	at sun.reflect.NativeConstructorAccessorImpl.newInstance(NativeConstructorAccessorImpl.java:62)
	at sun.reflect.DelegatingConstructorAccessorImpl.newInstance(DelegatingConstructorAccessorImpl.java:45)
	at java.lang.reflect.Constructor.newInstance(Constructor.java:423)
	at com.mysql.cj.exceptions.ExceptionFactory.createException(ExceptionFactory.java:61)
	at com.mysql.cj.exceptions.ExceptionFactory.createException(ExceptionFactory.java:105)
	at com.mysql.cj.exceptions.ExceptionFactory.createException(ExceptionFactory.java:151)
	at com.mysql.cj.exceptions.ExceptionFactory.createCommunicationsException(ExceptionFactory.java:167)
	at com.mysql.cj.protocol.a.NativeProtocol.readMessage(NativeProtocol.java:539)
	at com.mysql.cj.protocol.a.NativeProtocol.checkErrorMessage(NativeProtocol.java:703)
	at com.mysql.cj.protocol.a.NativeProtocol.sendCommand(NativeProtocol.java:642)
	at com.mysql.cj.protocol.a.NativeProtocol.sendQueryPacket(NativeProtocol.java:941)
	at com.mysql.cj.NativeSession.execSQL(NativeSession.java:1075)
	at com.mysql.cj.jdbc.ClientPreparedStatement.executeInternal(ClientPreparedStatement.java:930)
	... 66 common frames omitted
Caused by: java.net.SocketTimeoutException: Read timed out
	at java.net.SocketInputStream.socketRead0(Native Method)
	at java.net.SocketInputStream.socketRead(SocketInputStream.java:116)
	at java.net.SocketInputStream.read(SocketInputStream.java:170)
	at java.net.SocketInputStream.read(SocketInputStream.java:141)
	at com.mysql.cj.protocol.ReadAheadInputStream.fill(ReadAheadInputStream.java:107)
	at com.mysql.cj.protocol.ReadAheadInputStream.readFromUnderlyingStreamIfNecessary(ReadAheadInputStream.java:150)
	at com.mysql.cj.protocol.ReadAheadInputStream.read(ReadAheadInputStream.java:180)
	at java.io.FilterInputStream.read(FilterInputStream.java:133)
	at com.mysql.cj.protocol.FullReadInputStream.readFully(FullReadInputStream.java:64)
	at com.mysql.cj.protocol.a.SimplePacketReader.readHeader(SimplePacketReader.java:63)
	at com.mysql.cj.protocol.a.SimplePacketReader.readHeader(SimplePacketReader.java:45)
	at com.mysql.cj.protocol.a.TimeTrackingPacketReader.readHeader(TimeTrackingPacketReader.java:52)
	at com.mysql.cj.protocol.a.TimeTrackingPacketReader.readHeader(TimeTrackingPacketReader.java:41)
	at com.mysql.cj.protocol.a.MultiPacketReader.readHeader(MultiPacketReader.java:54)
	at com.mysql.cj.protocol.a.MultiPacketReader.readHeader(MultiPacketReader.java:44)
	at com.mysql.cj.protocol.a.NativeProtocol.readMessage(NativeProtocol.java:533)
	... 71 common frames omitted
10:51:00.247 ERROR o.s.a.i.SimpleAsyncUncaughtExceptionHandler[line:39] - Unexpected exception occurred invoking async method: public void com.exc.street.light.electricity.service.impl.CanChannelServiceImpl.updateState(com.exc.street.light.resource.entity.electricity.ElectricityNode)
java.lang.NullPointerException: null
	at com.exc.street.light.electricity.service.impl.CanChannelServiceImpl.updateState(CanChannelServiceImpl.java:94)
	at com.exc.street.light.electricity.service.impl.CanChannelServiceImpl$$FastClassBySpringCGLIB$$85a7a502.invoke(<generated>)
	at org.springframework.cglib.proxy.MethodProxy.invoke(MethodProxy.java:218)
	at org.springframework.aop.framework.CglibAopProxy$CglibMethodInvocation.invokeJoinpoint(CglibAopProxy.java:771)
	at org.springframework.aop.framework.ReflectiveMethodInvocation.proceed(ReflectiveMethodInvocation.java:163)
	at org.springframework.aop.framework.CglibAopProxy$CglibMethodInvocation.proceed(CglibAopProxy.java:749)
	at org.springframework.aop.interceptor.AsyncExecutionInterceptor.lambda$invoke$0(AsyncExecutionInterceptor.java:115)
	at java.util.concurrent.FutureTask.run$$$capture(FutureTask.java:266)
	at java.util.concurrent.FutureTask.run(FutureTask.java)
	at java.util.concurrent.ThreadPoolExecutor.runWorker(ThreadPoolExecutor.java:1142)
	at java.util.concurrent.ThreadPoolExecutor$Worker.run(ThreadPoolExecutor.java:617)
	at java.lang.Thread.run(Thread.java:745)
16:23:14.901 ERROR c.e.s.l.s.base.util.HttpClientUtil[line:306] - Logger[com.exc.street.light.security.base.util.HttpClientUtil]--请求失败:Connect to 192.168.112.252:60029 [/192.168.112.252] failed: connect timed out
16:23:42.384 ERROR c.e.s.l.s.base.util.HttpClientUtil[line:306] - Logger[com.exc.street.light.security.base.util.HttpClientUtil]--请求失败:Connect to 192.168.112.252:60029 [/192.168.112.252] failed: connect timed out
16:23:46.990 ERROR c.e.s.l.s.base.util.HttpClientUtil[line:306] - Logger[com.exc.street.light.security.base.util.HttpClientUtil]--请求失败:Connect to 192.168.112.252:60029 [/192.168.112.252] failed: connect timed out
16:24:21.703 ERROR c.e.s.l.s.base.util.HttpClientUtil[line:306] - Logger[com.exc.street.light.security.base.util.HttpClientUtil]--请求失败:Connect to 192.168.112.17:60029 [/192.168.112.17] failed: connect timed out
16:24:26.992 ERROR c.e.s.l.s.base.util.HttpClientUtil[line:306] - Logger[com.exc.street.light.security.base.util.HttpClientUtil]--请求失败:Connect to 192.168.112.17:60029 [/192.168.112.17] failed: connect timed out
20:21:08.199 ERROR c.e.s.l.s.base.util.HttpClientUtil[line:306] - Logger[com.exc.street.light.security.base.util.HttpClientUtil]--请求失败:Connect to 192.168.112.252:60029 [/192.168.112.252] failed: connect timed out
20:21:09.417 ERROR c.e.s.l.s.base.util.HttpClientUtil[line:306] - Logger[com.exc.street.light.security.base.util.HttpClientUtil]--请求失败:Connect to 192.168.112.252:60029 [/192.168.112.252] failed: connect timed out
20:21:17.749 ERROR c.e.s.l.s.base.util.HttpClientUtil[line:306] - Logger[com.exc.street.light.security.base.util.HttpClientUtil]--请求失败:Connect to 192.168.112.252:60029 [/192.168.112.252] failed: connect timed out
20:22:05.048 ERROR c.e.s.l.s.base.util.HttpClientUtil[line:306] - Logger[com.exc.street.light.security.base.util.HttpClientUtil]--请求失败:Connect to 192.168.112.252:60029 [/192.168.112.252] failed: connect timed out
20:23:40.092 ERROR c.e.s.l.s.base.util.HttpClientUtil[line:306] - Logger[com.exc.street.light.security.base.util.HttpClientUtil]--请求失败:Connect to 192.168.112.252:60029 [/192.168.112.252] failed: connect timed out
20:23:40.092 ERROR c.e.s.l.s.base.util.HttpClientUtil[line:306] - Logger[com.exc.street.light.security.base.util.HttpClientUtil]--请求失败:Connect to 192.168.112.252:60029 [/192.168.112.252] failed: connect timed out
20:23:40.092 ERROR c.e.s.l.s.base.util.HttpClientUtil[line:306] - Logger[com.exc.street.light.security.base.util.HttpClientUtil]--请求失败:Connect to 192.168.112.252:60029 [/192.168.112.252] failed: connect timed out
20:23:40.092 ERROR c.e.s.l.s.base.util.HttpClientUtil[line:306] - Logger[com.exc.street.light.security.base.util.HttpClientUtil]--请求失败:Connect to 192.168.112.252:60029 [/192.168.112.252] failed: connect timed out
20:23:40.092 ERROR c.e.s.l.s.base.util.HttpClientUtil[line:306] - Logger[com.exc.street.light.security.base.util.HttpClientUtil]--请求失败:Connect to 192.168.112.252:60029 [/192.168.112.252] failed: connect timed out
20:23:40.883 ERROR c.e.s.l.s.base.util.HttpClientUtil[line:306] - Logger[com.exc.street.light.security.base.util.HttpClientUtil]--请求失败:Connect to 192.168.112.252:60029 [/192.168.112.252] failed: connect timed out
20:23:40.898 ERROR c.e.s.l.s.base.util.HttpClientUtil[line:306] - Logger[com.exc.street.light.security.base.util.HttpClientUtil]--请求失败:Connect to 192.168.112.252:60029 [/192.168.112.252] failed: connect timed out
20:23:42.939 ERROR c.e.s.l.s.base.util.HttpClientUtil[line:306] - Logger[com.exc.street.light.security.base.util.HttpClientUtil]--请求失败:Connect to 192.168.112.252:60029 [/192.168.112.252] failed: connect timed out
20:23:42.939 ERROR c.e.s.l.s.base.util.HttpClientUtil[line:306] - Logger[com.exc.street.light.security.base.util.HttpClientUtil]--请求失败:Connect to 192.168.112.252:60029 [/192.168.112.252] failed: connect timed out
20:23:51.824 ERROR c.e.s.l.s.base.util.HttpClientUtil[line:306] - Logger[com.exc.street.light.security.base.util.HttpClientUtil]--请求失败:Connect to 192.168.112.252:60029 [/192.168.112.252] failed: connect timed out
20:23:51.839 ERROR c.e.s.l.s.base.util.HttpClientUtil[line:306] - Logger[com.exc.street.light.security.base.util.HttpClientUtil]--请求失败:Connect to 192.168.112.252:60029 [/192.168.112.252] failed: connect timed out
20:24:04.007 ERROR c.e.s.l.s.base.util.HttpClientUtil[line:306] - Logger[com.exc.street.light.security.base.util.HttpClientUtil]--请求失败:Connect to 192.168.112.252:60029 [/192.168.112.252] failed: connect timed out
20:24:04.008 ERROR c.e.s.l.s.base.util.HttpClientUtil[line:306] - Logger[com.exc.street.light.security.base.util.HttpClientUtil]--请求失败:Connect to 192.168.112.252:60029 [/192.168.112.252] failed: connect timed out
20:24:04.022 ERROR c.e.s.l.s.base.util.HttpClientUtil[line:306] - Logger[com.exc.street.light.security.base.util.HttpClientUtil]--请求失败:Connect to 192.168.112.252:60029 [/192.168.112.252] failed: connect timed out
20:24:04.022 ERROR c.e.s.l.s.base.util.HttpClientUtil[line:306] - Logger[com.exc.street.light.security.base.util.HttpClientUtil]--请求失败:Connect to 192.168.112.252:60029 [/192.168.112.252] failed: connect timed out
20:24:04.022 ERROR c.e.s.l.s.base.util.HttpClientUtil[line:306] - Logger[com.exc.street.light.security.base.util.HttpClientUtil]--请求失败:Connect to 192.168.112.252:60029 [/192.168.112.252] failed: connect timed out
20:24:09.119 ERROR c.e.s.l.s.base.util.HttpClientUtil[line:306] - Logger[com.exc.street.light.security.base.util.HttpClientUtil]--请求失败:Connect to 192.168.112.252:60029 [/192.168.112.252] failed: connect timed out
20:24:14.784 ERROR c.e.s.l.s.base.util.HttpClientUtil[line:306] - Logger[com.exc.street.light.security.base.util.HttpClientUtil]--请求失败:Connect to 192.168.112.252:60029 [/192.168.112.252] failed: connect timed out
20:24:17.268 ERROR c.e.s.l.s.base.util.HttpClientUtil[line:306] - Logger[com.exc.street.light.security.base.util.HttpClientUtil]--请求失败:Connect to 192.168.112.252:60029 [/192.168.112.252] failed: connect timed out
20:24:17.268 ERROR c.e.s.l.s.base.util.HttpClientUtil[line:306] - Logger[com.exc.street.light.security.base.util.HttpClientUtil]--请求失败:Connect to 192.168.112.252:60029 [/192.168.112.252] failed: connect timed out
20:24:18.280 ERROR c.e.s.l.s.base.util.HttpClientUtil[line:306] - Logger[com.exc.street.light.security.base.util.HttpClientUtil]--请求失败:Connect to 192.168.112.252:60029 [/192.168.112.252] failed: connect timed out
20:24:18.295 ERROR c.e.s.l.s.base.util.HttpClientUtil[line:306] - Logger[com.exc.street.light.security.base.util.HttpClientUtil]--请求失败:Connect to 192.168.112.252:60029 [/192.168.112.252] failed: connect timed out
20:24:22.214 ERROR c.e.s.l.s.base.util.HttpClientUtil[line:306] - Logger[com.exc.street.light.security.base.util.HttpClientUtil]--请求失败:Connect to 192.168.112.252:60029 [/192.168.112.252] failed: connect timed out
20:27:10.630 ERROR o.a.c.c.C.[.[.[.[dispatcherServlet][line:175] - Servlet.service() for servlet [dispatcherServlet] in context with path [] threw exception [Request processing failed; nested exception is java.lang.ClassCastException: org.springframework.web.servlet.resource.ResourceHttpRequestHandler cannot be cast to org.springframework.web.method.HandlerMethod] with root cause
java.lang.ClassCastException: org.springframework.web.servlet.resource.ResourceHttpRequestHandler cannot be cast to org.springframework.web.method.HandlerMethod
	at com.exc.street.light.security.base.interceptor.AuthcInterceptor.preHandle(AuthcInterceptor.java:41)
	at org.springframework.web.servlet.HandlerExecutionChain.applyPreHandle(HandlerExecutionChain.java:141)
	at org.springframework.web.servlet.DispatcherServlet.doDispatch(DispatcherServlet.java:1035)
	at org.springframework.web.servlet.DispatcherServlet.doService(DispatcherServlet.java:943)
	at org.springframework.web.servlet.FrameworkServlet.processRequest(FrameworkServlet.java:1006)
	at org.springframework.web.servlet.FrameworkServlet.doGet(FrameworkServlet.java:898)
	at javax.servlet.http.HttpServlet.service(HttpServlet.java:634)
	at org.springframework.web.servlet.FrameworkServlet.service(FrameworkServlet.java:883)
	at javax.servlet.http.HttpServlet.service(HttpServlet.java:741)
	at org.apache.catalina.core.ApplicationFilterChain.internalDoFilter(ApplicationFilterChain.java:231)
	at org.apache.catalina.core.ApplicationFilterChain.doFilter(ApplicationFilterChain.java:166)
	at org.apache.tomcat.websocket.server.WsFilter.doFilter(WsFilter.java:53)
	at org.apache.catalina.core.ApplicationFilterChain.internalDoFilter(ApplicationFilterChain.java:193)
	at org.apache.catalina.core.ApplicationFilterChain.doFilter(ApplicationFilterChain.java:166)
	at org.springframework.web.filter.RequestContextFilter.doFilterInternal(RequestContextFilter.java:100)
	at org.springframework.web.filter.OncePerRequestFilter.doFilter(OncePerRequestFilter.java:119)
	at org.apache.catalina.core.ApplicationFilterChain.internalDoFilter(ApplicationFilterChain.java:193)
	at org.apache.catalina.core.ApplicationFilterChain.doFilter(ApplicationFilterChain.java:166)
	at org.springframework.web.filter.FormContentFilter.doFilterInternal(FormContentFilter.java:93)
	at org.springframework.web.filter.OncePerRequestFilter.doFilter(OncePerRequestFilter.java:119)
	at org.apache.catalina.core.ApplicationFilterChain.internalDoFilter(ApplicationFilterChain.java:193)
	at org.apache.catalina.core.ApplicationFilterChain.doFilter(ApplicationFilterChain.java:166)
	at org.springframework.boot.actuate.metrics.web.servlet.WebMvcMetricsFilter.doFilterInternal(WebMvcMetricsFilter.java:109)
	at org.springframework.web.filter.OncePerRequestFilter.doFilter(OncePerRequestFilter.java:119)
	at org.apache.catalina.core.ApplicationFilterChain.internalDoFilter(ApplicationFilterChain.java:193)
	at org.apache.catalina.core.ApplicationFilterChain.doFilter(ApplicationFilterChain.java:166)
	at org.springframework.web.filter.CharacterEncodingFilter.doFilterInternal(CharacterEncodingFilter.java:201)
	at org.springframework.web.filter.OncePerRequestFilter.doFilter(OncePerRequestFilter.java:119)
	at org.apache.catalina.core.ApplicationFilterChain.internalDoFilter(ApplicationFilterChain.java:193)
	at org.apache.catalina.core.ApplicationFilterChain.doFilter(ApplicationFilterChain.java:166)
	at org.apache.catalina.core.StandardWrapperValve.invoke(StandardWrapperValve.java:202)
	at org.apache.catalina.core.StandardContextValve.invoke(StandardContextValve.java:96)
	at org.apache.catalina.authenticator.AuthenticatorBase.invoke(AuthenticatorBase.java:541)
	at org.apache.catalina.core.StandardHostValve.invoke(StandardHostValve.java:139)
	at org.apache.catalina.valves.ErrorReportValve.invoke(ErrorReportValve.java:92)
	at org.apache.catalina.core.StandardEngineValve.invoke(StandardEngineValve.java:74)
	at org.apache.catalina.connector.CoyoteAdapter.service(CoyoteAdapter.java:343)
	at org.apache.coyote.http11.Http11Processor.service(Http11Processor.java:373)
	at org.apache.coyote.AbstractProcessorLight.process(AbstractProcessorLight.java:65)
	at org.apache.coyote.AbstractProtocol$ConnectionHandler.process(AbstractProtocol.java:868)
	at org.apache.tomcat.util.net.NioEndpoint$SocketProcessor.doRun(NioEndpoint.java:1594)
	at org.apache.tomcat.util.net.SocketProcessorBase.run(SocketProcessorBase.java:49)
	at java.util.concurrent.ThreadPoolExecutor.runWorker(ThreadPoolExecutor.java:1142)
	at java.util.concurrent.ThreadPoolExecutor$Worker.run(ThreadPoolExecutor.java:617)
	at org.apache.tomcat.util.threads.TaskThread$WrappingRunnable.run(TaskThread.java:61)
	at java.lang.Thread.run(Thread.java:745)
21:00:00.051 ERROR c.e.s.light.dlm.utils.AnalysisUtil[line:294] - 获取网关电表数据响应,数据长度有误(!=94*n),长度=92,protocol=[-17, -17, 0, 20, -105, 50, 112, 114, 42, 0, 0, 92, 67, 18, -77, 51, 67, 18, -77, 51, 0, 0, 0, 0, 0, 0, 0, 22, 0, 0, 0, 0, 67, 104, 111, 66, 0, 0, 0, 0, 0, 0, 0, 0, 63, 2, 77, -45, 0, 0, 0, 0, 0, 0, 0, 0, 61, -81, -46, 33, -67, -93, -41, 10, 61, -16, 79, -11, 63, 59, 76, 94, 0, 0, 0, 0, 0, 0, 0, 0, 0, 0, 0, 0, 63, -128, 0, 0, 0, 0, 0, 0, 0, 0, 0, 0, 0, 0, 0, 0, 63, -128, 0, 0, -49, 93, 13]
21:00:00.052 ERROR c.e.s.light.dlm.utils.SocketClient[line:62] - socket连接异常:port out of range:80086
21:00:03.062 ERROR c.e.s.light.dlm.utils.SocketClient[line:62] - socket连接异常:connect timed out
22:00:00.053 ERROR c.e.s.light.dlm.utils.AnalysisUtil[line:294] - 获取网关电表数据响应,数据长度有误(!=94*n),长度=92,protocol=[-17, -17, 0, 20, -105, 50, 112, 114, 42, 0, 0, 92, 67, 18, -52, -51, 67, 18, -52, -51, 0, 0, 0, 0, 0, 0, 0, 11, 0, 0, 0, 0, 67, 106, 96, 45, 0, 0, 0, 0, 0, 0, 0, 0, 63, 3, -107, -127, 0, 0, 0, 0, 0, 0, 0, 0, 61, -80, 79, -11, -67, -85, 49, 60, 61, -11, -67, 82, 63, 55, -84, -126, 0, 0, 0, 0, 0, 0, 0, 0, 0, 0, 0, 0, 63, -128, 0, 0, 0, 0, 0, 0, 0, 0, 0, 0, 0, 0, 0, 0, 63, -128, 0, 0, -124, 27, 13]
22:00:00.054 ERROR c.e.s.light.dlm.utils.SocketClient[line:62] - socket连接异常:port out of range:80086
22:00:03.064 ERROR c.e.s.light.dlm.utils.SocketClient[line:62] - socket连接异常:connect timed out
23:00:00.070 ERROR c.e.s.light.dlm.utils.AnalysisUtil[line:294] - 获取网关电表数据响应,数据长度有误(!=94*n),长度=92,protocol=[-17, -17, 0, 20, -105, 50, 112, 114, 42, 0, 0, 92, 67, 18, -26, 102, 67, 18, -26, 102, 0, 0, 0, 0, 0, 0, 0, 49, 0, 0, 0, 0, 67, 108, -87, -109, 0, 0, 0, 0, 0, 0, 0, 0, 63, 6, 36, -35, 0, 0, 0, 0, 0, 0, 0, 0, 61, -79, -24, -26, -67, -77, -1, -83, 61, -3, 18, 70, 63, 51, -9, -16, 0, 0, 0, 0, 0, 0, 0, 0, 0, 0, 0, 0, 63, -128, 0, 0, 0, 0, 0, 0, 0, 0, 0, 0, 0, 0, 0, 0, 63, -128, 0, 0, 88, -42, 13]
23:00:00.071 ERROR c.e.s.light.dlm.utils.SocketClient[line:62] - socket连接异常:port out of range:80086
23:00:03.086 ERROR c.e.s.light.dlm.utils.SocketClient[line:62] - socket连接异常:connect timed out
